bringing up nodes...
bringing up nodes...

s...s..................................................ssss............. [  5%]
..................ss...............ssssssss............sssssssssssss.... [ 11%]
.sssssssssssssssssss.....ssssssss....................................sss [ 16%]
ssssss.................................................................. [ 22%]
........................................................................ [ 27%]
...................................................s...s.........sss.... [ 33%]
......s..sssss.......................................................... [ 39%]
..ssss...................s.....................s..s..................... [ 44%]
...............................xx....................................... [ 50%]
........................................................................ [ 55%]
...................s.....................x.............................. [ 61%]
.........s.....................................s........................ [ 67%]
........s................................s.................x.........x.. [ 72%]
..s..x.............................s................................s... [ 78%]
.............................s................................s......... [ 83%]
....ss.ssx...ssss.sss..s..s.s.s...s.ssssssssssssssssss.sss.sss.ss.ss.... [ 89%]
................xxx..................................................... [ 94%]
..s...........xX.s..............s...................s............        [100%]
=============================== warnings summary ===============================
tests/test_dvc_caching.py: 13 warnings
  /global/scratch/fsa/fc_jevons/ligon/mirrors/LSMS_Library/lsms_library/country.py:1035: UserWarning: Country directory not found for 'TestCountry'
    warnings.warn(f"Country directory not found for {country_name!r}")

tests/test_uganda_v_grain_invariants.py: 2 warnings
tests/test_locality_deprecation.py: 2 warnings
tests/test_canonical_shape_via_cache_miss.py: 6 warnings
tests/test_add_market_index_dedup.py: 3 warnings
tests/test_sample.py: 7 warnings
tests/test_age_dtype_consistency.py: 2 warnings
  /global/scratch/fsa/fc_jevons/ligon/mirrors/LSMS_Library/.venv/lib/python3.11/site-packages/ligonlibrary/dataframes.py:435: RuntimeWarning: Issue with categorical mapping: h1bq1
    warnings.warn(f"Issue with categorical mapping: {var}", RuntimeWarning)

tests/test_uganda_v_grain_invariants.py: 2 warnings
tests/test_locality_deprecation.py: 2 warnings
tests/test_canonical_shape_via_cache_miss.py: 6 warnings
tests/test_add_market_index_dedup.py: 3 warnings
tests/test_sample.py: 7 warnings
tests/test_age_dtype_consistency.py: 2 warnings
  /global/scratch/fsa/fc_jevons/ligon/mirrors/LSMS_Library/.venv/lib/python3.11/site-packages/ligonlibrary/dataframes.py:435: RuntimeWarning: Issue with categorical mapping: h1bq3
    warnings.warn(f"Issue with categorical mapping: {var}", RuntimeWarning)

tests/test_uganda_v_grain_invariants.py::TestVEncodingMatchesAcrossTables::test_sample_v_matches_cluster_features_v[2005-06]
tests/test_locality_deprecation.py::test_legacy_locality_shape
  /global/scratch/fsa/fc_jevons/ligon/mirrors/LSMS_Library/lsms_library/country.py:3464: RuntimeWarning: Canonical index over ['t', 'v'] had 3168 duplicate tuple(s); collapsed via groupby().first(), dropping those rows (possible silent data loss — GH #323).
    warnings.warn(

tests/test_uganda_v_grain_invariants.py::TestVEncodingMatchesAcrossTables::test_sample_v_matches_cluster_features_v[2005-06]
tests/test_locality_deprecation.py::test_legacy_locality_shape
  /global/scratch/fsa/fc_jevons/ligon/mirrors/LSMS_Library/lsms_library/country.py:3464: RuntimeWarning: Canonical index over ['t', 'v'] had 2657 duplicate tuple(s); collapsed via groupby().first(), dropping those rows (possible silent data loss — GH #323).
    warnings.warn(

tests/test_uganda_v_grain_invariants.py::TestVEncodingMatchesAcrossTables::test_sample_v_matches_cluster_features_v[2005-06]
tests/test_locality_deprecation.py::test_legacy_locality_shape
  /global/scratch/fsa/fc_jevons/ligon/mirrors/LSMS_Library/lsms_library/country.py:3464: RuntimeWarning: Canonical index over ['t', 'v'] had 2392 duplicate tuple(s); collapsed via groupby().first(), dropping those rows (possible silent data loss — GH #323).
    warnings.warn(

tests/test_uganda_v_grain_invariants.py::TestVEncodingMatchesAcrossTables::test_sample_v_matches_cluster_features_v[2005-06]
tests/test_locality_deprecation.py::test_legacy_locality_shape
  /global/scratch/fsa/fc_jevons/ligon/mirrors/LSMS_Library/lsms_library/country.py:3464: RuntimeWarning: Canonical index over ['t', 'v'] had 2529 duplicate tuple(s); collapsed via groupby().first(), dropping those rows (possible silent data loss — GH #323).
    warnings.warn(

tests/test_uganda_v_grain_invariants.py::TestVEncodingMatchesAcrossTables::test_sample_v_matches_cluster_features_v[2005-06]
tests/test_locality_deprecation.py::test_legacy_locality_shape
  /global/scratch/fsa/fc_jevons/ligon/mirrors/LSMS_Library/lsms_library/country.py:3464: RuntimeWarning: Canonical index over ['t', 'v'] had 2412 duplicate tuple(s); collapsed via groupby().first(), dropping those rows (possible silent data loss — GH #323).
    warnings.warn(

tests/test_uganda_v_grain_invariants.py::TestVEncodingMatchesAcrossTables::test_sample_v_matches_cluster_features_v[2005-06]
tests/test_locality_deprecation.py::test_legacy_locality_shape
  /global/scratch/fsa/fc_jevons/ligon/mirrors/LSMS_Library/lsms_library/country.py:3464: RuntimeWarning: Canonical index over ['t', 'v'] had 2430 duplicate tuple(s); collapsed via groupby().first(), dropping those rows (possible silent data loss — GH #323).
    warnings.warn(

tests/test_uganda_v_grain_invariants.py::TestVEncodingMatchesAcrossTables::test_sample_v_matches_cluster_features_v[2005-06]
tests/test_locality_deprecation.py::test_legacy_locality_shape
  /global/scratch/fsa/fc_jevons/ligon/mirrors/LSMS_Library/lsms_library/country.py:3464: RuntimeWarning: Canonical index over ['t', 'v'] had 2425 duplicate tuple(s); collapsed via groupby().first(), dropping those rows (possible silent data loss — GH #323).
    warnings.warn(

tests/test_age_dtype_consistency.py::test_age_dtype_is_float64[Albania]
tests/test_age_dtype_consistency.py::test_age_no_negative_values[Albania]
  /global/scratch/fsa/fc_jevons/ligon/mirrors/LSMS_Library/lsms_library/country.py:1888: UserWarning: Unknown relationship labels (add to kinship.yml): ['Father / mother-in-law', 'Grandfather / Mother', 'brother/sister in-law', 'father/mother in-law']
    df = _expand_kinship(df)

tests/test_canonical_shape_via_cache_miss.py::test_canonical_shape_via_cache_miss[PR230_Guyana_household_characteristics]
tests/test_age_dtype_consistency.py::test_age_dtype_is_float64[Guyana]
tests/test_age_dtype_consistency.py::test_age_no_negative_values[Guyana]
  /global/scratch/fsa/fc_jevons/ligon/mirrors/LSMS_Library/lsms_library/country.py:3464: RuntimeWarning: Canonical index over ['t', 'i', 'pid'] had 888 duplicate tuple(s); collapsed via groupby().first(), dropping those rows (possible silent data loss — GH #323).
    warnings.warn(

tests/test_canonical_shape_via_cache_miss.py::test_canonical_shape_via_cache_miss[PR230_Guyana_household_characteristics]
tests/test_sample.py::TestSample::test_index_is_i_t[Guyana]
tests/test_age_dtype_consistency.py::test_age_dtype_is_float64[Guyana]
tests/test_age_dtype_consistency.py::test_age_no_negative_values[Guyana]
  /global/scratch/fsa/fc_jevons/ligon/mirrors/LSMS_Library/lsms_library/country.py:3464: RuntimeWarning: Canonical index over ['i', 't'] had 792 duplicate tuple(s); collapsed via groupby().first(), dropping those rows (possible silent data loss — GH #323).
    warnings.warn(

tests/test_canonical_shape_via_cache_miss.py::test_canonical_shape_via_cache_miss[PR230_Guyana_household_characteristics]
tests/test_canonical_shape_via_cache_miss.py::test_canonical_shape_via_cache_miss[PR230_Azerbaijan_household_characteristics]
tests/test_canonical_shape_via_cache_miss.py::test_canonical_shape_via_cache_miss[PR230_Serbia_and_Montenegro_household_characteristics]
  /global/scratch/fsa/fc_jevons/ligon/mirrors/LSMS_Library/lsms_library/diagnostics.py:872: UserWarning: household_characteristics: replaced 448 roster rows with NaN in one of ['t', 'v', 'i'] (typically v) by sentinel 'Mover' -- per-wave: {'2009-10': 110, '2013-14': 7, '2018-19': 328, '2019-20': 3}.  These are usually movers / split-offs whose sample() row lacks a cluster code.  Filter on index.get_level_values('v') == 'Mover' to recover the legacy drop (GH #197, GH #268).
    ref_df = ref_method()

tests/test_sample.py::TestSample::test_index_is_i_t[Albania]
tests/test_sample.py::TestSample::test_index_is_i_t[Albania]
tests/test_sample.py::TestSample::test_index_is_i_t[Albania]
tests/test_sample.py::TestSample::test_index_is_i_t[Albania]
tests/test_sample.py::TestSample::test_index_is_i_t[Albania]
tests/test_sample.py::TestSample::test_index_is_i_t[Albania]
  /global/scratch/fsa/fc_jevons/ligon/mirrors/LSMS_Library/lsms_library/country.py:854: UserWarning: Makefile not found in /global/scratch/fsa/fc_jevons/ligon/mirrors/LSMS_Library/lsms_library/countries/Albania/_. Unable to generate required data.
    warnings.warn(f"Makefile not found in {makefile_path.parent}. Unable to generate required data.")

tests/test_age_dtype_consistency.py::test_age_dtype_is_float64[Benin]
tests/test_age_dtype_consistency.py::test_age_no_negative_values[Benin]
  /global/scratch/fsa/fc_jevons/ligon/mirrors/LSMS_Library/lsms_library/local_tools.py:1012: UserWarning: Refusing workspace copy of DVC-tracked file Benin/2018-19/Data/s01_me_ben2018.dta (sister .dvc sidecar exists). The package tree must not contain DVC-tracked data; falling through to the DVC cache path. Clean up with: find lsms_library/countries -type f -name '*.dta' -execdir test -e '{}.dvc' \; -print -delete
    df = get_dataframe(fn,convert_categoricals=convert_categoricals,encoding=encoding)

tests/test_sample.py::TestSample::test_index_is_i_t[EthiopiaRHS]
tests/test_age_dtype_consistency.py::test_age_dtype_is_float64[EthiopiaRHS]
tests/test_age_dtype_consistency.py::test_age_dtype_is_float64[EthiopiaRHS]
tests/test_age_dtype_consistency.py::test_age_no_negative_values[EthiopiaRHS]
tests/test_age_dtype_consistency.py::test_age_no_negative_values[EthiopiaRHS]
  /global/scratch/fsa/fc_jevons/ligon/mirrors/LSMS_Library/lsms_library/local_tools.py:1012: UserWarning: Refusing workspace copy of DVC-tracked file EthiopiaRHS/1989/Data/demog89_1.dta (sister .dvc sidecar exists). The package tree must not contain DVC-tracked data; falling through to the DVC cache path. Clean up with: find lsms_library/countries -type f -name '*.dta' -execdir test -e '{}.dvc' \; -print -delete
    df = get_dataframe(fn,convert_categoricals=convert_categoricals,encoding=encoding)

tests/test_sample.py::TestSample::test_index_is_i_t[EthiopiaRHS]
tests/test_age_dtype_consistency.py::test_age_dtype_is_float64[EthiopiaRHS]
tests/test_age_dtype_consistency.py::test_age_dtype_is_float64[EthiopiaRHS]
tests/test_age_dtype_consistency.py::test_age_no_negative_values[EthiopiaRHS]
tests/test_age_dtype_consistency.py::test_age_no_negative_values[EthiopiaRHS]
  /global/scratch/fsa/fc_jevons/ligon/mirrors/LSMS_Library/lsms_library/local_tools.py:1012: UserWarning: Refusing workspace copy of DVC-tracked file EthiopiaRHS/1994a/Data/demo123.dta (sister .dvc sidecar exists). The package tree must not contain DVC-tracked data; falling through to the DVC cache path. Clean up with: find lsms_library/countries -type f -name '*.dta' -execdir test -e '{}.dvc' \; -print -delete
    df = get_dataframe(fn,convert_categoricals=convert_categoricals,encoding=encoding)

tests/test_sample.py::TestSample::test_index_is_i_t[EthiopiaRHS]
tests/test_age_dtype_consistency.py::test_age_dtype_is_float64[EthiopiaRHS]
tests/test_age_dtype_consistency.py::test_age_dtype_is_float64[EthiopiaRHS]
tests/test_age_dtype_consistency.py::test_age_no_negative_values[EthiopiaRHS]
tests/test_age_dtype_consistency.py::test_age_no_negative_values[EthiopiaRHS]
  /global/scratch/fsa/fc_jevons/ligon/mirrors/LSMS_Library/lsms_library/local_tools.py:1012: UserWarning: Refusing workspace copy of DVC-tracked file EthiopiaRHS/1994b/Data/demo123.dta (sister .dvc sidecar exists). The package tree must not contain DVC-tracked data; falling through to the DVC cache path. Clean up with: find lsms_library/countries -type f -name '*.dta' -execdir test -e '{}.dvc' \; -print -delete
    df = get_dataframe(fn,convert_categoricals=convert_categoricals,encoding=encoding)

tests/test_sample.py::TestSample::test_index_is_i_t[EthiopiaRHS]
tests/test_age_dtype_consistency.py::test_age_dtype_is_float64[EthiopiaRHS]
tests/test_age_dtype_consistency.py::test_age_dtype_is_float64[EthiopiaRHS]
tests/test_age_dtype_consistency.py::test_age_no_negative_values[EthiopiaRHS]
tests/test_age_dtype_consistency.py::test_age_no_negative_values[EthiopiaRHS]
  /global/scratch/fsa/fc_jevons/ligon/mirrors/LSMS_Library/lsms_library/local_tools.py:1012: UserWarning: Refusing workspace copy of DVC-tracked file EthiopiaRHS/1995/Data/demo123.dta (sister .dvc sidecar exists). The package tree must not contain DVC-tracked data; falling through to the DVC cache path. Clean up with: find lsms_library/countries -type f -name '*.dta' -execdir test -e '{}.dvc' \; -print -delete
    df = get_dataframe(fn,convert_categoricals=convert_categoricals,encoding=encoding)

tests/test_sample.py::TestSample::test_index_is_i_t[EthiopiaRHS]
tests/test_age_dtype_consistency.py::test_age_dtype_is_float64[EthiopiaRHS]
tests/test_age_dtype_consistency.py::test_age_dtype_is_float64[EthiopiaRHS]
tests/test_age_dtype_consistency.py::test_age_no_negative_values[EthiopiaRHS]
tests/test_age_dtype_consistency.py::test_age_no_negative_values[EthiopiaRHS]
  /global/scratch/fsa/fc_jevons/ligon/mirrors/LSMS_Library/lsms_library/local_tools.py:1012: UserWarning: Refusing workspace copy of DVC-tracked file EthiopiaRHS/1997/Data/age_sex_r4.dta (sister .dvc sidecar exists). The package tree must not contain DVC-tracked data; falling through to the DVC cache path. Clean up with: find lsms_library/countries -type f -name '*.dta' -execdir test -e '{}.dvc' \; -print -delete
    df = get_dataframe(fn,convert_categoricals=convert_categoricals,encoding=encoding)

tests/test_sample.py::TestSample::test_index_is_i_t[EthiopiaRHS]
tests/test_age_dtype_consistency.py::test_age_dtype_is_float64[EthiopiaRHS]
tests/test_age_dtype_consistency.py::test_age_dtype_is_float64[EthiopiaRHS]
tests/test_age_dtype_consistency.py::test_age_no_negative_values[EthiopiaRHS]
tests/test_age_dtype_consistency.py::test_age_no_negative_values[EthiopiaRHS]
  /global/scratch/fsa/fc_jevons/ligon/mirrors/LSMS_Library/lsms_library/local_tools.py:1012: UserWarning: Refusing workspace copy of DVC-tracked file EthiopiaRHS/1999/Data/roster.tab (sister .dvc sidecar exists). The package tree must not contain DVC-tracked data; falling through to the DVC cache path. Clean up with: find lsms_library/countries -type f -name '*.dta' -execdir test -e '{}.dvc' \; -print -delete
    df = get_dataframe(fn,convert_categoricals=convert_categoricals,encoding=encoding)

tests/test_sample.py::TestSample::test_index_is_i_t[EthiopiaRHS]
tests/test_age_dtype_consistency.py::test_age_dtype_is_float64[EthiopiaRHS]
tests/test_age_dtype_consistency.py::test_age_no_negative_values[EthiopiaRHS]
  /global/scratch/fsa/fc_jevons/ligon/mirrors/LSMS_Library/lsms_library/local_tools.py:1012: UserWarning: Refusing workspace copy of DVC-tracked file EthiopiaRHS/2004/Data/consumptionaggregates_123456.tab (sister .dvc sidecar exists). The package tree must not contain DVC-tracked data; falling through to the DVC cache path. Clean up with: find lsms_library/countries -type f -name '*.dta' -execdir test -e '{}.dvc' \; -print -delete
    df = get_dataframe(fn,convert_categoricals=convert_categoricals,encoding=encoding)

tests/test_sample.py::TestSample::test_index_is_i_t[EthiopiaRHS]
tests/test_age_dtype_consistency.py::test_age_dtype_is_float64[EthiopiaRHS]
tests/test_age_dtype_consistency.py::test_age_no_negative_values[EthiopiaRHS]
  /global/scratch/fsa/fc_jevons/ligon/mirrors/LSMS_Library/lsms_library/local_tools.py:1012: UserWarning: Refusing workspace copy of DVC-tracked file EthiopiaRHS/2009/Data/consumptionAggrgates_r7.tab (sister .dvc sidecar exists). The package tree must not contain DVC-tracked data; falling through to the DVC cache path. Clean up with: find lsms_library/countries -type f -name '*.dta' -execdir test -e '{}.dvc' \; -print -delete
    df = get_dataframe(fn,convert_categoricals=convert_categoricals,encoding=encoding)

tests/test_sample.py::TestSample::test_index_is_i_t[GhanaLSS]
tests/test_age_dtype_consistency.py::test_age_dtype_is_float64[GhanaLSS]
tests/test_canonical_shape_via_cache_miss.py::test_canonical_shape_via_cache_miss[PR243_GhanaLSS_food_acquired]
tests/test_age_dtype_consistency.py::test_age_no_negative_values[GhanaLSS]
  /global/scratch/fsa/fc_jevons/ligon/mirrors/LSMS_Library/lsms_library/country.py:3464: RuntimeWarning: Canonical index over ['i', 't'] had 2 duplicate tuple(s); collapsed via groupby().first(), dropping those rows (possible silent data loss — GH #323).
    warnings.warn(

tests/test_sample.py::TestSample::test_index_is_i_t[Kazakhstan]
tests/test_age_dtype_consistency.py::test_age_dtype_is_float64[Kazakhstan]
tests/test_age_dtype_consistency.py::test_age_no_negative_values[Kazakhstan]
  /global/scratch/fsa/fc_jevons/ligon/mirrors/LSMS_Library/lsms_library/country.py:3464: RuntimeWarning: Canonical index over ['i', 't'] had 5228 duplicate tuple(s); collapsed via groupby().first(), dropping those rows (possible silent data loss — GH #323).
    warnings.warn(

tests/test_sample.py::TestSample::test_index_is_i_t[Malawi]
tests/test_sample.py::TestSample::test_index_is_i_t[Malawi]
tests/test_sample.py::TestSample::test_index_is_i_t[Malawi]
tests/test_age_dtype_consistency.py::test_age_dtype_is_float64[Malawi]
tests/test_age_dtype_consistency.py::test_age_dtype_is_float64[Malawi]
tests/test_age_dtype_consistency.py::test_age_dtype_is_float64[Malawi]
tests/test_age_dtype_consistency.py::test_age_no_negative_values[Malawi]
tests/test_age_dtype_consistency.py::test_age_no_negative_values[Malawi]
tests/test_age_dtype_consistency.py::test_age_no_negative_values[Malawi]
  /global/scratch/fsa/fc_jevons/ligon/mirrors/LSMS_Library/.venv/lib/python3.11/site-packages/ligonlibrary/dataframes.py:435: RuntimeWarning: Issue with categorical mapping: hh_a22
    warnings.warn(f"Issue with categorical mapping: {var}", RuntimeWarning)

tests/test_sample.py::TestSample::test_index_is_i_t[Malawi]
tests/test_sample.py::TestSample::test_index_is_i_t[Malawi]
tests/test_sample.py::TestSample::test_index_is_i_t[Malawi]
tests/test_age_dtype_consistency.py::test_age_dtype_is_float64[Malawi]
tests/test_age_dtype_consistency.py::test_age_dtype_is_float64[Malawi]
tests/test_age_dtype_consistency.py::test_age_dtype_is_float64[Malawi]
tests/test_age_dtype_consistency.py::test_age_no_negative_values[Malawi]
tests/test_age_dtype_consistency.py::test_age_no_negative_values[Malawi]
tests/test_age_dtype_consistency.py::test_age_no_negative_values[Malawi]
  /global/scratch/fsa/fc_jevons/ligon/mirrors/LSMS_Library/.venv/lib/python3.11/site-packages/ligonlibrary/dataframes.py:435: RuntimeWarning: Issue with categorical mapping: hh_a23
    warnings.warn(f"Issue with categorical mapping: {var}", RuntimeWarning)

tests/test_sample.py::TestSample::test_index_is_i_t[Malawi]
tests/test_sample.py::TestSample::test_index_is_i_t[Malawi]
tests/test_age_dtype_consistency.py::test_age_dtype_is_float64[Malawi]
tests/test_age_dtype_consistency.py::test_age_dtype_is_float64[Malawi]
tests/test_age_dtype_consistency.py::test_age_no_negative_values[Malawi]
tests/test_age_dtype_consistency.py::test_age_no_negative_values[Malawi]
  /global/scratch/fsa/fc_jevons/ligon/mirrors/LSMS_Library/.venv/lib/python3.11/site-packages/ligonlibrary/dataframes.py:435: RuntimeWarning: Issue with categorical mapping: hh_a37
    warnings.warn(f"Issue with categorical mapping: {var}", RuntimeWarning)

tests/test_sample.py::TestSample::test_index_is_i_t[Malawi]
tests/test_sample.py::TestSample::test_index_is_i_t[Malawi]
tests/test_age_dtype_consistency.py::test_age_dtype_is_float64[Malawi]
tests/test_age_dtype_consistency.py::test_age_dtype_is_float64[Malawi]
tests/test_age_dtype_consistency.py::test_age_no_negative_values[Malawi]
tests/test_age_dtype_consistency.py::test_age_no_negative_values[Malawi]
  /global/scratch/fsa/fc_jevons/ligon/mirrors/LSMS_Library/.venv/lib/python3.11/site-packages/ligonlibrary/dataframes.py:435: RuntimeWarning: Issue with categorical mapping: hh_a40
    warnings.warn(f"Issue with categorical mapping: {var}", RuntimeWarning)

tests/test_sample.py::TestSample::test_index_is_i_t[Malawi]
tests/test_age_dtype_consistency.py::test_age_dtype_is_float64[Malawi]
tests/test_age_dtype_consistency.py::test_age_no_negative_values[Malawi]
  /global/scratch/fsa/fc_jevons/ligon/mirrors/LSMS_Library/lsms_library/country.py:3464: RuntimeWarning: Canonical index over ['i', 't'] had 60 duplicate tuple(s); collapsed via groupby().first(), dropping those rows (possible silent data loss — GH #323).
    warnings.warn(

tests/test_sample.py::TestSample::test_index_is_i_t[Mali]
tests/test_age_dtype_consistency.py::test_age_dtype_is_float64[Mali]
tests/test_age_dtype_consistency.py::test_age_dtype_is_float64[Mali]
tests/test_age_dtype_consistency.py::test_age_no_negative_values[Mali]
tests/test_age_dtype_consistency.py::test_age_no_negative_values[Mali]
  /global/scratch/fsa/fc_jevons/ligon/mirrors/LSMS_Library/.venv/lib/python3.11/site-packages/ligonlibrary/dataframes.py:416: UnicodeWarning: 
  One or more strings in the dta file could not be decoded using utf-8, and
  so the fallback encoding of latin-1 is being used.  This can happen when a file
  has been incorrectly encoded by Stata or some other software. You should verify
  the string values returned are correct.
    values = reader.value_labels()

tests/test_sample.py::TestSample::test_index_is_i_t[Mali]
tests/test_age_dtype_consistency.py::test_age_dtype_is_float64[Mali]
tests/test_age_dtype_consistency.py::test_age_no_negative_values[Mali]
  /global/scratch/fsa/fc_jevons/ligon/mirrors/LSMS_Library/lsms_library/country.py:3464: RuntimeWarning: Canonical index over ['i', 't'] had 8 duplicate tuple(s); collapsed via groupby().first(), dropping those rows (possible silent data loss — GH #323).
    warnings.warn(

tests/test_sample.py::TestSample::test_index_is_i_t[Niger]
tests/test_age_dtype_consistency.py::test_age_dtype_is_float64[Niger]
tests/test_age_dtype_consistency.py::test_age_no_negative_values[Niger]
  /global/scratch/fsa/fc_jevons/ligon/mirrors/LSMS_Library/lsms_library/country.py:3464: RuntimeWarning: Canonical index over ['i', 't'] had 59 duplicate tuple(s); collapsed via groupby().first(), dropping those rows (possible silent data loss — GH #323).
    warnings.warn(

tests/test_sample.py::TestSample::test_index_is_i_t[Nigeria]
tests/test_sample.py::TestSample::test_index_is_i_t[Nigeria]
tests/test_canonical_shape_via_cache_miss.py::test_canonical_shape_via_cache_miss[PR242_Nigeria_food_expenditures]
tests/test_canonical_shape_via_cache_miss.py::test_canonical_shape_via_cache_miss[PR242_Nigeria_food_expenditures]
tests/test_age_dtype_consistency.py::test_age_dtype_is_float64[Nigeria]
tests/test_age_dtype_consistency.py::test_age_dtype_is_float64[Nigeria]
tests/test_age_dtype_consistency.py::test_age_no_negative_values[Nigeria]
tests/test_age_dtype_consistency.py::test_age_no_negative_values[Nigeria]
  /global/scratch/fsa/fc_jevons/ligon/mirrors/LSMS_Library/.venv/lib/python3.11/site-packages/ligonlibrary/dataframes.py:435: RuntimeWarning: Issue with categorical mapping: saq13y
    warnings.warn(f"Issue with categorical mapping: {var}", RuntimeWarning)

tests/test_sample.py::TestSample::test_index_is_i_t[Nigeria]
tests/test_sample.py::TestSample::test_index_is_i_t[Nigeria]
tests/test_canonical_shape_via_cache_miss.py::test_canonical_shape_via_cache_miss[PR242_Nigeria_food_expenditures]
tests/test_canonical_shape_via_cache_miss.py::test_canonical_shape_via_cache_miss[PR242_Nigeria_food_expenditures]
tests/test_age_dtype_consistency.py::test_age_dtype_is_float64[Nigeria]
tests/test_age_dtype_consistency.py::test_age_dtype_is_float64[Nigeria]
tests/test_age_dtype_consistency.py::test_age_no_negative_values[Nigeria]
tests/test_age_dtype_consistency.py::test_age_no_negative_values[Nigeria]
  /global/scratch/fsa/fc_jevons/ligon/mirrors/LSMS_Library/.venv/lib/python3.11/site-packages/ligonlibrary/dataframes.py:435: RuntimeWarning: Issue with categorical mapping: saq16y
    warnings.warn(f"Issue with categorical mapping: {var}", RuntimeWarning)

tests/test_sample.py::TestSample::test_index_is_i_t[Nigeria]
tests/test_sample.py::TestSample::test_index_is_i_t[Nigeria]
tests/test_canonical_shape_via_cache_miss.py::test_canonical_shape_via_cache_miss[PR242_Nigeria_food_expenditures]
tests/test_canonical_shape_via_cache_miss.py::test_canonical_shape_via_cache_miss[PR242_Nigeria_food_expenditures]
tests/test_age_dtype_consistency.py::test_age_dtype_is_float64[Nigeria]
tests/test_age_dtype_consistency.py::test_age_dtype_is_float64[Nigeria]
tests/test_age_dtype_consistency.py::test_age_no_negative_values[Nigeria]
tests/test_age_dtype_consistency.py::test_age_no_negative_values[Nigeria]
  /global/scratch/fsa/fc_jevons/ligon/mirrors/LSMS_Library/.venv/lib/python3.11/site-packages/ligonlibrary/dataframes.py:435: RuntimeWarning: Issue with categorical mapping: tracked_obs
    warnings.warn(f"Issue with categorical mapping: {var}", RuntimeWarning)

tests/test_sample.py::TestSample::test_index_is_i_t[Serbia]
tests/test_age_dtype_consistency.py::test_age_dtype_is_float64[Serbia]
tests/test_age_dtype_consistency.py::test_age_no_negative_values[Serbia]
  /global/scratch/fsa/fc_jevons/ligon/mirrors/LSMS_Library/lsms_library/country.py:3464: RuntimeWarning: Canonical index over ['i', 't'] had 5805 duplicate tuple(s); collapsed via groupby().first(), dropping those rows (possible silent data loss — GH #323).
    warnings.warn(

tests/test_sample.py::TestSample::test_index_is_i_t[Timor-Leste]
tests/test_age_dtype_consistency.py::test_age_dtype_is_float64[Timor-Leste]
tests/test_age_dtype_consistency.py::test_age_no_negative_values[Timor-Leste]
  /global/scratch/fsa/fc_jevons/ligon/mirrors/LSMS_Library/.venv/lib/python3.11/site-packages/ligonlibrary/dataframes.py:435: RuntimeWarning: Issue with categorical mapping: s00_inte
    warnings.warn(f"Issue with categorical mapping: {var}", RuntimeWarning)

tests/test_sample.py::TestSample::test_index_is_i_t[Timor-Leste]
tests/test_age_dtype_consistency.py::test_age_dtype_is_float64[Timor-Leste]
tests/test_age_dtype_consistency.py::test_age_no_negative_values[Timor-Leste]
  /global/scratch/fsa/fc_jevons/ligon/mirrors/LSMS_Library/.venv/lib/python3.11/site-packages/ligonlibrary/dataframes.py:435: RuntimeWarning: Issue with categorical mapping: s00_supe
    warnings.warn(f"Issue with categorical mapping: {var}", RuntimeWarning)

tests/test_sample.py::TestSample::test_index_is_i_t[Timor-Leste]
tests/test_age_dtype_consistency.py::test_age_dtype_is_float64[Timor-Leste]
tests/test_age_dtype_consistency.py::test_age_no_negative_values[Timor-Leste]
  /global/scratch/fsa/fc_jevons/ligon/mirrors/LSMS_Library/.venv/lib/python3.11/site-packages/ligonlibrary/dataframes.py:435: RuntimeWarning: Issue with categorical mapping: s00_entr
    warnings.warn(f"Issue with categorical mapping: {var}", RuntimeWarning)

tests/test_age_dtype_consistency.py::test_age_dtype_is_float64[Burkina_Faso]
tests/test_age_dtype_consistency.py::test_age_no_negative_values[Burkina_Faso]
  /global/scratch/fsa/fc_jevons/ligon/mirrors/LSMS_Library/lsms_library/local_tools.py:1012: UserWarning: Refusing workspace copy of DVC-tracked file Burkina_Faso/2018-19/Data/s01_me_bfa2018.dta (sister .dvc sidecar exists). The package tree must not contain DVC-tracked data; falling through to the DVC cache path. Clean up with: find lsms_library/countries -type f -name '*.dta' -execdir test -e '{}.dvc' \; -print -delete
    df = get_dataframe(fn,convert_categoricals=convert_categoricals,encoding=encoding)

tests/test_age_dtype_consistency.py::test_age_dtype_is_float64[Burkina_Faso]
tests/test_age_dtype_consistency.py::test_age_no_negative_values[Burkina_Faso]
  /global/scratch/fsa/fc_jevons/ligon/mirrors/LSMS_Library/lsms_library/local_tools.py:1012: UserWarning: Refusing workspace copy of DVC-tracked file Burkina_Faso/2021-22/Data/s01_me_bfa2021.dta (sister .dvc sidecar exists). The package tree must not contain DVC-tracked data; falling through to the DVC cache path. Clean up with: find lsms_library/countries -type f -name '*.dta' -execdir test -e '{}.dvc' \; -print -delete
    df = get_dataframe(fn,convert_categoricals=convert_categoricals,encoding=encoding)

tests/test_age_dtype_consistency.py::test_age_dtype_is_float64[China]
tests/test_age_dtype_consistency.py::test_age_no_negative_values[China]
  /global/scratch/fsa/fc_jevons/ligon/mirrors/LSMS_Library/lsms_library/country.py:3464: RuntimeWarning: Canonical index over ['t', 'i', 'pid'] had 4 duplicate tuple(s); collapsed via groupby().first(), dropping those rows (possible silent data loss — GH #323).
    warnings.warn(

tests/test_sample.py::TestUganda2009MarketFallback::test_household_characteristics_retains_hybrid_v_HH
  /global/scratch/fsa/fc_jevons/ligon/mirrors/LSMS_Library/tests/test_sample.py:405: UserWarning: household_characteristics: replaced 448 roster rows with NaN in one of ['t', 'v', 'i'] (typically v) by sentinel 'Mover' -- per-wave: {'2009-10': 110, '2013-14': 7, '2018-19': 328, '2019-20': 3}.  These are usually movers / split-offs whose sample() row lacks a cluster code.  Filter on index.get_level_values('v') == 'Mover' to recover the legacy drop (GH #197, GH #268).
    return ll.Country("Uganda").household_characteristics(market="Region")

tests/test_age_dtype_consistency.py::test_age_dtype_is_float64[CotedIvoire]
tests/test_age_dtype_consistency.py::test_age_no_negative_values[CotedIvoire]
  /global/scratch/fsa/fc_jevons/ligon/mirrors/LSMS_Library/lsms_library/country.py:3464: RuntimeWarning: Canonical index over ['t', 'i', 'pid'] had 2 duplicate tuple(s); collapsed via groupby().first(), dropping those rows (possible silent data loss — GH #323).
    warnings.warn(

tests/test_age_dtype_consistency.py::test_age_dtype_is_float64[CotedIvoire]
tests/test_age_dtype_consistency.py::test_age_no_negative_values[CotedIvoire]
  /global/scratch/fsa/fc_jevons/ligon/mirrors/LSMS_Library/lsms_library/local_tools.py:1012: UserWarning: Refusing workspace copy of DVC-tracked file CotedIvoire/2018-19/Data/Menage/s01_me_CIV2018.dta (sister .dvc sidecar exists). The package tree must not contain DVC-tracked data; falling through to the DVC cache path. Clean up with: find lsms_library/countries -type f -name '*.dta' -execdir test -e '{}.dvc' \; -print -delete
    df = get_dataframe(fn,convert_categoricals=convert_categoricals,encoding=encoding)

tests/test_age_dtype_consistency.py::test_age_dtype_is_float64[Ethiopia]
tests/test_age_dtype_consistency.py::test_age_no_negative_values[Ethiopia]
  /global/scratch/fsa/fc_jevons/ligon/mirrors/LSMS_Library/.venv/lib/python3.11/site-packages/ligonlibrary/dataframes.py:435: RuntimeWarning: Issue with categorical mapping: s1q06
    warnings.warn(f"Issue with categorical mapping: {var}", RuntimeWarning)

tests/test_age_dtype_consistency.py::test_age_dtype_is_float64[GhanaLSS]
tests/test_age_dtype_consistency.py::test_age_no_negative_values[GhanaLSS]
  /global/scratch/fsa/fc_jevons/ligon/mirrors/LSMS_Library/lsms_library/country.py:3464: RuntimeWarning: Canonical index over ['t', 'i', 'pid'] had 10 duplicate tuple(s); collapsed via groupby().first(), dropping those rows (possible silent data loss — GH #323).
    warnings.warn(

tests/test_age_dtype_consistency.py::test_age_dtype_is_float64[Guinea-Bissau]
tests/test_age_dtype_consistency.py::test_age_no_negative_values[Guinea-Bissau]
  /global/scratch/fsa/fc_jevons/ligon/mirrors/LSMS_Library/lsms_library/local_tools.py:1012: UserWarning: Refusing workspace copy of DVC-tracked file Guinea-Bissau/2018-19/Data/s01_me_gnb2018.dta (sister .dvc sidecar exists). The package tree must not contain DVC-tracked data; falling through to the DVC cache path. Clean up with: find lsms_library/countries -type f -name '*.dta' -execdir test -e '{}.dvc' \; -print -delete
    df = get_dataframe(fn,convert_categoricals=convert_categoricals,encoding=encoding)

tests/test_age_dtype_consistency.py::test_age_dtype_is_float64[Iraq]
tests/test_age_dtype_consistency.py::test_age_no_negative_values[Iraq]
  /global/scratch/fsa/fc_jevons/ligon/mirrors/LSMS_Library/lsms_library/country.py:3464: RuntimeWarning: Canonical index over ['t', 'i', 'pid'] had 175725 duplicate tuple(s); collapsed via groupby().first(), dropping those rows (possible silent data loss — GH #323).
    warnings.warn(

tests/test_age_dtype_consistency.py::test_age_dtype_is_float64[Iraq]
tests/test_age_dtype_consistency.py::test_age_no_negative_values[Iraq]
  /global/scratch/fsa/fc_jevons/ligon/mirrors/LSMS_Library/lsms_library/country.py:1859: UserWarning: Iraq: waves ['2012'] have 100% NaN v after _join_v_from_sample; these will be silently dropped from derived tables (household_characteristics, food_expenditures, food_prices, food_quantities) by the downstream groupby.  Check i-key compatibility between the roster source and the sample table -- compare wave-level data_info.yml's `idxvars.i` on each side.  See GH #256 for context and PRs #244 / #253 / #255 for the established fix pattern.
    df = self._join_v_from_sample(df)

tests/test_age_dtype_consistency.py::test_age_dtype_is_float64[Kazakhstan]
tests/test_age_dtype_consistency.py::test_age_no_negative_values[Kazakhstan]
  /global/scratch/fsa/fc_jevons/ligon/mirrors/LSMS_Library/lsms_library/country.py:3464: RuntimeWarning: Canonical index over ['t', 'i', 'pid'] had 3 duplicate tuple(s); collapsed via groupby().first(), dropping those rows (possible silent data loss — GH #323).
    warnings.warn(

tests/test_age_dtype_consistency.py::test_age_dtype_is_float64[Malawi]
tests/test_age_dtype_consistency.py::test_age_no_negative_values[Malawi]
  /global/scratch/fsa/fc_jevons/ligon/mirrors/LSMS_Library/lsms_library/country.py:3464: RuntimeWarning: Canonical index over ['t', 'i', 'pid'] had 165 duplicate tuple(s); collapsed via groupby().first(), dropping those rows (possible silent data loss — GH #323).
    warnings.warn(

tests/test_canonical_shape_via_cache_miss.py::test_canonical_shape_via_cache_miss[PR243_GhanaLSS_food_acquired]
  /global/scratch/fsa/fc_jevons/ligon/mirrors/LSMS_Library/lsms_library/country.py:3464: RuntimeWarning: Canonical index over ['t', 'i', 'j'] had 1276 duplicate tuple(s); collapsed via groupby().first(), dropping those rows (possible silent data loss — GH #323).
    warnings.warn(

tests/test_canonical_shape_via_cache_miss.py::test_canonical_shape_via_cache_miss[PR243_GhanaLSS_food_acquired]
  /global/scratch/fsa/fc_jevons/ligon/mirrors/LSMS_Library/lsms_library/country.py:3464: RuntimeWarning: Canonical index over ['t', 'i', 'j'] had 1147 duplicate tuple(s); collapsed via groupby().first(), dropping those rows (possible silent data loss — GH #323).
    warnings.warn(

tests/test_canonical_shape_via_cache_miss.py::test_canonical_shape_via_cache_miss[PR243_GhanaLSS_food_acquired]
  /global/scratch/fsa/fc_jevons/ligon/mirrors/LSMS_Library/lsms_library/country.py:3464: RuntimeWarning: Canonical index over ['t', 'i'] had 623483 duplicate tuple(s); collapsed via groupby().first(), dropping those rows (possible silent data loss — GH #323).
    warnings.warn(

tests/test_canonical_shape_via_cache_miss.py::test_canonical_shape_via_cache_miss[PR243_GhanaLSS_food_acquired]
  /global/scratch/fsa/fc_jevons/ligon/mirrors/LSMS_Library/lsms_library/country.py:3464: RuntimeWarning: Canonical index over ['t', 'i', 'j'] had 6523 duplicate tuple(s); collapsed via groupby().first(), dropping those rows (possible silent data loss — GH #323).
    warnings.warn(

tests/test_canonical_shape_via_cache_miss.py::test_canonical_shape_via_cache_miss[PR243_GhanaLSS_food_acquired]
  /global/scratch/fsa/fc_jevons/ligon/mirrors/LSMS_Library/lsms_library/country.py:3464: RuntimeWarning: Canonical index over ['t', 'i', 'j'] had 1049585 duplicate tuple(s); collapsed via groupby().first(), dropping those rows (possible silent data loss — GH #323).
    warnings.warn(

tests/test_canonical_shape_via_cache_miss.py::test_canonical_shape_via_cache_miss[PR243_GhanaLSS_food_acquired]
  /global/scratch/fsa/fc_jevons/ligon/mirrors/LSMS_Library/lsms_library/country.py:1859: UserWarning: GhanaLSS: waves ['1991-92', '1998-99', '2005-06'] have 100% NaN v after _join_v_from_sample; these will be silently dropped from derived tables (household_characteristics, food_expenditures, food_prices, food_quantities) by the downstream groupby.  Check i-key compatibility between the roster source and the sample table -- compare wave-level data_info.yml's `idxvars.i` on each side.  See GH #256 for context and PRs #244 / #253 / #255 for the established fix pattern.
    df = self._join_v_from_sample(df)

tests/test_age_dtype_consistency.py::test_age_dtype_is_float64[Mali]
tests/test_age_dtype_consistency.py::test_age_no_negative_values[Mali]
  /global/scratch/fsa/fc_jevons/ligon/mirrors/LSMS_Library/lsms_library/country.py:3464: RuntimeWarning: Canonical index over ['t', 'i', 'pid'] had 32026 duplicate tuple(s); collapsed via groupby().first(), dropping those rows (possible silent data loss — GH #323).
    warnings.warn(

tests/test_age_dtype_consistency.py::test_age_dtype_is_float64[Mali]
tests/test_age_dtype_consistency.py::test_age_no_negative_values[Mali]
  /global/scratch/fsa/fc_jevons/ligon/mirrors/LSMS_Library/lsms_library/local_tools.py:1012: UserWarning: Refusing workspace copy of DVC-tracked file Mali/2018-19/Data/s01_me_mli2018.dta (sister .dvc sidecar exists). The package tree must not contain DVC-tracked data; falling through to the DVC cache path. Clean up with: find lsms_library/countries -type f -name '*.dta' -execdir test -e '{}.dvc' \; -print -delete
    df = get_dataframe(fn,convert_categoricals=convert_categoricals,encoding=encoding)

tests/test_age_dtype_consistency.py::test_age_dtype_is_float64[Mali]
tests/test_age_dtype_consistency.py::test_age_no_negative_values[Mali]
  /global/scratch/fsa/fc_jevons/ligon/mirrors/LSMS_Library/lsms_library/local_tools.py:1012: UserWarning: Refusing workspace copy of DVC-tracked file Mali/2021-22/Data/s01_me_mli2021.dta (sister .dvc sidecar exists). The package tree must not contain DVC-tracked data; falling through to the DVC cache path. Clean up with: find lsms_library/countries -type f -name '*.dta' -execdir test -e '{}.dvc' \; -print -delete
    df = get_dataframe(fn,convert_categoricals=convert_categoricals,encoding=encoding)

tests/test_age_dtype_consistency.py::test_age_dtype_is_float64[Mali]
tests/test_age_dtype_consistency.py::test_age_no_negative_values[Mali]
  /global/scratch/fsa/fc_jevons/ligon/mirrors/LSMS_Library/lsms_library/country.py:3464: RuntimeWarning: Canonical index over ['t', 'i', 'pid'] had 38 duplicate tuple(s); collapsed via groupby().first(), dropping those rows (possible silent data loss — GH #323).
    warnings.warn(

tests/test_age_dtype_consistency.py::test_age_dtype_is_float64[Niger]
tests/test_age_dtype_consistency.py::test_age_no_negative_values[Niger]
  /global/scratch/fsa/fc_jevons/ligon/mirrors/LSMS_Library/lsms_library/country.py:3464: RuntimeWarning: Canonical index over ['t', 'i', 'pid'] had 210 duplicate tuple(s); collapsed via groupby().first(), dropping those rows (possible silent data loss — GH #323).
    warnings.warn(

tests/test_age_dtype_consistency.py::test_age_dtype_is_float64[Niger]
tests/test_age_dtype_consistency.py::test_age_no_negative_values[Niger]
  /global/scratch/fsa/fc_jevons/ligon/mirrors/LSMS_Library/lsms_library/local_tools.py:1012: UserWarning: Refusing workspace copy of DVC-tracked file Niger/2018-19/Data/s01_me_ner2018.dta (sister .dvc sidecar exists). The package tree must not contain DVC-tracked data; falling through to the DVC cache path. Clean up with: find lsms_library/countries -type f -name '*.dta' -execdir test -e '{}.dvc' \; -print -delete
    df = get_dataframe(fn,convert_categoricals=convert_categoricals,encoding=encoding)

tests/test_age_dtype_consistency.py::test_age_dtype_is_float64[Niger]
tests/test_age_dtype_consistency.py::test_age_no_negative_values[Niger]
  /global/scratch/fsa/fc_jevons/ligon/mirrors/LSMS_Library/lsms_library/local_tools.py:1012: UserWarning: Refusing workspace copy of DVC-tracked file Niger/2021-22/Data/s01_me_ner2021.dta (sister .dvc sidecar exists). The package tree must not contain DVC-tracked data; falling through to the DVC cache path. Clean up with: find lsms_library/countries -type f -name '*.dta' -execdir test -e '{}.dvc' \; -print -delete
    df = get_dataframe(fn,convert_categoricals=convert_categoricals,encoding=encoding)

tests/test_age_dtype_consistency.py::test_age_dtype_is_float64[Senegal]
tests/test_age_dtype_consistency.py::test_age_no_negative_values[Senegal]
  /global/scratch/fsa/fc_jevons/ligon/mirrors/LSMS_Library/lsms_library/local_tools.py:1012: UserWarning: Refusing workspace copy of DVC-tracked file Senegal/2018-19/Data/s01_me_sen2018.dta (sister .dvc sidecar exists). The package tree must not contain DVC-tracked data; falling through to the DVC cache path. Clean up with: find lsms_library/countries -type f -name '*.dta' -execdir test -e '{}.dvc' \; -print -delete
    df = get_dataframe(fn,convert_categoricals=convert_categoricals,encoding=encoding)

tests/test_age_dtype_consistency.py::test_age_dtype_is_float64[South Africa]
tests/test_age_dtype_consistency.py::test_age_no_negative_values[South Africa]
  /global/scratch/fsa/fc_jevons/ligon/mirrors/LSMS_Library/lsms_library/country.py:1888: UserWarning: Unknown relationship labels (add to kinship.yml): ['-1']
    df = _expand_kinship(df)

tests/test_age_dtype_consistency.py::test_age_dtype_is_float64[Tajikistan]
tests/test_age_dtype_consistency.py::test_age_no_negative_values[Tajikistan]
  /global/scratch/fsa/fc_jevons/ligon/mirrors/LSMS_Library/.venv/lib/python3.11/site-packages/ligonlibrary/dataframes.py:435: RuntimeWarning: Issue with categorical mapping: s1q2
    warnings.warn(f"Issue with categorical mapping: {var}", RuntimeWarning)

tests/test_age_dtype_consistency.py::test_age_dtype_is_float64[Tajikistan]
tests/test_age_dtype_consistency.py::test_age_no_negative_values[Tajikistan]
  /global/scratch/fsa/fc_jevons/ligon/mirrors/LSMS_Library/.venv/lib/python3.11/site-packages/ligonlibrary/dataframes.py:435: RuntimeWarning: Issue with categorical mapping: s1q3
    warnings.warn(f"Issue with categorical mapping: {var}", RuntimeWarning)

tests/test_age_dtype_consistency.py::test_age_dtype_is_float64[Tajikistan]
tests/test_age_dtype_consistency.py::test_age_no_negative_values[Tajikistan]
  /global/scratch/fsa/fc_jevons/ligon/mirrors/LSMS_Library/.venv/lib/python3.11/site-packages/ligonlibrary/dataframes.py:435: RuntimeWarning: Issue with categorical mapping: s1q4
    warnings.warn(f"Issue with categorical mapping: {var}", RuntimeWarning)

tests/test_age_dtype_consistency.py::test_age_dtype_is_float64[Tajikistan]
tests/test_age_dtype_consistency.py::test_age_no_negative_values[Tajikistan]
  /global/scratch/fsa/fc_jevons/ligon/mirrors/LSMS_Library/.venv/lib/python3.11/site-packages/ligonlibrary/dataframes.py:435: RuntimeWarning: Issue with categorical mapping: s1q7
    warnings.warn(f"Issue with categorical mapping: {var}", RuntimeWarning)

tests/test_age_dtype_consistency.py::test_age_dtype_is_float64[Tajikistan]
tests/test_age_dtype_consistency.py::test_age_no_negative_values[Tajikistan]
  /global/scratch/fsa/fc_jevons/ligon/mirrors/LSMS_Library/.venv/lib/python3.11/site-packages/ligonlibrary/dataframes.py:435: RuntimeWarning: Issue with categorical mapping: s1q10
    warnings.warn(f"Issue with categorical mapping: {var}", RuntimeWarning)

tests/test_age_dtype_consistency.py::test_age_dtype_is_float64[Tajikistan]
tests/test_age_dtype_consistency.py::test_age_no_negative_values[Tajikistan]
  /global/scratch/fsa/fc_jevons/ligon/mirrors/LSMS_Library/.venv/lib/python3.11/site-packages/ligonlibrary/dataframes.py:435: RuntimeWarning: Issue with categorical mapping: s1q11
    warnings.warn(f"Issue with categorical mapping: {var}", RuntimeWarning)

tests/test_age_dtype_consistency.py::test_age_dtype_is_float64[Tajikistan]
tests/test_age_dtype_consistency.py::test_age_no_negative_values[Tajikistan]
  /global/scratch/fsa/fc_jevons/ligon/mirrors/LSMS_Library/.venv/lib/python3.11/site-packages/ligonlibrary/dataframes.py:435: RuntimeWarning: Issue with categorical mapping: isabel
    warnings.warn(f"Issue with categorical mapping: {var}", RuntimeWarning)

tests/test_age_dtype_consistency.py::test_age_dtype_is_float64[Togo]
tests/test_age_dtype_consistency.py::test_age_no_negative_values[Togo]
  /global/scratch/fsa/fc_jevons/ligon/mirrors/LSMS_Library/lsms_library/local_tools.py:1012: UserWarning: Refusing workspace copy of DVC-tracked file Togo/2018/Data1/s01_me_tgo2018.dta (sister .dvc sidecar exists). The package tree must not contain DVC-tracked data; falling through to the DVC cache path. Clean up with: find lsms_library/countries -type f -name '*.dta' -execdir test -e '{}.dvc' \; -print -delete
    df = get_dataframe(fn,convert_categoricals=convert_categoricals,encoding=encoding)

-- Docs: https://docs.pytest.org/en/stable/how-to/capture-warnings.html
1136 passed, 141 skipped, 11 xfailed, 1 xpassed, 279 warnings in 1241.94s (0:20:41)
