34 countries; 12 workers
OK   Cambodia [1/34]:   6,351 records
OK   China [2/34]:   2,996 records
OK   Guatemala [3/34]:  37,771 records
OK   Guyana [4/34]:   6,939 records
OK   India [5/34]:  14,493 records
OK   Kazakhstan [6/34]:   7,220 records
OK   Kosovo [7/34]:  17,917 records
OK   Liberia [8/34]:  12,263 records
OK   Iraq [9/34]: 127,506 records
OK   Ethiopia [10/34]: 126,376 records
OK   GhanaLSS [11/34]: 246,584 records
make: *** No rule to make target '/global/home/users/ligon/.local/share/lsms_library/Nepal/var/household_roster.parquet'.  Stop.
make: *** No rule to make target '/global/scratch/fsa/fc_jevons/ligon/mirrors/LSMS_Library/lsms_library/countries/Nepal/var/household_roster.parquet'.  Stop.
make: *** No rule to make target '/global/scratch/fsa/fc_jevons/ligon/mirrors/LSMS_Library/lsms_library/countries/Nepal/_/household_roster.parquet'.  Stop.
Data file /global/home/users/ligon/.local/share/lsms_library/Nepal/var/household_roster.parquet still missing after running fallbacks.
FAIL Nepal [12/34]: RuntimeError: Could not materialize Nepal/household_roster: no wave-level build succeeded and no cached parquet was found at /global/home/users/ligon/.local/share/lsms_library/Nepal/var/household_roster.parquet.
OK   Azerbaijan [13/34]:  10,012 records
FAIL Guinea-Bissau [14/34]: RuntimeError: Could not materialize Guinea-Bissau/household_roster: no wave-level build succeeded and no cached parquet was found at /global/home/users/ligon/.local/share/lsms_library/Guinea-Bissau/var/household_roster.parquet.
OK   Pakistan [15/34]:  36,079 records
OK   Nigeria [16/34]: 287,630 records
OK   Albania [17/34]:  90,731 records
OK   Serbia [18/34]:  17,375 records
OK   Serbia and Montenegro [19/34]:  27,752 records
OK   South Africa [20/34]:  43,687 records
OK   EthiopiaRHS [21/34]:  51,574 records
OK   Tajikistan [22/34]:  79,309 records
OK   Timor-Leste [23/34]:  34,113 records
OK   Tanzania [24/34]: 112,884 records
OK   Mali [25/34]: 188,668 records
FAIL Benin [26/34]: RuntimeError: Could not materialize Benin/household_roster: no wave-level build succeeded and no cached parquet was found at /global/home/users/ligon/.local/share/lsms_library/Benin/var/household_roster.parquet.
OK   Niger [27/34]: 121,791 records
OK   Burkina_Faso [28/34]: 146,517 records
OK   CotedIvoire [29/34]: 111,788 records
OK   Togo [30/34]:  27,480 records
OK   Malawi [31/34]: 260,447 records
OK   Senegal [32/34]: 129,650 records
OK   Uganda [33/34]: 144,704 records
DVC unavailable for household_roster: The path '/global/scratch/fsa/fc_jevons/ligon/mirrors/LSMS_Library/lsms_library/countries/Armenia/1996/Data/../Data/INDSECA.dta' does not exist in the target repository '/global/scratch/fsa/fc_jevons/ligon/mirrors/LSMS_Library/lsms_library/countries/Armenia/1996/Data/../Data/INDSECA.dta' neither as a DVC output nor as a Git-tracked file.. Falling back to manual aggregation.
FAIL Armenia [34/34]: PathMissingError: The path '/global/scratch/fsa/fc_jevons/ligon/mirrors/LSMS_Library/lsms_library/countries/Armenia/1996/Data/../Data/INDSECA.dta' does not exist in the target repository '/global/scratch/fsa/fc_jevons/ligon/mirrors/LSMS_Library/lsms_library/countries/Armenia/1996/Data/../Data/INDSECA.dta' neither as a DVC output nor as a Git-tracked file.

===== SUMMARY =====
countries done: 30/34; country-waves: 94
UNWEIGHTED pooled: F=1,265,117 M=1,238,367  share female = 0.5053
mean of per-country-wave unweighted shares = 0.5015
weighted shares available for 85/94 country-waves
mean of per-country-wave WEIGHTED shares = 0.4996
wrote /global/scratch/fsa/fc_jevons/ligon/mirrors/LSMS_Library/slurm_logs/2026-06-16_share_female/share_female.csv
