/global/scratch/fsa/fc_jevons/ligon/mirrors/LSMS_Library/.venv/lib/python3.11/site-packages/ligonlibrary/dataframes.py:435: RuntimeWarning: Issue with categorical mapping: h1bq1
  warnings.warn(f"Issue with categorical mapping: {var}", RuntimeWarning)
/global/scratch/fsa/fc_jevons/ligon/mirrors/LSMS_Library/.venv/lib/python3.11/site-packages/ligonlibrary/dataframes.py:435: RuntimeWarning: Issue with categorical mapping: h1bq3
  warnings.warn(f"Issue with categorical mapping: {var}", RuntimeWarning)
OK   sample               (24362, 6)  (2.6s)
/global/scratch/fsa/fc_jevons/ligon/mirrors/LSMS_Library/lsms_library/country.py:3464: RuntimeWarning: Canonical index over ['t', 'v'] had 3168 duplicate tuple(s); collapsed via groupby().first(), dropping those rows (possible silent data loss — GH #323).
  warnings.warn(
/global/scratch/fsa/fc_jevons/ligon/mirrors/LSMS_Library/.venv/lib/python3.11/site-packages/ligonlibrary/dataframes.py:435: RuntimeWarning: Issue with categorical mapping: h1bq1
  warnings.warn(f"Issue with categorical mapping: {var}", RuntimeWarning)
/global/scratch/fsa/fc_jevons/ligon/mirrors/LSMS_Library/.venv/lib/python3.11/site-packages/ligonlibrary/dataframes.py:435: RuntimeWarning: Issue with categorical mapping: h1bq3
  warnings.warn(f"Issue with categorical mapping: {var}", RuntimeWarning)
/global/scratch/fsa/fc_jevons/ligon/mirrors/LSMS_Library/lsms_library/country.py:3464: RuntimeWarning: Canonical index over ['t', 'v'] had 2657 duplicate tuple(s); collapsed via groupby().first(), dropping those rows (possible silent data loss — GH #323).
  warnings.warn(
/global/scratch/fsa/fc_jevons/ligon/mirrors/LSMS_Library/lsms_library/country.py:3464: RuntimeWarning: Canonical index over ['t', 'v'] had 2392 duplicate tuple(s); collapsed via groupby().first(), dropping those rows (possible silent data loss — GH #323).
  warnings.warn(
/global/scratch/fsa/fc_jevons/ligon/mirrors/LSMS_Library/lsms_library/country.py:3464: RuntimeWarning: Canonical index over ['t', 'v'] had 2529 duplicate tuple(s); collapsed via groupby().first(), dropping those rows (possible silent data loss — GH #323).
  warnings.warn(
/global/scratch/fsa/fc_jevons/ligon/mirrors/LSMS_Library/lsms_library/country.py:3464: RuntimeWarning: Canonical index over ['t', 'v'] had 2412 duplicate tuple(s); collapsed via groupby().first(), dropping those rows (possible silent data loss — GH #323).
  warnings.warn(
/global/scratch/fsa/fc_jevons/ligon/mirrors/LSMS_Library/lsms_library/country.py:3464: RuntimeWarning: Canonical index over ['t', 'v'] had 2430 duplicate tuple(s); collapsed via groupby().first(), dropping those rows (possible silent data loss — GH #323).
  warnings.warn(
/global/scratch/fsa/fc_jevons/ligon/mirrors/LSMS_Library/lsms_library/country.py:3464: RuntimeWarning: Canonical index over ['t', 'v'] had 2425 duplicate tuple(s); collapsed via groupby().first(), dropping those rows (possible silent data loss — GH #323).
  warnings.warn(
OK   cluster_features     (4409, 5)  (2.0s)
OK   household_roster     (144704, 7)  (9.5s)
/global/scratch/fsa/fc_jevons/ligon/mirrors/LSMS_Library/lsms_library/country.py:3464: RuntimeWarning: Canonical index over ['i', 't'] had 3242 duplicate tuple(s); collapsed via groupby().first(), dropping those rows (possible silent data loss — GH #323).
  warnings.warn(
/global/scratch/fsa/fc_jevons/ligon/mirrors/LSMS_Library/lsms_library/country.py:3464: RuntimeWarning: Canonical index over ['i', 't'] had 3078 duplicate tuple(s); collapsed via groupby().first(), dropping those rows (possible silent data loss — GH #323).
  warnings.warn(
OK   people_last7days     (15382, 4)  (0.9s)
OK   earnings             (22447, 1)  (33.8s)
OK   enterprise_income    (13935, 6)  (32.0s)
2005-06
2005-06
2009-10
2009-10
2010-11
2010-11
2011-12
2011-12
2013-14
2013-14
2015-16
2015-16
2018-19
2018-19
2019-20
2019-20
/global/scratch/fsa/fc_jevons/ligon/mirrors/LSMS_Library/lsms_library/countries/Uganda/_/uganda.py:440: UserWarning: id_walk expected index level 'i' but found 'j'. Proceeding with the detected household index.
  warnings.warn(
/global/scratch/fsa/fc_jevons/ligon/mirrors/LSMS_Library/lsms_library/countries/Uganda/_/uganda.py:440: UserWarning: id_walk expected index level 'i' but found 'j'. Proceeding with the detected household index.
  warnings.warn(
OK   income               (13931, 1)  (15.0s)
/global/scratch/fsa/fc_jevons/ligon/mirrors/LSMS_Library/lsms_library/country.py:1859: UserWarning: Uganda: waves ['2015-16'] have 100% NaN v after _join_v_from_sample; these will be silently dropped from derived tables (household_characteristics, food_expenditures, food_prices, food_quantities) by the downstream groupby.  Check i-key compatibility between the roster source and the sample table -- compare wave-level data_info.yml's `idxvars.i` on each side.  See GH #256 for context and PRs #244 / #253 / #255 for the established fix pattern.
  df = self._join_v_from_sample(df)
OK   housing              (24210, 2)  (1.7s)
/global/scratch/fsa/fc_jevons/ligon/mirrors/LSMS_Library/lsms_library/countries/Uganda/2019-20/_/../../_/uganda.py:188: UserWarning: Dropping some unknown unit codes!
  warnings.warn("Dropping some unknown unit codes!")
{800.0, 801.0, 802.0, 996.0, 997.0, 998.0, 999.0}
/global/scratch/fsa/fc_jevons/ligon/mirrors/LSMS_Library/lsms_library/countries/Uganda/2018-19/_/../../_/uganda.py:188: UserWarning: Dropping some unknown unit codes!
  warnings.warn("Dropping some unknown unit codes!")
{996.0, 997.0, 998.0, 999.0}
OK   fct                  (15, 113)  (22.5s)
OK   food_acquired        (355571, 3)  (1.2s)
OK   nutrition            (23801, 15)  (0.1s)
/global/scratch/fsa/fc_jevons/ligon/mirrors/LSMS_Library/.venv/lib/python3.11/site-packages/ligonlibrary/dataframes.py:435: RuntimeWarning: Issue with categorical mapping: h1bq1
  warnings.warn(f"Issue with categorical mapping: {var}", RuntimeWarning)
/global/scratch/fsa/fc_jevons/ligon/mirrors/LSMS_Library/.venv/lib/python3.11/site-packages/ligonlibrary/dataframes.py:435: RuntimeWarning: Issue with categorical mapping: h1bq3
  warnings.warn(f"Issue with categorical mapping: {var}", RuntimeWarning)
OK   shocks               (14457, 10)  (33.2s)
/global/scratch/fsa/fc_jevons/ligon/mirrors/LSMS_Library/.venv/lib/python3.11/site-packages/ligonlibrary/dataframes.py:435: RuntimeWarning: Issue with categorical mapping: h1bq1
  warnings.warn(f"Issue with categorical mapping: {var}", RuntimeWarning)
/global/scratch/fsa/fc_jevons/ligon/mirrors/LSMS_Library/.venv/lib/python3.11/site-packages/ligonlibrary/dataframes.py:435: RuntimeWarning: Issue with categorical mapping: h1bq3
  warnings.warn(f"Issue with categorical mapping: {var}", RuntimeWarning)
OK   interview_date       (24264, 1)  (32.1s)

DONE: 13/13 built, 0 failed
