make: *** No rule to make target 'panel_ids.json'.  Stop.
Makefile build failed for panel_ids: Command '['make', '-s', '-j16', 'panel_ids.json']' returned non-zero exit status 2.. Falling back to wave aggregation.
/global/scratch/fsa/fc_jevons/ligon/mirrors/LSMS_Library/.venv/lib/python3.11/site-packages/ligonlibrary/dataframes.py:435: RuntimeWarning: Issue with categorical mapping: v08a07d
  warnings.warn(f"Issue with categorical mapping: {var}", RuntimeWarning)
/global/scratch/fsa/fc_jevons/ligon/mirrors/LSMS_Library/.venv/lib/python3.11/site-packages/ligonlibrary/dataframes.py:435: RuntimeWarning: Issue with categorical mapping: s13c14a
  warnings.warn(f"Issue with categorical mapping: {var}", RuntimeWarning)
/global/scratch/fsa/fc_jevons/ligon/mirrors/LSMS_Library/.venv/lib/python3.11/site-packages/ligonlibrary/dataframes.py:435: RuntimeWarning: Issue with categorical mapping: s13c14b
  warnings.warn(f"Issue with categorical mapping: {var}", RuntimeWarning)
/global/scratch/fsa/fc_jevons/ligon/mirrors/LSMS_Library/.venv/lib/python3.11/site-packages/ligonlibrary/dataframes.py:435: RuntimeWarning: Issue with categorical mapping: s13c14c
  warnings.warn(f"Issue with categorical mapping: {var}", RuntimeWarning)
{"country": "India", "feature": "months_food_inadequate", "rows": 2251, "index": ["i", "t", "v"], "columns": ["MonthsInadequate", "AnyInadequate"], "ok": true, "failed": [], "warned": ["index_levels_match_scheme"], "head_idx": [["201", "1997-98", "2"], ["202", "1997-98", "2"]]}
{"country": "Liberia", "feature": "months_food_inadequate", "rows": 2974, "index": ["i", "t", "v"], "columns": ["MonthsInadequate", "AnyInadequate"], "ok": true, "failed": [], "warned": ["index_levels_match_scheme"], "head_idx": [["30200313231", "2018-19", "132"], ["30200313217", "2018-19", "132"]]}
{"country": "Timor-Leste", "feature": "months_food_inadequate", "rows": 5793, "index": ["i", "t", "v"], "columns": ["MonthsInadequate", "AnyInadequate"], "ok": true, "failed": [], "warned": ["index_levels_match_scheme"], "head_idx": [["0011A1", "2001", "11"], ["0011A2", "2001", "11"]]}
{"country": "Tajikistan", "feature": "food_security_hfias", "rows": 6147, "index": ["i", "t", "v"], "columns": ["HFIAS1", "HFIAS2", "HFIAS3", "HFIAS4", "HFIAS5", "HFIAS6", "HFIAS7", "HFIAS8", "HFIAS9", "HFIAS_score", "HFIAS_category"], "ok": true, "failed": [], "warned": ["index_levels_match_scheme"], "head_idx": [["1", "2007", "1"], ["10", "2007", "1"]]}
{"country": "Tanzania", "feature": "food_coping", "rows": 153315, "index": ["i", "t", "v", "Strategy"], "columns": ["Days"], "ok": true, "failed": [], "warned": ["index_levels_match_scheme"], "head_idx": [["01010140020171", "2010-11", "1114002", "BorrowFood"], ["01010140020171", "2010-11", "1114002", "LessPreferred"]]}
{"country": "Nigeria", "feature": "food_coping", "rows": 125839, "index": ["i", "t", "v", "Strategy"], "columns": ["Days"], "ok": true, "failed": [], "warned": ["index_levels_match_scheme"], "head_idx": [["100001", "2010Q3", "80", "BorrowFood"], ["100001", "2010Q3", "80", "LessPreferred"]]}
{"country": "Uganda", "feature": "months_food_inadequate", "rows": 14796, "index": ["i", "t", "v"], "columns": ["MonthsInadequate", "AnyInadequate"], "ok": true, "failed": [], "warned": ["index_levels_match_scheme"], "head_idx": [["1013000201", "2009-10", "1010002"], ["1013000204", "2009-10", "1010002"]]}
{"country": "Ethiopia", "feature": "food_coping", "rows": 111080, "index": ["i", "t", "v", "Strategy"], "columns": ["Days"], "ok": true, "failed": [], "warned": ["index_levels_match_scheme"], "head_idx": [["01010101601002", "2011-12", "1010101601", "BorrowFood"], ["01010101601002", "2011-12", "1010101601", "LessPreferred"]]}
=== SUMMARY ===
  [OK ] Ethiopia     food_coping              rows=111080 idx=['i', 't', 'v', 'Strategy'] fail=[] warn=['index_levels_match_scheme']
  [OK ] India        months_food_inadequate   rows=2251 idx=['i', 't', 'v'] fail=[] warn=['index_levels_match_scheme']
  [OK ] Liberia      months_food_inadequate   rows=2974 idx=['i', 't', 'v'] fail=[] warn=['index_levels_match_scheme']
  [OK ] Nigeria      food_coping              rows=125839 idx=['i', 't', 'v', 'Strategy'] fail=[] warn=['index_levels_match_scheme']
  [OK ] Tajikistan   food_security_hfias      rows=6147 idx=['i', 't', 'v'] fail=[] warn=['index_levels_match_scheme']
  [OK ] Tanzania     food_coping              rows=153315 idx=['i', 't', 'v', 'Strategy'] fail=[] warn=['index_levels_match_scheme']
  [OK ] Timor-Leste  months_food_inadequate   rows=5793 idx=['i', 't', 'v'] fail=[] warn=['index_levels_match_scheme']
  [OK ] Uganda       months_food_inadequate   rows=14796 idx=['i', 't', 'v'] fail=[] warn=['index_levels_match_scheme']
