=== Tier-1 integrated gate (committed branch, fresh cache) 15:34:52 ===
/global/scratch/fsa/fc_jevons/ligon/mirrors/LSMS_Library/lsms_library/country.py:993: UserWarning: Makefile not found in /global/scratch/fsa/fc_jevons/ligon/mirrors/LSMS_Library/lsms_library/countries/Benin/_. Unable to generate required data.
  warnings.warn(f"Makefile not found in {makefile_path.parent}. Unable to generate required data.")
PASS Benin/livestock: rows=7334 idx=('i', 't', 'animal') ikey=nan
/global/scratch/fsa/fc_jevons/ligon/mirrors/LSMS_Library/lsms_library/country.py:993: UserWarning: Makefile not found in /global/scratch/fsa/fc_jevons/ligon/mirrors/LSMS_Library/lsms_library/countries/Benin/_. Unable to generate required data.
  warnings.warn(f"Makefile not found in {makefile_path.parent}. Unable to generate required data.")
PASS Benin/crop_production: rows=9056 idx=('i', 't', 'v', 'plot', 'crop', 'u') ikey=1.000
/global/scratch/fsa/fc_jevons/ligon/mirrors/LSMS_Library/lsms_library/country.py:993: UserWarning: Makefile not found in /global/scratch/fsa/fc_jevons/ligon/mirrors/LSMS_Library/lsms_library/countries/Benin/_. Unable to generate required data.
  warnings.warn(f"Makefile not found in {makefile_path.parent}. Unable to generate required data.")
/global/scratch/fsa/fc_jevons/ligon/mirrors/LSMS_Library/lsms_library/country.py:3812: RuntimeWarning: Canonical index over ['t', 'i', 'input', 'crop', 'u'] had 71 duplicate tuple(s); collapsed via groupby().first(), dropping those rows (possible silent data loss — GH #323).
  warnings.warn(
PASS Benin/plot_inputs: rows=10534 idx=('i', 't', 'v', 'input', 'crop', 'u') ikey=1.000
/global/scratch/fsa/fc_jevons/ligon/mirrors/LSMS_Library/lsms_library/country.py:993: UserWarning: Makefile not found in /global/scratch/fsa/fc_jevons/ligon/mirrors/LSMS_Library/lsms_library/countries/Benin/_. Unable to generate required data.
  warnings.warn(f"Makefile not found in {makefile_path.parent}. Unable to generate required data.")
PASS Benin/plot_labor: rows=10738 idx=('i', 't', 'v', 'plot', 'source') ikey=1.000
/global/scratch/fsa/fc_jevons/ligon/mirrors/LSMS_Library/lsms_library/country.py:993: UserWarning: Makefile not found in /global/scratch/fsa/fc_jevons/ligon/mirrors/LSMS_Library/lsms_library/countries/Benin/_. Unable to generate required data.
  warnings.warn(f"Makefile not found in {makefile_path.parent}. Unable to generate required data.")
/global/scratch/fsa/fc_jevons/ligon/mirrors/LSMS_Library/lsms_library/countries/Benin/2018-19/_/people_last7days.py:106: UserWarning: Refusing workspace copy of DVC-tracked file ../Data/s01_me_ben2018.dta (sister .dvc sidecar exists). The package tree must not contain DVC-tracked data; falling through to the DVC cache path. Clean up with: find lsms_library/countries -type f -name '*.dta' -execdir test -e '{}.dvc' \; -print -delete
  s01 = get_dataframe('../Data/s01_me_ben2018.dta', convert_categoricals=False)
PASS Benin/people_last7days: rows=35042 idx=('i', 't', 'v', 'pid') ikey=1.000
PASS Benin/food_acquired: rows=190618 idx=('i', 't', 'v', 'j', 'u', 's') ikey=1.000
/global/scratch/fsa/fc_jevons/ligon/mirrors/LSMS_Library/lsms_library/country.py:993: UserWarning: Makefile not found in /global/scratch/fsa/fc_jevons/ligon/mirrors/LSMS_Library/lsms_library/countries/Benin/_. Unable to generate required data.
  warnings.warn(f"Makefile not found in {makefile_path.parent}. Unable to generate required data.")
PASS Benin/plot_features: rows=7588 idx=('i', 't', 'v', 'plot_id') ikey=1.000
PASS Burkina_Faso/livestock: rows=13961 idx=('i', 't', 'animal') ikey=nan
PASS Burkina_Faso/crop_production: rows=15587 idx=('i', 't', 'v', 'plot', 'crop', 'u') ikey=1.000
/global/scratch/fsa/fc_jevons/ligon/mirrors/LSMS_Library/lsms_library/country.py:3812: RuntimeWarning: Canonical index over ['t', 'i', 'input', 'crop', 'u'] had 183 duplicate tuple(s); collapsed via groupby().first(), dropping those rows (possible silent data loss — GH #323).
  warnings.warn(
PASS Burkina_Faso/plot_inputs: rows=22694 idx=('i', 't', 'v', 'input', 'crop', 'u') ikey=1.000
PASS Burkina_Faso/plot_labor: rows=16987 idx=('i', 't', 'v', 'plot', 'source') ikey=1.000
/global/scratch/fsa/fc_jevons/ligon/mirrors/LSMS_Library/lsms_library/countries/Burkina_Faso/2018-19/_/./people_last7days.py:99: UserWarning: Refusing workspace copy of DVC-tracked file ../Data/s01_me_bfa2018.dta (sister .dvc sidecar exists). The package tree must not contain DVC-tracked data; falling through to the DVC cache path. Clean up with: find lsms_library/countries -type f -name '*.dta' -execdir test -e '{}.dvc' \; -print -delete
  s01 = get_dataframe('../Data/s01_me_bfa2018.dta', convert_categoricals=False)
PASS Burkina_Faso/people_last7days: rows=45332 idx=('i', 't', 'v', 'pid') ikey=1.000
PASS Burkina_Faso/food_acquired: rows=304503 idx=('i', 't', 'v', 'j', 'u', 's') ikey=0.980
/global/scratch/fsa/fc_jevons/ligon/mirrors/LSMS_Library/lsms_library/countries/Burkina_Faso/2021-22/_/./plot_features.py:19: UserWarning: Refusing workspace copy of DVC-tracked file ../Data/s16a_me_bfa2021.dta (sister .dvc sidecar exists). The package tree must not contain DVC-tracked data; falling through to the DVC cache path. Clean up with: find lsms_library/countries -type f -name '*.dta' -execdir test -e '{}.dvc' \; -print -delete
  src = get_dataframe('../Data/s16a_me_bfa2021.dta', convert_categoricals=False)
PASS Burkina_Faso/plot_features: rows=19784 idx=('i', 't', 'v', 'plot_id') ikey=0.846
PASS CotedIvoire/livestock: rows=4711 idx=('i', 't', 'animal') ikey=nan
PASS CotedIvoire/crop_production: rows=22216 idx=('i', 't', 'v', 'plot', 'crop', 'u') ikey=1.000
/global/scratch/fsa/fc_jevons/ligon/mirrors/LSMS_Library/lsms_library/country.py:3812: RuntimeWarning: Canonical index over ['t', 'i', 'input', 'crop', 'u'] had 9 duplicate tuple(s); collapsed via groupby().first(), dropping those rows (possible silent data loss — GH #323).
  warnings.warn(
PASS CotedIvoire/plot_inputs: rows=11250 idx=('i', 't', 'v', 'input', 'crop', 'u') ikey=1.000
PASS CotedIvoire/plot_labor: rows=22264 idx=('i', 't', 'v', 'plot', 'source') ikey=1.000
/global/scratch/fsa/fc_jevons/ligon/mirrors/LSMS_Library/lsms_library/countries/CotedIvoire/2018-19/_/people_last7days.py:105: UserWarning: Refusing workspace copy of DVC-tracked file ../Data/Menage/s01_me_CIV2018.dta (sister .dvc sidecar exists). The package tree must not contain DVC-tracked data; falling through to the DVC cache path. Clean up with: find lsms_library/countries -type f -name '*.dta' -execdir test -e '{}.dvc' \; -print -delete
  s01 = get_dataframe('../Data/Menage/s01_me_CIV2018.dta', convert_categoricals=False)
PASS CotedIvoire/people_last7days: rows=60617 idx=('i', 't', 'v', 'pid') ikey=1.000
PASS CotedIvoire/food_acquired: rows=296241 idx=('i', 't', 'v', 'j', 'u', 's') ikey=1.000
PASS CotedIvoire/plot_features: rows=14417 idx=('i', 't', 'v', 'plot_id') ikey=1.000
/global/scratch/fsa/fc_jevons/ligon/mirrors/LSMS_Library/lsms_library/country.py:993: UserWarning: Makefile not found in /global/scratch/fsa/fc_jevons/ligon/mirrors/LSMS_Library/lsms_library/countries/Guinea-Bissau/_. Unable to generate required data.
  warnings.warn(f"Makefile not found in {makefile_path.parent}. Unable to generate required data.")
PASS Guinea-Bissau/livestock: rows=7989 idx=('i', 't', 'animal') ikey=nan
/global/scratch/fsa/fc_jevons/ligon/mirrors/LSMS_Library/lsms_library/country.py:993: UserWarning: Makefile not found in /global/scratch/fsa/fc_jevons/ligon/mirrors/LSMS_Library/lsms_library/countries/Guinea-Bissau/_. Unable to generate required data.
  warnings.warn(f"Makefile not found in {makefile_path.parent}. Unable to generate required data.")
PASS Guinea-Bissau/crop_production: rows=12188 idx=('i', 't', 'v', 'plot', 'crop', 'u') ikey=1.000
/global/scratch/fsa/fc_jevons/ligon/mirrors/LSMS_Library/lsms_library/country.py:993: UserWarning: Makefile not found in /global/scratch/fsa/fc_jevons/ligon/mirrors/LSMS_Library/lsms_library/countries/Guinea-Bissau/_. Unable to generate required data.
  warnings.warn(f"Makefile not found in {makefile_path.parent}. Unable to generate required data.")
PASS Guinea-Bissau/plot_inputs: rows=5534 idx=('i', 't', 'v', 'input', 'crop', 'u') ikey=1.000
/global/scratch/fsa/fc_jevons/ligon/mirrors/LSMS_Library/lsms_library/country.py:993: UserWarning: Makefile not found in /global/scratch/fsa/fc_jevons/ligon/mirrors/LSMS_Library/lsms_library/countries/Guinea-Bissau/_. Unable to generate required data.
  warnings.warn(f"Makefile not found in {makefile_path.parent}. Unable to generate required data.")
/global/scratch/fsa/fc_jevons/ligon/mirrors/LSMS_Library/lsms_library/countries/Guinea-Bissau/2018-19/_/plot_labor.py:139: UserWarning: Refusing workspace copy of DVC-tracked file ../Data/s16a_me_gnb2018.dta (sister .dvc sidecar exists). The package tree must not contain DVC-tracked data; falling through to the DVC cache path. Clean up with: find lsms_library/countries -type f -name '*.dta' -execdir test -e '{}.dvc' \; -print -delete
  src = get_dataframe('../Data/s16a_me_gnb2018.dta', convert_categoricals=False)
PASS Guinea-Bissau/plot_labor: rows=15516 idx=('i', 't', 'v', 'plot', 'source') ikey=1.000
/global/scratch/fsa/fc_jevons/ligon/mirrors/LSMS_Library/lsms_library/country.py:993: UserWarning: Makefile not found in /global/scratch/fsa/fc_jevons/ligon/mirrors/LSMS_Library/lsms_library/countries/Guinea-Bissau/_. Unable to generate required data.
  warnings.warn(f"Makefile not found in {makefile_path.parent}. Unable to generate required data.")
/global/scratch/fsa/fc_jevons/ligon/mirrors/LSMS_Library/lsms_library/countries/Guinea-Bissau/2018-19/_/people_last7days.py:115: UserWarning: Refusing workspace copy of DVC-tracked file ../Data/s01_me_gnb2018.dta (sister .dvc sidecar exists). The package tree must not contain DVC-tracked data; falling through to the DVC cache path. Clean up with: find lsms_library/countries -type f -name '*.dta' -execdir test -e '{}.dvc' \; -print -delete
  s01 = get_dataframe('../Data/s01_me_gnb2018.dta', convert_categoricals=False)
PASS Guinea-Bissau/people_last7days: rows=42569 idx=('i', 't', 'v', 'pid') ikey=1.000
PASS Guinea-Bissau/food_acquired: rows=127219 idx=('i', 't', 'v', 'j', 'u', 's') ikey=1.000
/global/scratch/fsa/fc_jevons/ligon/mirrors/LSMS_Library/lsms_library/country.py:993: UserWarning: Makefile not found in /global/scratch/fsa/fc_jevons/ligon/mirrors/LSMS_Library/lsms_library/countries/Guinea-Bissau/_. Unable to generate required data.
  warnings.warn(f"Makefile not found in {makefile_path.parent}. Unable to generate required data.")
/global/scratch/fsa/fc_jevons/ligon/mirrors/LSMS_Library/lsms_library/countries/Guinea-Bissau/2018-19/_/plot_features.py:24: UserWarning: Refusing workspace copy of DVC-tracked file ../Data/s16a_me_gnb2018.dta (sister .dvc sidecar exists). The package tree must not contain DVC-tracked data; falling through to the DVC cache path. Clean up with: find lsms_library/countries -type f -name '*.dta' -execdir test -e '{}.dvc' \; -print -delete
  src = get_dataframe('../Data/s16a_me_gnb2018.dta', convert_categoricals=False)
PASS Guinea-Bissau/plot_features: rows=9873 idx=('i', 't', 'v', 'plot_id') ikey=1.000
PASS Senegal/livestock: rows=9404 idx=('i', 't', 'animal') ikey=nan
PASS Senegal/crop_production: rows=8416 idx=('i', 't', 'v', 'plot', 'crop', 'u') ikey=1.000
/global/scratch/fsa/fc_jevons/ligon/mirrors/LSMS_Library/lsms_library/country.py:3812: RuntimeWarning: Canonical index over ['t', 'i', 'input', 'crop', 'u'] had 15 duplicate tuple(s); collapsed via groupby().first(), dropping those rows (possible silent data loss — GH #323).
  warnings.warn(
PASS Senegal/plot_inputs: rows=9901 idx=('i', 't', 'v', 'input', 'crop', 'u') ikey=1.000
/global/scratch/fsa/fc_jevons/ligon/mirrors/LSMS_Library/lsms_library/countries/Senegal/2018-19/_/./plot_labor.py:131: UserWarning: Refusing workspace copy of DVC-tracked file ../Data/s16a_me_sen2018.dta (sister .dvc sidecar exists). The package tree must not contain DVC-tracked data; falling through to the DVC cache path. Clean up with: find lsms_library/countries -type f -name '*.dta' -execdir test -e '{}.dvc' \; -print -delete
  src = get_dataframe('../Data/s16a_me_sen2018.dta', convert_categoricals=False)
PASS Senegal/plot_labor: rows=10447 idx=('i', 't', 'v', 'plot', 'source') ikey=1.000
/global/scratch/fsa/fc_jevons/ligon/mirrors/LSMS_Library/lsms_library/countries/Senegal/2018-19/_/./people_last7days.py:112: UserWarning: Refusing workspace copy of DVC-tracked file ../Data/s01_me_sen2018.dta (sister .dvc sidecar exists). The package tree must not contain DVC-tracked data; falling through to the DVC cache path. Clean up with: find lsms_library/countries -type f -name '*.dta' -execdir test -e '{}.dvc' \; -print -delete
  s01 = get_dataframe('../Data/s01_me_sen2018.dta', convert_categoricals=False)
PASS Senegal/people_last7days: rows=65723 idx=('i', 't', 'v', 'pid') ikey=1.000
PASS Senegal/food_acquired: rows=435693 idx=('i', 't', 'v', 'j', 'u', 's') ikey=1.000
/global/scratch/fsa/fc_jevons/ligon/mirrors/LSMS_Library/lsms_library/countries/Senegal/2018-19/_/./plot_features.py:19: UserWarning: Refusing workspace copy of DVC-tracked file ../Data/s16a_me_sen2018.dta (sister .dvc sidecar exists). The package tree must not contain DVC-tracked data; falling through to the DVC cache path. Clean up with: find lsms_library/countries -type f -name '*.dta' -execdir test -e '{}.dvc' \; -print -delete
  src = get_dataframe('../Data/s16a_me_sen2018.dta', convert_categoricals=False)
/global/scratch/fsa/fc_jevons/ligon/mirrors/LSMS_Library/lsms_library/countries/Senegal/2021-22/_/./plot_features.py:19: UserWarning: Refusing workspace copy of DVC-tracked file ../Data/s16a_me_sen2021.dta (sister .dvc sidecar exists). The package tree must not contain DVC-tracked data; falling through to the DVC cache path. Clean up with: find lsms_library/countries -type f -name '*.dta' -execdir test -e '{}.dvc' \; -print -delete
  src = get_dataframe('../Data/s16a_me_sen2021.dta', convert_categoricals=False)
PASS Senegal/plot_features: rows=13824 idx=('i', 't', 'v', 'plot_id') ikey=1.000
PASS Togo/livestock: rows=6181 idx=('i', 't', 'animal') ikey=nan
PASS Togo/crop_production: rows=11563 idx=('i', 't', 'v', 'plot', 'crop', 'u') ikey=1.000
/global/scratch/fsa/fc_jevons/ligon/mirrors/LSMS_Library/lsms_library/country.py:3812: RuntimeWarning: Canonical index over ['t', 'i', 'input', 'crop', 'u'] had 165 duplicate tuple(s); collapsed via groupby().first(), dropping those rows (possible silent data loss — GH #323).
  warnings.warn(
PASS Togo/plot_inputs: rows=13565 idx=('i', 't', 'v', 'input', 'crop', 'u') ikey=1.000
PASS Togo/plot_labor: rows=15052 idx=('i', 't', 'v', 'plot', 'source') ikey=1.000
/global/scratch/fsa/fc_jevons/ligon/mirrors/LSMS_Library/lsms_library/countries/Togo/2018/_/people_last7days.py:116: UserWarning: Refusing workspace copy of DVC-tracked file ../Data1/s01_me_tgo2018.dta (sister .dvc sidecar exists). The package tree must not contain DVC-tracked data; falling through to the DVC cache path. Clean up with: find lsms_library/countries -type f -name '*.dta' -execdir test -e '{}.dvc' \; -print -delete
  s01 = get_dataframe('../Data1/s01_me_tgo2018.dta', convert_categoricals=False)
PASS Togo/people_last7days: rows=25282 idx=('i', 't', 'v', 'pid') ikey=1.000
PASS Togo/food_acquired: rows=113132 idx=('i', 't', 'v', 'j', 'u', 's') ikey=1.000
PASS Togo/plot_features: rows=9553 idx=('i', 't', 'v', 'plot_id') ikey=1.000
=== DONE 15:39:18 ===
