=== full suite (6 EHCVM rebuild + all regressions) 15:14:52 ===
....s...................s.............s...................s............. [  4%]
........................................................................ [  8%]
.......X................................................................ [ 12%]
........................................................................ [ 16%]
........................................................................ [ 20%]
.....ssssssss........................................................... [ 24%]
.......sssss.........................................ss................. [ 28%]
..........................s................................s............ [ 32%]
....................s................................s.................x [ 36%]
.........x....s..x.............................s........................ [ 40%]
........s................................s.............................. [ 44%]
..s.............ss.ssx...ssss.sss..s..s.s.s...s.ssssssssssssssssss.sss.s [ 48%]
ss.ss.ss................................................................ [ 52%]
........................................................................ [ 56%]
........................................................................ [ 60%]
........................................................................ [ 64%]
........................................................................ [ 68%]
........................................................................ [ 73%]
........................................................................ [ 77%]
........................................................................ [ 81%]
........................................................................ [ 85%]
........................................................................ [ 89%]
...........................................................xx.x......xxx [ 93%]
.....s....s....s....s....s....s....s....s.........s....sss...sss........ [ 97%]
...............................................                          [100%]
=============================== warnings summary ===============================
tests/test_add_market_index_dedup.py::TestAddMarketIndexDedup::test_no_duplicate_index_rows
tests/test_add_market_index_dedup.py::TestAddMarketIndexDedup::test_no_duplicate_index_rows
  /global/scratch/fsa/fc_jevons/ligon/mirrors/LSMS_Library/.venv/lib/python3.11/site-packages/ligonlibrary/dataframes.py:435: RuntimeWarning: Issue with categorical mapping: h1bq1
    warnings.warn(f"Issue with categorical mapping: {var}", RuntimeWarning)

tests/test_add_market_index_dedup.py::TestAddMarketIndexDedup::test_no_duplicate_index_rows
tests/test_add_market_index_dedup.py::TestAddMarketIndexDedup::test_no_duplicate_index_rows
  /global/scratch/fsa/fc_jevons/ligon/mirrors/LSMS_Library/.venv/lib/python3.11/site-packages/ligonlibrary/dataframes.py:435: RuntimeWarning: Issue with categorical mapping: h1bq3
    warnings.warn(f"Issue with categorical mapping: {var}", RuntimeWarning)

tests/test_age_dtype_consistency.py::test_age_dtype_is_float64[Albania]
tests/test_age_dtype_consistency.py::test_age_no_negative_values[Albania]
  /global/scratch/fsa/fc_jevons/ligon/mirrors/LSMS_Library/lsms_library/country.py:2046: UserWarning: Unknown relationship labels (add to kinship.yml): ['Father / mother-in-law', 'Grandfather / Mother', 'brother/sister in-law', 'father/mother in-law']
    df = _expand_kinship(df)

tests/test_age_dtype_consistency.py::test_age_dtype_is_float64[Benin]
  /global/scratch/fsa/fc_jevons/ligon/mirrors/LSMS_Library/lsms_library/local_tools.py:1015: UserWarning: Refusing workspace copy of DVC-tracked file Benin/2018-19/Data/s01_me_ben2018.dta (sister .dvc sidecar exists). The package tree must not contain DVC-tracked data; falling through to the DVC cache path. Clean up with: find lsms_library/countries -type f -name '*.dta' -execdir test -e '{}.dvc' \; -print -delete
    df = get_dataframe(fn,convert_categoricals=convert_categoricals,encoding=encoding)

tests/test_age_dtype_consistency.py::test_age_dtype_is_float64[Burkina_Faso]
  /global/scratch/fsa/fc_jevons/ligon/mirrors/LSMS_Library/lsms_library/local_tools.py:1015: UserWarning: Refusing workspace copy of DVC-tracked file Burkina_Faso/2018-19/Data/s01_me_bfa2018.dta (sister .dvc sidecar exists). The package tree must not contain DVC-tracked data; falling through to the DVC cache path. Clean up with: find lsms_library/countries -type f -name '*.dta' -execdir test -e '{}.dvc' \; -print -delete
    df = get_dataframe(fn,convert_categoricals=convert_categoricals,encoding=encoding)

tests/test_age_dtype_consistency.py::test_age_dtype_is_float64[Burkina_Faso]
  /global/scratch/fsa/fc_jevons/ligon/mirrors/LSMS_Library/lsms_library/local_tools.py:1015: UserWarning: Refusing workspace copy of DVC-tracked file Burkina_Faso/2021-22/Data/s01_me_bfa2021.dta (sister .dvc sidecar exists). The package tree must not contain DVC-tracked data; falling through to the DVC cache path. Clean up with: find lsms_library/countries -type f -name '*.dta' -execdir test -e '{}.dvc' \; -print -delete
    df = get_dataframe(fn,convert_categoricals=convert_categoricals,encoding=encoding)

tests/test_age_dtype_consistency.py::test_age_dtype_is_float64[CotedIvoire]
  /global/scratch/fsa/fc_jevons/ligon/mirrors/LSMS_Library/lsms_library/country.py:3812: RuntimeWarning: Canonical index over ['t', 'i', 'pid'] had 2 duplicate tuple(s); collapsed via groupby().first(), dropping those rows (possible silent data loss — GH #323).
    warnings.warn(

tests/test_age_dtype_consistency.py::test_age_dtype_is_float64[CotedIvoire]
  /global/scratch/fsa/fc_jevons/ligon/mirrors/LSMS_Library/lsms_library/local_tools.py:1015: UserWarning: Refusing workspace copy of DVC-tracked file CotedIvoire/2018-19/Data/Menage/s01_me_CIV2018.dta (sister .dvc sidecar exists). The package tree must not contain DVC-tracked data; falling through to the DVC cache path. Clean up with: find lsms_library/countries -type f -name '*.dta' -execdir test -e '{}.dvc' \; -print -delete
    df = get_dataframe(fn,convert_categoricals=convert_categoricals,encoding=encoding)

tests/test_age_dtype_consistency.py::test_age_dtype_is_float64[Guinea-Bissau]
  /global/scratch/fsa/fc_jevons/ligon/mirrors/LSMS_Library/lsms_library/local_tools.py:1015: UserWarning: Refusing workspace copy of DVC-tracked file Guinea-Bissau/2018-19/Data/s01_me_gnb2018.dta (sister .dvc sidecar exists). The package tree must not contain DVC-tracked data; falling through to the DVC cache path. Clean up with: find lsms_library/countries -type f -name '*.dta' -execdir test -e '{}.dvc' \; -print -delete
    df = get_dataframe(fn,convert_categoricals=convert_categoricals,encoding=encoding)

tests/test_age_dtype_consistency.py::test_age_dtype_is_float64[Iraq]
tests/test_age_dtype_consistency.py::test_age_no_negative_values[Iraq]
  /global/scratch/fsa/fc_jevons/ligon/mirrors/LSMS_Library/lsms_library/country.py:2017: UserWarning: Iraq: waves ['2012'] have 100% NaN v after _join_v_from_sample; these will be silently dropped from derived tables (household_characteristics, food_expenditures, food_prices, food_quantities) by the downstream groupby.  Check i-key compatibility between the roster source and the sample table -- compare wave-level data_info.yml's `idxvars.i` on each side.  See GH #256 for context and PRs #244 / #253 / #255 for the established fix pattern.
    df = self._join_v_from_sample(df)

tests/test_age_dtype_consistency.py::test_age_dtype_is_float64[Senegal]
  /global/scratch/fsa/fc_jevons/ligon/mirrors/LSMS_Library/lsms_library/local_tools.py:1015: UserWarning: Refusing workspace copy of DVC-tracked file Senegal/2018-19/Data/s01_me_sen2018.dta (sister .dvc sidecar exists). The package tree must not contain DVC-tracked data; falling through to the DVC cache path. Clean up with: find lsms_library/countries -type f -name '*.dta' -execdir test -e '{}.dvc' \; -print -delete
    df = get_dataframe(fn,convert_categoricals=convert_categoricals,encoding=encoding)

tests/test_age_dtype_consistency.py::test_age_dtype_is_float64[South Africa]
tests/test_age_dtype_consistency.py::test_age_no_negative_values[South Africa]
  /global/scratch/fsa/fc_jevons/ligon/mirrors/LSMS_Library/lsms_library/country.py:2046: UserWarning: Unknown relationship labels (add to kinship.yml): ['-1']
    df = _expand_kinship(df)

tests/test_age_dtype_consistency.py::test_age_dtype_is_float64[Togo]
  /global/scratch/fsa/fc_jevons/ligon/mirrors/LSMS_Library/lsms_library/local_tools.py:1015: UserWarning: Refusing workspace copy of DVC-tracked file Togo/2018/Data1/s01_me_tgo2018.dta (sister .dvc sidecar exists). The package tree must not contain DVC-tracked data; falling through to the DVC cache path. Clean up with: find lsms_library/countries -type f -name '*.dta' -execdir test -e '{}.dvc' \; -print -delete
    df = get_dataframe(fn,convert_categoricals=convert_categoricals,encoding=encoding)

tests/test_cache_hash_invalidation.py: 12 warnings
  /global/scratch/fsa/fc_jevons/ligon/mirrors/LSMS_Library/lsms_library/country.py:993: UserWarning: Makefile not found in /global/scratch/fsa/fc_jevons/ligon/mirrors/LSMS_Library/lsms_library/countries/Albania/_. Unable to generate required data.
    warnings.warn(f"Makefile not found in {makefile_path.parent}. Unable to generate required data.")

tests/test_canonical_shape_via_cache_miss.py::test_canonical_shape_via_cache_miss[PR230_Guyana_household_characteristics]
  /global/scratch/fsa/fc_jevons/ligon/mirrors/LSMS_Library/lsms_library/country.py:3812: RuntimeWarning: Canonical index over ['t', 'i', 'pid'] had 888 duplicate tuple(s); collapsed via groupby().first(), dropping those rows (possible silent data loss — GH #323).
    warnings.warn(

tests/test_canonical_shape_via_cache_miss.py::test_canonical_shape_via_cache_miss[PR230_Guyana_household_characteristics]
tests/test_canonical_shape_via_cache_miss.py::test_canonical_shape_via_cache_miss[PR230_Azerbaijan_household_characteristics]
tests/test_canonical_shape_via_cache_miss.py::test_canonical_shape_via_cache_miss[PR230_Serbia_and_Montenegro_household_characteristics]
  /global/scratch/fsa/fc_jevons/ligon/mirrors/LSMS_Library/lsms_library/diagnostics.py:872: UserWarning: household_characteristics: replaced 448 roster rows with NaN in one of ['t', 'v', 'i'] (typically v) by sentinel 'Mover' -- per-wave: {'2009-10': 110, '2013-14': 7, '2018-19': 328, '2019-20': 3}.  These are usually movers / split-offs whose sample() row lacks a cluster code.  Filter on index.get_level_values('v') == 'Mover' to recover the legacy drop (GH #197, GH #268).
    ref_df = ref_method()

tests/test_canonical_shape_via_cache_miss.py::test_canonical_shape_via_cache_miss[GH109_GhanaLSS_food_acquired]
  /global/scratch/fsa/fc_jevons/ligon/mirrors/LSMS_Library/lsms_library/country.py:3812: RuntimeWarning: Canonical index over ['t', 'i', 'j', 'u', 's', 'visit'] had 35 duplicate tuple(s); collapsed via groupby().first(), dropping those rows (possible silent data loss — GH #323).
    warnings.warn(

tests/test_dvc_caching.py: 13 warnings
  /global/scratch/fsa/fc_jevons/ligon/mirrors/LSMS_Library/lsms_library/country.py:1193: UserWarning: Country directory not found for 'TestCountry'
    warnings.warn(f"Country directory not found for {country_name!r}")

tests/test_sample.py::TestUganda2009MarketFallback::test_household_characteristics_retains_hybrid_v_HH
  /global/scratch/fsa/fc_jevons/ligon/mirrors/LSMS_Library/tests/test_sample.py:405: UserWarning: household_characteristics: replaced 448 roster rows with NaN in one of ['t', 'v', 'i'] (typically v) by sentinel 'Mover' -- per-wave: {'2009-10': 110, '2013-14': 7, '2018-19': 328, '2019-20': 3}.  These are usually movers / split-offs whose sample() row lacks a cluster code.  Filter on index.get_level_values('v') == 'Mover' to recover the legacy drop (GH #197, GH #268).
    return ll.Country("Uganda").household_characteristics(market="Region")

-- Docs: https://docs.pytest.org/en/stable/how-to/capture-warnings.html
1677 passed, 87 skipped, 10 xfailed, 1 xpassed, 49 warnings in 1018.31s (0:16:58)
=== EXIT 0 15:31:55 ===
