feature-audit scan: 4 features, jobs=14, BLAS threads/worker=1, build_timeout=600s, skip_no_microdata=[Armenia, Nepal]
Parquet file for food_acquired still missing after running Makefile.
make: *** No rule to make target '/global/home/users/ligon/.local/share/lsms_library/Ethiopia/2011-12/_/food_acquired.parquet'.  Stop.
/global/scratch/fsa/fc_jevons/ligon/mirrors/LSMS_Library/.venv/lib/python3.11/site-packages/ligonlibrary/dataframes.py:416: UnicodeWarning: 
One or more strings in the dta file could not be decoded using utf-8, and
so the fallback encoding of latin-1 is being used.  This can happen when a file
has been incorrectly encoded by Stata or some other software. You should verify
the string values returned are correct.
  values = reader.value_labels()
/global/scratch/fsa/fc_jevons/ligon/mirrors/LSMS_Library/.venv/lib/python3.11/site-packages/ligonlibrary/dataframes.py:416: UnicodeWarning: 
One or more strings in the dta file could not be decoded using utf-8, and
so the fallback encoding of latin-1 is being used.  This can happen when a file
has been incorrectly encoded by Stata or some other software. You should verify
the string values returned are correct.
  values = reader.value_labels()
/global/scratch/fsa/fc_jevons/ligon/mirrors/LSMS_Library/.venv/lib/python3.11/site-packages/ligonlibrary/dataframes.py:416: UnicodeWarning: 
One or more strings in the dta file could not be decoded using utf-8, and
so the fallback encoding of latin-1 is being used.  This can happen when a file
has been incorrectly encoded by Stata or some other software. You should verify
the string values returned are correct.
  values = reader.value_labels()
/global/scratch/fsa/fc_jevons/ligon/mirrors/LSMS_Library/lsms_library/local_tools.py:936: DtypeWarning: Columns (0: FOODCD, 1: FOODBLV, 2: UNIQUEID) have mixed types. Specify dtype option on import or set low_memory=False.
  return pd.read_csv(f,encoding=encoding)
/global/scratch/fsa/fc_jevons/ligon/mirrors/LSMS_Library/lsms_library/local_tools.py:936: DtypeWarning: Columns (0: FOODCD, 1: FOODBLV, 2: UNIQUEID) have mixed types. Specify dtype option on import or set low_memory=False.
  return pd.read_csv(f,encoding=encoding)
/global/scratch/fsa/fc_jevons/ligon/mirrors/LSMS_Library/lsms_library/local_tools.py:936: DtypeWarning: Columns (0: FOODCD, 1: FOODBLV, 2: UNIQUEID) have mixed types. Specify dtype option on import or set low_memory=False.
  return pd.read_csv(f,encoding=encoding)
/global/scratch/fsa/fc_jevons/ligon/mirrors/LSMS_Library/lsms_library/local_tools.py:936: DtypeWarning: Columns (0: FOODCD, 1: FOODBLV, 2: UNIQUEID) have mixed types. Specify dtype option on import or set low_memory=False.
  return pd.read_csv(f,encoding=encoding)
/global/scratch/fsa/fc_jevons/ligon/mirrors/LSMS_Library/lsms_library/local_tools.py:936: DtypeWarning: Columns (0: FOODCD, 1: FOODBLV, 2: MFOODBLY, 3: TFOODB, 4: UTFOODB, 5: CFOODB) have mixed types. Specify dtype option on import or set low_memory=False.
  return pd.read_csv(f,encoding=encoding)
/global/scratch/fsa/fc_jevons/ligon/mirrors/LSMS_Library/lsms_library/local_tools.py:936: DtypeWarning: Columns (0: FOODCD, 1: FOODBLV, 2: MFOODBLY, 3: TFOODB, 4: UTFOODB, 5: CFOODB) have mixed types. Specify dtype option on import or set low_memory=False.
  return pd.read_csv(f,encoding=encoding)
/global/scratch/fsa/fc_jevons/ligon/mirrors/LSMS_Library/lsms_library/local_tools.py:936: DtypeWarning: Columns (0: FOODCD, 1: FOODBLV, 2: MFOODBLY, 3: TFOODB, 4: UTFOODB, 5: CFOODB) have mixed types. Specify dtype option on import or set low_memory=False.
  return pd.read_csv(f,encoding=encoding)
/global/scratch/fsa/fc_jevons/ligon/mirrors/LSMS_Library/lsms_library/local_tools.py:936: DtypeWarning: Columns (0: FOODCD, 1: FOODBLV, 2: MFOODBLY, 3: TFOODB, 4: UTFOODB, 5: CFOODB) have mixed types. Specify dtype option on import or set low_memory=False.
  return pd.read_csv(f,encoding=encoding)
/global/scratch/fsa/fc_jevons/ligon/mirrors/LSMS_Library/.venv/lib/python3.11/site-packages/ligonlibrary/dataframes.py:435: RuntimeWarning: Issue with categorical mapping: hh_a22
  warnings.warn(f"Issue with categorical mapping: {var}", RuntimeWarning)
/global/scratch/fsa/fc_jevons/ligon/mirrors/LSMS_Library/.venv/lib/python3.11/site-packages/ligonlibrary/dataframes.py:435: RuntimeWarning: Issue with categorical mapping: hh_a23
  warnings.warn(f"Issue with categorical mapping: {var}", RuntimeWarning)
/global/scratch/fsa/fc_jevons/ligon/mirrors/LSMS_Library/.venv/lib/python3.11/site-packages/ligonlibrary/dataframes.py:435: RuntimeWarning: Issue with categorical mapping: hh_a37
  warnings.warn(f"Issue with categorical mapping: {var}", RuntimeWarning)
/global/scratch/fsa/fc_jevons/ligon/mirrors/LSMS_Library/.venv/lib/python3.11/site-packages/ligonlibrary/dataframes.py:435: RuntimeWarning: Issue with categorical mapping: hh_a40
  warnings.warn(f"Issue with categorical mapping: {var}", RuntimeWarning)
/global/scratch/fsa/fc_jevons/ligon/mirrors/LSMS_Library/.venv/lib/python3.11/site-packages/ligonlibrary/dataframes.py:435: RuntimeWarning: Issue with categorical mapping: hh_a22
  warnings.warn(f"Issue with categorical mapping: {var}", RuntimeWarning)
/global/scratch/fsa/fc_jevons/ligon/mirrors/LSMS_Library/.venv/lib/python3.11/site-packages/ligonlibrary/dataframes.py:435: RuntimeWarning: Issue with categorical mapping: hh_a23
  warnings.warn(f"Issue with categorical mapping: {var}", RuntimeWarning)
/global/scratch/fsa/fc_jevons/ligon/mirrors/LSMS_Library/.venv/lib/python3.11/site-packages/ligonlibrary/dataframes.py:435: RuntimeWarning: Issue with categorical mapping: hh_a37
  warnings.warn(f"Issue with categorical mapping: {var}", RuntimeWarning)
/global/scratch/fsa/fc_jevons/ligon/mirrors/LSMS_Library/.venv/lib/python3.11/site-packages/ligonlibrary/dataframes.py:435: RuntimeWarning: Issue with categorical mapping: hh_a40
  warnings.warn(f"Issue with categorical mapping: {var}", RuntimeWarning)
/global/scratch/fsa/fc_jevons/ligon/mirrors/LSMS_Library/.venv/lib/python3.11/site-packages/ligonlibrary/dataframes.py:435: RuntimeWarning: Issue with categorical mapping: hh_a22
  warnings.warn(f"Issue with categorical mapping: {var}", RuntimeWarning)
/global/scratch/fsa/fc_jevons/ligon/mirrors/LSMS_Library/.venv/lib/python3.11/site-packages/ligonlibrary/dataframes.py:435: RuntimeWarning: Issue with categorical mapping: hh_a23
  warnings.warn(f"Issue with categorical mapping: {var}", RuntimeWarning)
/global/scratch/fsa/fc_jevons/ligon/mirrors/LSMS_Library/.venv/lib/python3.11/site-packages/ligonlibrary/dataframes.py:435: RuntimeWarning: Issue with categorical mapping: hh_a37
  warnings.warn(f"Issue with categorical mapping: {var}", RuntimeWarning)
/global/scratch/fsa/fc_jevons/ligon/mirrors/LSMS_Library/.venv/lib/python3.11/site-packages/ligonlibrary/dataframes.py:435: RuntimeWarning: Issue with categorical mapping: hh_a40
  warnings.warn(f"Issue with categorical mapping: {var}", RuntimeWarning)
/global/scratch/fsa/fc_jevons/ligon/mirrors/LSMS_Library/.venv/lib/python3.11/site-packages/ligonlibrary/dataframes.py:435: RuntimeWarning: Issue with categorical mapping: hh_a22
  warnings.warn(f"Issue with categorical mapping: {var}", RuntimeWarning)
/global/scratch/fsa/fc_jevons/ligon/mirrors/LSMS_Library/.venv/lib/python3.11/site-packages/ligonlibrary/dataframes.py:435: RuntimeWarning: Issue with categorical mapping: hh_a23
  warnings.warn(f"Issue with categorical mapping: {var}", RuntimeWarning)
/global/scratch/fsa/fc_jevons/ligon/mirrors/LSMS_Library/.venv/lib/python3.11/site-packages/ligonlibrary/dataframes.py:435: RuntimeWarning: Issue with categorical mapping: hh_a37
  warnings.warn(f"Issue with categorical mapping: {var}", RuntimeWarning)
/global/scratch/fsa/fc_jevons/ligon/mirrors/LSMS_Library/.venv/lib/python3.11/site-packages/ligonlibrary/dataframes.py:435: RuntimeWarning: Issue with categorical mapping: hh_a40
  warnings.warn(f"Issue with categorical mapping: {var}", RuntimeWarning)
/global/scratch/fsa/fc_jevons/ligon/mirrors/LSMS_Library/.venv/lib/python3.11/site-packages/ligonlibrary/dataframes.py:435: RuntimeWarning: Issue with categorical mapping: hh_a22
  warnings.warn(f"Issue with categorical mapping: {var}", RuntimeWarning)
/global/scratch/fsa/fc_jevons/ligon/mirrors/LSMS_Library/.venv/lib/python3.11/site-packages/ligonlibrary/dataframes.py:435: RuntimeWarning: Issue with categorical mapping: hh_a23
  warnings.warn(f"Issue with categorical mapping: {var}", RuntimeWarning)
/global/scratch/fsa/fc_jevons/ligon/mirrors/LSMS_Library/.venv/lib/python3.11/site-packages/ligonlibrary/dataframes.py:435: RuntimeWarning: Issue with categorical mapping: hh_a22
  warnings.warn(f"Issue with categorical mapping: {var}", RuntimeWarning)
/global/scratch/fsa/fc_jevons/ligon/mirrors/LSMS_Library/.venv/lib/python3.11/site-packages/ligonlibrary/dataframes.py:435: RuntimeWarning: Issue with categorical mapping: hh_a23
  warnings.warn(f"Issue with categorical mapping: {var}", RuntimeWarning)
/global/scratch/fsa/fc_jevons/ligon/mirrors/LSMS_Library/.venv/lib/python3.11/site-packages/ligonlibrary/dataframes.py:435: RuntimeWarning: Issue with categorical mapping: hh_a37
  warnings.warn(f"Issue with categorical mapping: {var}", RuntimeWarning)
/global/scratch/fsa/fc_jevons/ligon/mirrors/LSMS_Library/.venv/lib/python3.11/site-packages/ligonlibrary/dataframes.py:435: RuntimeWarning: Issue with categorical mapping: hh_a40
  warnings.warn(f"Issue with categorical mapping: {var}", RuntimeWarning)
/global/scratch/fsa/fc_jevons/ligon/mirrors/LSMS_Library/.venv/lib/python3.11/site-packages/ligonlibrary/dataframes.py:435: RuntimeWarning: Issue with categorical mapping: hh_a22
  warnings.warn(f"Issue with categorical mapping: {var}", RuntimeWarning)
/global/scratch/fsa/fc_jevons/ligon/mirrors/LSMS_Library/.venv/lib/python3.11/site-packages/ligonlibrary/dataframes.py:435: RuntimeWarning: Issue with categorical mapping: hh_a23
  warnings.warn(f"Issue with categorical mapping: {var}", RuntimeWarning)
/global/scratch/fsa/fc_jevons/ligon/mirrors/LSMS_Library/.venv/lib/python3.11/site-packages/ligonlibrary/dataframes.py:435: RuntimeWarning: Issue with categorical mapping: hh_a22
  warnings.warn(f"Issue with categorical mapping: {var}", RuntimeWarning)
/global/scratch/fsa/fc_jevons/ligon/mirrors/LSMS_Library/.venv/lib/python3.11/site-packages/ligonlibrary/dataframes.py:435: RuntimeWarning: Issue with categorical mapping: hh_a23
  warnings.warn(f"Issue with categorical mapping: {var}", RuntimeWarning)
/global/scratch/fsa/fc_jevons/ligon/mirrors/LSMS_Library/.venv/lib/python3.11/site-packages/ligonlibrary/dataframes.py:435: RuntimeWarning: Issue with categorical mapping: hh_a37
  warnings.warn(f"Issue with categorical mapping: {var}", RuntimeWarning)
/global/scratch/fsa/fc_jevons/ligon/mirrors/LSMS_Library/.venv/lib/python3.11/site-packages/ligonlibrary/dataframes.py:435: RuntimeWarning: Issue with categorical mapping: hh_a40
  warnings.warn(f"Issue with categorical mapping: {var}", RuntimeWarning)
/global/scratch/fsa/fc_jevons/ligon/mirrors/LSMS_Library/.venv/lib/python3.11/site-packages/ligonlibrary/dataframes.py:435: RuntimeWarning: Issue with categorical mapping: hh_a22
  warnings.warn(f"Issue with categorical mapping: {var}", RuntimeWarning)
/global/scratch/fsa/fc_jevons/ligon/mirrors/LSMS_Library/.venv/lib/python3.11/site-packages/ligonlibrary/dataframes.py:435: RuntimeWarning: Issue with categorical mapping: hh_a23
  warnings.warn(f"Issue with categorical mapping: {var}", RuntimeWarning)
/global/scratch/fsa/fc_jevons/ligon/mirrors/LSMS_Library/.venv/lib/python3.11/site-packages/ligonlibrary/dataframes.py:435: RuntimeWarning: Issue with categorical mapping: hh_a22
  warnings.warn(f"Issue with categorical mapping: {var}", RuntimeWarning)
/global/scratch/fsa/fc_jevons/ligon/mirrors/LSMS_Library/.venv/lib/python3.11/site-packages/ligonlibrary/dataframes.py:435: RuntimeWarning: Issue with categorical mapping: hh_a23
  warnings.warn(f"Issue with categorical mapping: {var}", RuntimeWarning)
/global/scratch/fsa/fc_jevons/ligon/mirrors/LSMS_Library/.venv/lib/python3.11/site-packages/ligonlibrary/dataframes.py:435: RuntimeWarning: Issue with categorical mapping: hh_a37
  warnings.warn(f"Issue with categorical mapping: {var}", RuntimeWarning)
/global/scratch/fsa/fc_jevons/ligon/mirrors/LSMS_Library/.venv/lib/python3.11/site-packages/ligonlibrary/dataframes.py:435: RuntimeWarning: Issue with categorical mapping: hh_a40
  warnings.warn(f"Issue with categorical mapping: {var}", RuntimeWarning)
/global/scratch/fsa/fc_jevons/ligon/mirrors/LSMS_Library/.venv/lib/python3.11/site-packages/ligonlibrary/dataframes.py:435: RuntimeWarning: Issue with categorical mapping: hh_a22
  warnings.warn(f"Issue with categorical mapping: {var}", RuntimeWarning)
/global/scratch/fsa/fc_jevons/ligon/mirrors/LSMS_Library/.venv/lib/python3.11/site-packages/ligonlibrary/dataframes.py:435: RuntimeWarning: Issue with categorical mapping: hh_a23
  warnings.warn(f"Issue with categorical mapping: {var}", RuntimeWarning)
/global/scratch/fsa/fc_jevons/ligon/mirrors/LSMS_Library/.venv/lib/python3.11/site-packages/ligonlibrary/dataframes.py:435: RuntimeWarning: Issue with categorical mapping: hh_a22
  warnings.warn(f"Issue with categorical mapping: {var}", RuntimeWarning)
/global/scratch/fsa/fc_jevons/ligon/mirrors/LSMS_Library/.venv/lib/python3.11/site-packages/ligonlibrary/dataframes.py:435: RuntimeWarning: Issue with categorical mapping: hh_a23
  warnings.warn(f"Issue with categorical mapping: {var}", RuntimeWarning)
/global/scratch/fsa/fc_jevons/ligon/mirrors/LSMS_Library/.venv/lib/python3.11/site-packages/ligonlibrary/dataframes.py:435: RuntimeWarning: Issue with categorical mapping: hh_a37
  warnings.warn(f"Issue with categorical mapping: {var}", RuntimeWarning)
/global/scratch/fsa/fc_jevons/ligon/mirrors/LSMS_Library/.venv/lib/python3.11/site-packages/ligonlibrary/dataframes.py:435: RuntimeWarning: Issue with categorical mapping: hh_a40
  warnings.warn(f"Issue with categorical mapping: {var}", RuntimeWarning)
/global/scratch/fsa/fc_jevons/ligon/mirrors/LSMS_Library/lsms_library/local_tools.py:936: DtypeWarning: Columns (0: s10bq2b_os, 1: s10bq3b_os, 2: s10bq5b_os, 3: s10bq6b_os, 4: s10bq7b_os) have mixed types. Specify dtype option on import or set low_memory=False.
  return pd.read_csv(f,encoding=encoding)
/global/scratch/fsa/fc_jevons/ligon/mirrors/LSMS_Library/lsms_library/local_tools.py:936: DtypeWarning: Columns (0: s10bq2b_os, 1: s10bq3b_os, 2: s10bq5b_os, 3: s10bq6b_os, 4: s10bq7b_os) have mixed types. Specify dtype option on import or set low_memory=False.
  return pd.read_csv(f,encoding=encoding)
/global/scratch/fsa/fc_jevons/ligon/mirrors/LSMS_Library/lsms_library/local_tools.py:936: DtypeWarning: Columns (0: s7bq2b_os, 1: s7bq3b_os, 2: s7bq5b_os, 3: s7bq6b_os, 4: s7bq7b_os) have mixed types. Specify dtype option on import or set low_memory=False.
  return pd.read_csv(f,encoding=encoding)
/global/scratch/fsa/fc_jevons/ligon/mirrors/LSMS_Library/lsms_library/local_tools.py:936: DtypeWarning: Columns (0: s7bq2b_os, 1: s7bq3b_os, 2: s7bq5b_os, 3: s7bq6b_os, 4: s7bq7b_os) have mixed types. Specify dtype option on import or set low_memory=False.
  return pd.read_csv(f,encoding=encoding)
/global/scratch/fsa/fc_jevons/ligon/mirrors/LSMS_Library/lsms_library/local_tools.py:936: DtypeWarning: Columns (0: s10bq2b_os, 1: s10bq9b_os) have mixed types. Specify dtype option on import or set low_memory=False.
  return pd.read_csv(f,encoding=encoding)
/global/scratch/fsa/fc_jevons/ligon/mirrors/LSMS_Library/lsms_library/local_tools.py:936: DtypeWarning: Columns (0: s10bq2b_os, 1: s10bq9b_os) have mixed types. Specify dtype option on import or set low_memory=False.
  return pd.read_csv(f,encoding=encoding)
/global/scratch/fsa/fc_jevons/ligon/mirrors/LSMS_Library/lsms_library/local_tools.py:936: DtypeWarning: Columns (0: s10bq2b_os, 1: s10bq9b_os) have mixed types. Specify dtype option on import or set low_memory=False.
  return pd.read_csv(f,encoding=encoding)
/global/scratch/fsa/fc_jevons/ligon/mirrors/LSMS_Library/lsms_library/local_tools.py:936: DtypeWarning: Columns (0: s10bq2b_os, 1: s10bq9b_os) have mixed types. Specify dtype option on import or set low_memory=False.
  return pd.read_csv(f,encoding=encoding)
/global/scratch/fsa/fc_jevons/ligon/mirrors/LSMS_Library/lsms_library/local_tools.py:936: DtypeWarning: Columns (0: s10bq2b_os, 1: s10bq3b_os, 2: s10bq5b_os, 3: s10bq6b_os, 4: s10bq7b_os) have mixed types. Specify dtype option on import or set low_memory=False.
  return pd.read_csv(f,encoding=encoding)
/global/scratch/fsa/fc_jevons/ligon/mirrors/LSMS_Library/lsms_library/local_tools.py:936: DtypeWarning: Columns (0: s7bq2b_os, 1: s7bq3b_os, 2: s7bq5b_os, 3: s7bq6b_os, 4: s7bq7b_os) have mixed types. Specify dtype option on import or set low_memory=False.
  return pd.read_csv(f,encoding=encoding)
/global/scratch/fsa/fc_jevons/ligon/mirrors/LSMS_Library/lsms_library/local_tools.py:936: DtypeWarning: Columns (0: s10bq2b_os, 1: s10bq3b_os, 2: s10bq5b_os, 3: s10bq6b_os, 4: s10bq7b_os) have mixed types. Specify dtype option on import or set low_memory=False.
  return pd.read_csv(f,encoding=encoding)
/global/scratch/fsa/fc_jevons/ligon/mirrors/LSMS_Library/lsms_library/local_tools.py:936: DtypeWarning: Columns (0: s7bq2b_os, 1: s7bq3b_os, 2: s7bq5b_os, 3: s7bq6b_os, 4: s7bq7b_os) have mixed types. Specify dtype option on import or set low_memory=False.
  return pd.read_csv(f,encoding=encoding)
/global/scratch/fsa/fc_jevons/ligon/mirrors/LSMS_Library/lsms_library/local_tools.py:936: DtypeWarning: Columns (0: s10bq2b_os, 1: s10bq9b_os) have mixed types. Specify dtype option on import or set low_memory=False.
  return pd.read_csv(f,encoding=encoding)
/global/scratch/fsa/fc_jevons/ligon/mirrors/LSMS_Library/lsms_library/local_tools.py:936: DtypeWarning: Columns (0: s10bq2b_os, 1: s10bq9b_os) have mixed types. Specify dtype option on import or set low_memory=False.
  return pd.read_csv(f,encoding=encoding)
/global/scratch/fsa/fc_jevons/ligon/mirrors/LSMS_Library/lsms_library/countries/Uganda/2018-19/_/../../_/uganda.py:227: UserWarning: Dropping some unknown unit codes!
  warnings.warn("Dropping some unknown unit codes!")
{996.0, 997.0, 998.0, 999.0}
/global/scratch/fsa/fc_jevons/ligon/mirrors/LSMS_Library/lsms_library/countries/Uganda/2018-19/_/../../_/uganda.py:227: UserWarning: Dropping some unknown unit codes!
  warnings.warn("Dropping some unknown unit codes!")
{996.0, 997.0, 998.0, 999.0}
/global/scratch/fsa/fc_jevons/ligon/mirrors/LSMS_Library/lsms_library/countries/Uganda/2018-19/_/../../_/uganda.py:227: UserWarning: Dropping some unknown unit codes!
  warnings.warn("Dropping some unknown unit codes!")
{996.0, 997.0, 998.0, 999.0}
/global/scratch/fsa/fc_jevons/ligon/mirrors/LSMS_Library/lsms_library/countries/Uganda/2018-19/_/../../_/uganda.py:227: UserWarning: Dropping some unknown unit codes!
  warnings.warn("Dropping some unknown unit codes!")
{996.0, 997.0, 998.0, 999.0}
/global/scratch/fsa/fc_jevons/ligon/mirrors/LSMS_Library/lsms_library/countries/Uganda/2019-20/_/../../_/uganda.py:227: UserWarning: Dropping some unknown unit codes!
  warnings.warn("Dropping some unknown unit codes!")
{800.0, 801.0, 802.0, 996.0, 997.0, 998.0, 999.0}
/global/scratch/fsa/fc_jevons/ligon/mirrors/LSMS_Library/lsms_library/countries/Uganda/2019-20/_/../../_/uganda.py:227: UserWarning: Dropping some unknown unit codes!
  warnings.warn("Dropping some unknown unit codes!")
{800.0, 801.0, 802.0, 996.0, 997.0, 998.0, 999.0}
/global/scratch/fsa/fc_jevons/ligon/mirrors/LSMS_Library/lsms_library/countries/Uganda/2019-20/_/../../_/uganda.py:227: UserWarning: Dropping some unknown unit codes!
  warnings.warn("Dropping some unknown unit codes!")
{800.0, 801.0, 802.0, 996.0, 997.0, 998.0, 999.0}
/global/scratch/fsa/fc_jevons/ligon/mirrors/LSMS_Library/lsms_library/countries/Uganda/2019-20/_/../../_/uganda.py:227: UserWarning: Dropping some unknown unit codes!
  warnings.warn("Dropping some unknown unit codes!")
{800.0, 801.0, 802.0, 996.0, 997.0, 998.0, 999.0}
/global/scratch/fsa/fc_jevons/ligon/mirrors/LSMS_Library/.venv/lib/python3.11/site-packages/ligonlibrary/dataframes.py:416: UnicodeWarning: 
One or more strings in the dta file could not be decoded using utf-8, and
so the fallback encoding of latin-1 is being used.  This can happen when a file
has been incorrectly encoded by Stata or some other software. You should verify
the string values returned are correct.
  values = reader.value_labels()
/global/scratch/fsa/fc_jevons/ligon/mirrors/LSMS_Library/.venv/lib/python3.11/site-packages/ligonlibrary/dataframes.py:416: UnicodeWarning: 
One or more strings in the dta file could not be decoded using utf-8, and
so the fallback encoding of latin-1 is being used.  This can happen when a file
has been incorrectly encoded by Stata or some other software. You should verify
the string values returned are correct.
  values = reader.value_labels()
/global/scratch/fsa/fc_jevons/ligon/mirrors/LSMS_Library/.venv/lib/python3.11/site-packages/ligonlibrary/dataframes.py:416: UnicodeWarning: 
One or more strings in the dta file could not be decoded using utf-8, and
so the fallback encoding of latin-1 is being used.  This can happen when a file
has been incorrectly encoded by Stata or some other software. You should verify
the string values returned are correct.
  values = reader.value_labels()
/global/scratch/fsa/fc_jevons/ligon/mirrors/LSMS_Library/.venv/lib/python3.11/site-packages/ligonlibrary/dataframes.py:416: UnicodeWarning: 
One or more strings in the dta file could not be decoded using utf-8, and
so the fallback encoding of latin-1 is being used.  This can happen when a file
has been incorrectly encoded by Stata or some other software. You should verify
the string values returned are correct.
  values = reader.value_labels()
/global/scratch/fsa/fc_jevons/ligon/mirrors/LSMS_Library/lsms_library/local_tools.py:936: DtypeWarning: Columns (0: FOODCD, 1: FOODBLV, 2: UNIQUEID) have mixed types. Specify dtype option on import or set low_memory=False.
  return pd.read_csv(f,encoding=encoding)
/global/scratch/fsa/fc_jevons/ligon/mirrors/LSMS_Library/lsms_library/local_tools.py:936: DtypeWarning: Columns (0: FOODCD, 1: FOODBLV, 2: UNIQUEID) have mixed types. Specify dtype option on import or set low_memory=False.
  return pd.read_csv(f,encoding=encoding)
/global/scratch/fsa/fc_jevons/ligon/mirrors/LSMS_Library/lsms_library/local_tools.py:936: DtypeWarning: Columns (0: FOODCD, 1: FOODBLV, 2: UNIQUEID) have mixed types. Specify dtype option on import or set low_memory=False.
  return pd.read_csv(f,encoding=encoding)
/global/scratch/fsa/fc_jevons/ligon/mirrors/LSMS_Library/lsms_library/local_tools.py:936: DtypeWarning: Columns (0: FOODCD, 1: FOODBLV, 2: UNIQUEID) have mixed types. Specify dtype option on import or set low_memory=False.
  return pd.read_csv(f,encoding=encoding)
/global/scratch/fsa/fc_jevons/ligon/mirrors/LSMS_Library/lsms_library/local_tools.py:936: DtypeWarning: Columns (0: FOODCD, 1: FOODBLV, 2: MFOODBLY, 3: TFOODB, 4: UTFOODB, 5: CFOODB) have mixed types. Specify dtype option on import or set low_memory=False.
  return pd.read_csv(f,encoding=encoding)
/global/scratch/fsa/fc_jevons/ligon/mirrors/LSMS_Library/lsms_library/local_tools.py:936: DtypeWarning: Columns (0: FOODCD, 1: FOODBLV, 2: MFOODBLY, 3: TFOODB, 4: UTFOODB, 5: CFOODB) have mixed types. Specify dtype option on import or set low_memory=False.
  return pd.read_csv(f,encoding=encoding)
/global/scratch/fsa/fc_jevons/ligon/mirrors/LSMS_Library/lsms_library/local_tools.py:936: DtypeWarning: Columns (0: FOODCD, 1: FOODBLV, 2: MFOODBLY, 3: TFOODB, 4: UTFOODB, 5: CFOODB) have mixed types. Specify dtype option on import or set low_memory=False.
  return pd.read_csv(f,encoding=encoding)
/global/scratch/fsa/fc_jevons/ligon/mirrors/LSMS_Library/lsms_library/local_tools.py:936: DtypeWarning: Columns (0: FOODCD, 1: FOODBLV, 2: MFOODBLY, 3: TFOODB, 4: UTFOODB, 5: CFOODB) have mixed types. Specify dtype option on import or set low_memory=False.
  return pd.read_csv(f,encoding=encoding)
/global/scratch/fsa/fc_jevons/ligon/mirrors/LSMS_Library/.venv/lib/python3.11/site-packages/ligonlibrary/dataframes.py:435: RuntimeWarning: Issue with categorical mapping: hh_a22
  warnings.warn(f"Issue with categorical mapping: {var}", RuntimeWarning)
/global/scratch/fsa/fc_jevons/ligon/mirrors/LSMS_Library/.venv/lib/python3.11/site-packages/ligonlibrary/dataframes.py:435: RuntimeWarning: Issue with categorical mapping: hh_a23
  warnings.warn(f"Issue with categorical mapping: {var}", RuntimeWarning)
/global/scratch/fsa/fc_jevons/ligon/mirrors/LSMS_Library/.venv/lib/python3.11/site-packages/ligonlibrary/dataframes.py:435: RuntimeWarning: Issue with categorical mapping: hh_a37
  warnings.warn(f"Issue with categorical mapping: {var}", RuntimeWarning)
/global/scratch/fsa/fc_jevons/ligon/mirrors/LSMS_Library/.venv/lib/python3.11/site-packages/ligonlibrary/dataframes.py:435: RuntimeWarning: Issue with categorical mapping: hh_a40
  warnings.warn(f"Issue with categorical mapping: {var}", RuntimeWarning)
/global/scratch/fsa/fc_jevons/ligon/mirrors/LSMS_Library/.venv/lib/python3.11/site-packages/ligonlibrary/dataframes.py:435: RuntimeWarning: Issue with categorical mapping: hh_a22
  warnings.warn(f"Issue with categorical mapping: {var}", RuntimeWarning)
/global/scratch/fsa/fc_jevons/ligon/mirrors/LSMS_Library/.venv/lib/python3.11/site-packages/ligonlibrary/dataframes.py:435: RuntimeWarning: Issue with categorical mapping: hh_a23
  warnings.warn(f"Issue with categorical mapping: {var}", RuntimeWarning)
/global/scratch/fsa/fc_jevons/ligon/mirrors/LSMS_Library/.venv/lib/python3.11/site-packages/ligonlibrary/dataframes.py:435: RuntimeWarning: Issue with categorical mapping: hh_a37
  warnings.warn(f"Issue with categorical mapping: {var}", RuntimeWarning)
/global/scratch/fsa/fc_jevons/ligon/mirrors/LSMS_Library/.venv/lib/python3.11/site-packages/ligonlibrary/dataframes.py:435: RuntimeWarning: Issue with categorical mapping: hh_a40
  warnings.warn(f"Issue with categorical mapping: {var}", RuntimeWarning)
/global/scratch/fsa/fc_jevons/ligon/mirrors/LSMS_Library/.venv/lib/python3.11/site-packages/ligonlibrary/dataframes.py:435: RuntimeWarning: Issue with categorical mapping: hh_a22
  warnings.warn(f"Issue with categorical mapping: {var}", RuntimeWarning)
/global/scratch/fsa/fc_jevons/ligon/mirrors/LSMS_Library/.venv/lib/python3.11/site-packages/ligonlibrary/dataframes.py:435: RuntimeWarning: Issue with categorical mapping: hh_a23
  warnings.warn(f"Issue with categorical mapping: {var}", RuntimeWarning)
/global/scratch/fsa/fc_jevons/ligon/mirrors/LSMS_Library/.venv/lib/python3.11/site-packages/ligonlibrary/dataframes.py:435: RuntimeWarning: Issue with categorical mapping: hh_a37
  warnings.warn(f"Issue with categorical mapping: {var}", RuntimeWarning)
/global/scratch/fsa/fc_jevons/ligon/mirrors/LSMS_Library/.venv/lib/python3.11/site-packages/ligonlibrary/dataframes.py:435: RuntimeWarning: Issue with categorical mapping: hh_a40
  warnings.warn(f"Issue with categorical mapping: {var}", RuntimeWarning)
/global/scratch/fsa/fc_jevons/ligon/mirrors/LSMS_Library/.venv/lib/python3.11/site-packages/ligonlibrary/dataframes.py:435: RuntimeWarning: Issue with categorical mapping: hh_a22
  warnings.warn(f"Issue with categorical mapping: {var}", RuntimeWarning)
/global/scratch/fsa/fc_jevons/ligon/mirrors/LSMS_Library/.venv/lib/python3.11/site-packages/ligonlibrary/dataframes.py:435: RuntimeWarning: Issue with categorical mapping: hh_a23
  warnings.warn(f"Issue with categorical mapping: {var}", RuntimeWarning)
/global/scratch/fsa/fc_jevons/ligon/mirrors/LSMS_Library/.venv/lib/python3.11/site-packages/ligonlibrary/dataframes.py:435: RuntimeWarning: Issue with categorical mapping: hh_a37
  warnings.warn(f"Issue with categorical mapping: {var}", RuntimeWarning)
/global/scratch/fsa/fc_jevons/ligon/mirrors/LSMS_Library/.venv/lib/python3.11/site-packages/ligonlibrary/dataframes.py:435: RuntimeWarning: Issue with categorical mapping: hh_a40
  warnings.warn(f"Issue with categorical mapping: {var}", RuntimeWarning)
/global/scratch/fsa/fc_jevons/ligon/mirrors/LSMS_Library/.venv/lib/python3.11/site-packages/ligonlibrary/dataframes.py:435: RuntimeWarning: Issue with categorical mapping: hh_a22
  warnings.warn(f"Issue with categorical mapping: {var}", RuntimeWarning)
/global/scratch/fsa/fc_jevons/ligon/mirrors/LSMS_Library/.venv/lib/python3.11/site-packages/ligonlibrary/dataframes.py:435: RuntimeWarning: Issue with categorical mapping: hh_a23
  warnings.warn(f"Issue with categorical mapping: {var}", RuntimeWarning)
/global/scratch/fsa/fc_jevons/ligon/mirrors/LSMS_Library/.venv/lib/python3.11/site-packages/ligonlibrary/dataframes.py:435: RuntimeWarning: Issue with categorical mapping: hh_a22
  warnings.warn(f"Issue with categorical mapping: {var}", RuntimeWarning)
/global/scratch/fsa/fc_jevons/ligon/mirrors/LSMS_Library/.venv/lib/python3.11/site-packages/ligonlibrary/dataframes.py:435: RuntimeWarning: Issue with categorical mapping: hh_a23
  warnings.warn(f"Issue with categorical mapping: {var}", RuntimeWarning)
/global/scratch/fsa/fc_jevons/ligon/mirrors/LSMS_Library/.venv/lib/python3.11/site-packages/ligonlibrary/dataframes.py:435: RuntimeWarning: Issue with categorical mapping: hh_a37
  warnings.warn(f"Issue with categorical mapping: {var}", RuntimeWarning)
/global/scratch/fsa/fc_jevons/ligon/mirrors/LSMS_Library/.venv/lib/python3.11/site-packages/ligonlibrary/dataframes.py:435: RuntimeWarning: Issue with categorical mapping: hh_a40
  warnings.warn(f"Issue with categorical mapping: {var}", RuntimeWarning)
/global/scratch/fsa/fc_jevons/ligon/mirrors/LSMS_Library/.venv/lib/python3.11/site-packages/ligonlibrary/dataframes.py:435: RuntimeWarning: Issue with categorical mapping: hh_a22
  warnings.warn(f"Issue with categorical mapping: {var}", RuntimeWarning)
/global/scratch/fsa/fc_jevons/ligon/mirrors/LSMS_Library/.venv/lib/python3.11/site-packages/ligonlibrary/dataframes.py:435: RuntimeWarning: Issue with categorical mapping: hh_a23
  warnings.warn(f"Issue with categorical mapping: {var}", RuntimeWarning)
/global/scratch/fsa/fc_jevons/ligon/mirrors/LSMS_Library/.venv/lib/python3.11/site-packages/ligonlibrary/dataframes.py:435: RuntimeWarning: Issue with categorical mapping: hh_a22
  warnings.warn(f"Issue with categorical mapping: {var}", RuntimeWarning)
/global/scratch/fsa/fc_jevons/ligon/mirrors/LSMS_Library/.venv/lib/python3.11/site-packages/ligonlibrary/dataframes.py:435: RuntimeWarning: Issue with categorical mapping: hh_a23
  warnings.warn(f"Issue with categorical mapping: {var}", RuntimeWarning)
/global/scratch/fsa/fc_jevons/ligon/mirrors/LSMS_Library/.venv/lib/python3.11/site-packages/ligonlibrary/dataframes.py:435: RuntimeWarning: Issue with categorical mapping: hh_a37
  warnings.warn(f"Issue with categorical mapping: {var}", RuntimeWarning)
/global/scratch/fsa/fc_jevons/ligon/mirrors/LSMS_Library/.venv/lib/python3.11/site-packages/ligonlibrary/dataframes.py:435: RuntimeWarning: Issue with categorical mapping: hh_a40
  warnings.warn(f"Issue with categorical mapping: {var}", RuntimeWarning)
/global/scratch/fsa/fc_jevons/ligon/mirrors/LSMS_Library/.venv/lib/python3.11/site-packages/ligonlibrary/dataframes.py:435: RuntimeWarning: Issue with categorical mapping: hh_a22
  warnings.warn(f"Issue with categorical mapping: {var}", RuntimeWarning)
/global/scratch/fsa/fc_jevons/ligon/mirrors/LSMS_Library/.venv/lib/python3.11/site-packages/ligonlibrary/dataframes.py:435: RuntimeWarning: Issue with categorical mapping: hh_a23
  warnings.warn(f"Issue with categorical mapping: {var}", RuntimeWarning)
/global/scratch/fsa/fc_jevons/ligon/mirrors/LSMS_Library/.venv/lib/python3.11/site-packages/ligonlibrary/dataframes.py:435: RuntimeWarning: Issue with categorical mapping: hh_a22
  warnings.warn(f"Issue with categorical mapping: {var}", RuntimeWarning)
/global/scratch/fsa/fc_jevons/ligon/mirrors/LSMS_Library/.venv/lib/python3.11/site-packages/ligonlibrary/dataframes.py:435: RuntimeWarning: Issue with categorical mapping: hh_a23
  warnings.warn(f"Issue with categorical mapping: {var}", RuntimeWarning)
/global/scratch/fsa/fc_jevons/ligon/mirrors/LSMS_Library/.venv/lib/python3.11/site-packages/ligonlibrary/dataframes.py:435: RuntimeWarning: Issue with categorical mapping: hh_a37
  warnings.warn(f"Issue with categorical mapping: {var}", RuntimeWarning)
/global/scratch/fsa/fc_jevons/ligon/mirrors/LSMS_Library/.venv/lib/python3.11/site-packages/ligonlibrary/dataframes.py:435: RuntimeWarning: Issue with categorical mapping: hh_a40
  warnings.warn(f"Issue with categorical mapping: {var}", RuntimeWarning)
/global/scratch/fsa/fc_jevons/ligon/mirrors/LSMS_Library/.venv/lib/python3.11/site-packages/ligonlibrary/dataframes.py:435: RuntimeWarning: Issue with categorical mapping: hh_a22
  warnings.warn(f"Issue with categorical mapping: {var}", RuntimeWarning)
/global/scratch/fsa/fc_jevons/ligon/mirrors/LSMS_Library/.venv/lib/python3.11/site-packages/ligonlibrary/dataframes.py:435: RuntimeWarning: Issue with categorical mapping: hh_a23
  warnings.warn(f"Issue with categorical mapping: {var}", RuntimeWarning)
/global/scratch/fsa/fc_jevons/ligon/mirrors/LSMS_Library/.venv/lib/python3.11/site-packages/ligonlibrary/dataframes.py:435: RuntimeWarning: Issue with categorical mapping: hh_a22
  warnings.warn(f"Issue with categorical mapping: {var}", RuntimeWarning)
/global/scratch/fsa/fc_jevons/ligon/mirrors/LSMS_Library/.venv/lib/python3.11/site-packages/ligonlibrary/dataframes.py:435: RuntimeWarning: Issue with categorical mapping: hh_a23
  warnings.warn(f"Issue with categorical mapping: {var}", RuntimeWarning)
/global/scratch/fsa/fc_jevons/ligon/mirrors/LSMS_Library/.venv/lib/python3.11/site-packages/ligonlibrary/dataframes.py:435: RuntimeWarning: Issue with categorical mapping: hh_a37
  warnings.warn(f"Issue with categorical mapping: {var}", RuntimeWarning)
/global/scratch/fsa/fc_jevons/ligon/mirrors/LSMS_Library/.venv/lib/python3.11/site-packages/ligonlibrary/dataframes.py:435: RuntimeWarning: Issue with categorical mapping: hh_a40
  warnings.warn(f"Issue with categorical mapping: {var}", RuntimeWarning)
/global/scratch/fsa/fc_jevons/ligon/mirrors/LSMS_Library/lsms_library/local_tools.py:936: DtypeWarning: Columns (0: s10bq2b_os, 1: s10bq3b_os, 2: s10bq5b_os, 3: s10bq6b_os, 4: s10bq7b_os) have mixed types. Specify dtype option on import or set low_memory=False.
  return pd.read_csv(f,encoding=encoding)
/global/scratch/fsa/fc_jevons/ligon/mirrors/LSMS_Library/lsms_library/local_tools.py:936: DtypeWarning: Columns (0: s7bq2b_os, 1: s7bq3b_os, 2: s7bq5b_os, 3: s7bq6b_os, 4: s7bq7b_os) have mixed types. Specify dtype option on import or set low_memory=False.
  return pd.read_csv(f,encoding=encoding)
/global/scratch/fsa/fc_jevons/ligon/mirrors/LSMS_Library/lsms_library/local_tools.py:936: DtypeWarning: Columns (0: s10bq2b_os, 1: s10bq3b_os, 2: s10bq5b_os, 3: s10bq6b_os, 4: s10bq7b_os) have mixed types. Specify dtype option on import or set low_memory=False.
  return pd.read_csv(f,encoding=encoding)
/global/scratch/fsa/fc_jevons/ligon/mirrors/LSMS_Library/lsms_library/local_tools.py:936: DtypeWarning: Columns (0: s7bq2b_os, 1: s7bq3b_os, 2: s7bq5b_os, 3: s7bq6b_os, 4: s7bq7b_os) have mixed types. Specify dtype option on import or set low_memory=False.
  return pd.read_csv(f,encoding=encoding)
/global/scratch/fsa/fc_jevons/ligon/mirrors/LSMS_Library/lsms_library/local_tools.py:936: DtypeWarning: Columns (0: s10bq2b_os, 1: s10bq9b_os) have mixed types. Specify dtype option on import or set low_memory=False.
  return pd.read_csv(f,encoding=encoding)
/global/scratch/fsa/fc_jevons/ligon/mirrors/LSMS_Library/lsms_library/local_tools.py:936: DtypeWarning: Columns (0: s10bq2b_os, 1: s10bq9b_os) have mixed types. Specify dtype option on import or set low_memory=False.
  return pd.read_csv(f,encoding=encoding)
/global/scratch/fsa/fc_jevons/ligon/mirrors/LSMS_Library/lsms_library/local_tools.py:936: DtypeWarning: Columns (0: s10bq2b_os, 1: s10bq9b_os) have mixed types. Specify dtype option on import or set low_memory=False.
  return pd.read_csv(f,encoding=encoding)
/global/scratch/fsa/fc_jevons/ligon/mirrors/LSMS_Library/lsms_library/local_tools.py:936: DtypeWarning: Columns (0: s10bq2b_os, 1: s10bq3b_os, 2: s10bq5b_os, 3: s10bq6b_os, 4: s10bq7b_os) have mixed types. Specify dtype option on import or set low_memory=False.
  return pd.read_csv(f,encoding=encoding)
/global/scratch/fsa/fc_jevons/ligon/mirrors/LSMS_Library/lsms_library/local_tools.py:936: DtypeWarning: Columns (0: s7bq2b_os, 1: s7bq3b_os, 2: s7bq5b_os, 3: s7bq6b_os, 4: s7bq7b_os) have mixed types. Specify dtype option on import or set low_memory=False.
  return pd.read_csv(f,encoding=encoding)
/global/scratch/fsa/fc_jevons/ligon/mirrors/LSMS_Library/lsms_library/local_tools.py:936: DtypeWarning: Columns (0: s10bq2b_os, 1: s10bq3b_os, 2: s10bq5b_os, 3: s10bq6b_os, 4: s10bq7b_os) have mixed types. Specify dtype option on import or set low_memory=False.
  return pd.read_csv(f,encoding=encoding)
/global/scratch/fsa/fc_jevons/ligon/mirrors/LSMS_Library/lsms_library/local_tools.py:936: DtypeWarning: Columns (0: s7bq2b_os, 1: s7bq3b_os, 2: s7bq5b_os, 3: s7bq6b_os, 4: s7bq7b_os) have mixed types. Specify dtype option on import or set low_memory=False.
  return pd.read_csv(f,encoding=encoding)
/global/scratch/fsa/fc_jevons/ligon/mirrors/LSMS_Library/lsms_library/local_tools.py:936: DtypeWarning: Columns (0: s10bq2b_os, 1: s10bq9b_os) have mixed types. Specify dtype option on import or set low_memory=False.
  return pd.read_csv(f,encoding=encoding)
/global/scratch/fsa/fc_jevons/ligon/mirrors/LSMS_Library/lsms_library/local_tools.py:936: DtypeWarning: Columns (0: s10bq2b_os, 1: s10bq9b_os) have mixed types. Specify dtype option on import or set low_memory=False.
  return pd.read_csv(f,encoding=encoding)
/global/scratch/fsa/fc_jevons/ligon/mirrors/LSMS_Library/lsms_library/countries/Uganda/2018-19/_/../../_/uganda.py:227: UserWarning: Dropping some unknown unit codes!
  warnings.warn("Dropping some unknown unit codes!")
{996.0, 997.0, 998.0, 999.0}
/global/scratch/fsa/fc_jevons/ligon/mirrors/LSMS_Library/lsms_library/countries/Uganda/2018-19/_/../../_/uganda.py:227: UserWarning: Dropping some unknown unit codes!
  warnings.warn("Dropping some unknown unit codes!")
{996.0, 997.0, 998.0, 999.0}
/global/scratch/fsa/fc_jevons/ligon/mirrors/LSMS_Library/lsms_library/countries/Uganda/2018-19/_/../../_/uganda.py:227: UserWarning: Dropping some unknown unit codes!
  warnings.warn("Dropping some unknown unit codes!")
{996.0, 997.0, 998.0, 999.0}
/global/scratch/fsa/fc_jevons/ligon/mirrors/LSMS_Library/lsms_library/countries/Uganda/2018-19/_/../../_/uganda.py:227: UserWarning: Dropping some unknown unit codes!
  warnings.warn("Dropping some unknown unit codes!")
{996.0, 997.0, 998.0, 999.0}
/global/scratch/fsa/fc_jevons/ligon/mirrors/LSMS_Library/lsms_library/countries/Uganda/2019-20/_/../../_/uganda.py:227: UserWarning: Dropping some unknown unit codes!
  warnings.warn("Dropping some unknown unit codes!")
{800.0, 801.0, 802.0, 996.0, 997.0, 998.0, 999.0}
/global/scratch/fsa/fc_jevons/ligon/mirrors/LSMS_Library/lsms_library/countries/Uganda/2019-20/_/../../_/uganda.py:227: UserWarning: Dropping some unknown unit codes!
  warnings.warn("Dropping some unknown unit codes!")
{800.0, 801.0, 802.0, 996.0, 997.0, 998.0, 999.0}
/global/scratch/fsa/fc_jevons/ligon/mirrors/LSMS_Library/lsms_library/countries/Uganda/2019-20/_/../../_/uganda.py:227: UserWarning: Dropping some unknown unit codes!
  warnings.warn("Dropping some unknown unit codes!")
{800.0, 801.0, 802.0, 996.0, 997.0, 998.0, 999.0}
/global/scratch/fsa/fc_jevons/ligon/mirrors/LSMS_Library/lsms_library/countries/Uganda/2019-20/_/../../_/uganda.py:227: UserWarning: Dropping some unknown unit codes!
  warnings.warn("Dropping some unknown unit codes!")
{800.0, 801.0, 802.0, 996.0, 997.0, 998.0, 999.0}
/global/scratch/fsa/fc_jevons/ligon/mirrors/LSMS_Library/.venv/lib/python3.11/site-packages/ligonlibrary/dataframes.py:416: UnicodeWarning: 
One or more strings in the dta file could not be decoded using utf-8, and
so the fallback encoding of latin-1 is being used.  This can happen when a file
has been incorrectly encoded by Stata or some other software. You should verify
the string values returned are correct.
  values = reader.value_labels()
/global/scratch/fsa/fc_jevons/ligon/mirrors/LSMS_Library/.venv/lib/python3.11/site-packages/ligonlibrary/dataframes.py:416: UnicodeWarning: 
One or more strings in the dta file could not be decoded using utf-8, and
so the fallback encoding of latin-1 is being used.  This can happen when a file
has been incorrectly encoded by Stata or some other software. You should verify
the string values returned are correct.
  values = reader.value_labels()
/global/scratch/fsa/fc_jevons/ligon/mirrors/LSMS_Library/.venv/lib/python3.11/site-packages/ligonlibrary/dataframes.py:416: UnicodeWarning: 
One or more strings in the dta file could not be decoded using utf-8, and
so the fallback encoding of latin-1 is being used.  This can happen when a file
has been incorrectly encoded by Stata or some other software. You should verify
the string values returned are correct.
  values = reader.value_labels()
/global/scratch/fsa/fc_jevons/ligon/mirrors/LSMS_Library/.venv/lib/python3.11/site-packages/ligonlibrary/dataframes.py:416: UnicodeWarning: 
One or more strings in the dta file could not be decoded using utf-8, and
so the fallback encoding of latin-1 is being used.  This can happen when a file
has been incorrectly encoded by Stata or some other software. You should verify
the string values returned are correct.
  values = reader.value_labels()
/global/scratch/fsa/fc_jevons/ligon/mirrors/LSMS_Library/lsms_library/local_tools.py:936: DtypeWarning: Columns (0: FOODCD, 1: FOODBLV, 2: UNIQUEID) have mixed types. Specify dtype option on import or set low_memory=False.
  return pd.read_csv(f,encoding=encoding)
/global/scratch/fsa/fc_jevons/ligon/mirrors/LSMS_Library/lsms_library/local_tools.py:936: DtypeWarning: Columns (0: FOODCD, 1: FOODBLV, 2: UNIQUEID) have mixed types. Specify dtype option on import or set low_memory=False.
  return pd.read_csv(f,encoding=encoding)
/global/scratch/fsa/fc_jevons/ligon/mirrors/LSMS_Library/lsms_library/local_tools.py:936: DtypeWarning: Columns (0: FOODCD, 1: FOODBLV, 2: UNIQUEID) have mixed types. Specify dtype option on import or set low_memory=False.
  return pd.read_csv(f,encoding=encoding)
/global/scratch/fsa/fc_jevons/ligon/mirrors/LSMS_Library/lsms_library/local_tools.py:936: DtypeWarning: Columns (0: FOODCD, 1: FOODBLV, 2: UNIQUEID) have mixed types. Specify dtype option on import or set low_memory=False.
  return pd.read_csv(f,encoding=encoding)
/global/scratch/fsa/fc_jevons/ligon/mirrors/LSMS_Library/lsms_library/local_tools.py:936: DtypeWarning: Columns (0: FOODCD, 1: FOODBLV, 2: MFOODBLY, 3: TFOODB, 4: UTFOODB, 5: CFOODB) have mixed types. Specify dtype option on import or set low_memory=False.
  return pd.read_csv(f,encoding=encoding)
/global/scratch/fsa/fc_jevons/ligon/mirrors/LSMS_Library/lsms_library/local_tools.py:936: DtypeWarning: Columns (0: FOODCD, 1: FOODBLV, 2: MFOODBLY, 3: TFOODB, 4: UTFOODB, 5: CFOODB) have mixed types. Specify dtype option on import or set low_memory=False.
  return pd.read_csv(f,encoding=encoding)
/global/scratch/fsa/fc_jevons/ligon/mirrors/LSMS_Library/lsms_library/local_tools.py:936: DtypeWarning: Columns (0: FOODCD, 1: FOODBLV, 2: MFOODBLY, 3: TFOODB, 4: UTFOODB, 5: CFOODB) have mixed types. Specify dtype option on import or set low_memory=False.
  return pd.read_csv(f,encoding=encoding)
/global/scratch/fsa/fc_jevons/ligon/mirrors/LSMS_Library/lsms_library/local_tools.py:936: DtypeWarning: Columns (0: FOODCD, 1: FOODBLV, 2: MFOODBLY, 3: TFOODB, 4: UTFOODB, 5: CFOODB) have mixed types. Specify dtype option on import or set low_memory=False.
  return pd.read_csv(f,encoding=encoding)
/global/scratch/fsa/fc_jevons/ligon/mirrors/LSMS_Library/.venv/lib/python3.11/site-packages/ligonlibrary/dataframes.py:435: RuntimeWarning: Issue with categorical mapping: hh_a22
  warnings.warn(f"Issue with categorical mapping: {var}", RuntimeWarning)
/global/scratch/fsa/fc_jevons/ligon/mirrors/LSMS_Library/.venv/lib/python3.11/site-packages/ligonlibrary/dataframes.py:435: RuntimeWarning: Issue with categorical mapping: hh_a23
  warnings.warn(f"Issue with categorical mapping: {var}", RuntimeWarning)
/global/scratch/fsa/fc_jevons/ligon/mirrors/LSMS_Library/.venv/lib/python3.11/site-packages/ligonlibrary/dataframes.py:435: RuntimeWarning: Issue with categorical mapping: hh_a37
  warnings.warn(f"Issue with categorical mapping: {var}", RuntimeWarning)
/global/scratch/fsa/fc_jevons/ligon/mirrors/LSMS_Library/.venv/lib/python3.11/site-packages/ligonlibrary/dataframes.py:435: RuntimeWarning: Issue with categorical mapping: hh_a40
  warnings.warn(f"Issue with categorical mapping: {var}", RuntimeWarning)
/global/scratch/fsa/fc_jevons/ligon/mirrors/LSMS_Library/.venv/lib/python3.11/site-packages/ligonlibrary/dataframes.py:435: RuntimeWarning: Issue with categorical mapping: hh_a22
  warnings.warn(f"Issue with categorical mapping: {var}", RuntimeWarning)
/global/scratch/fsa/fc_jevons/ligon/mirrors/LSMS_Library/.venv/lib/python3.11/site-packages/ligonlibrary/dataframes.py:435: RuntimeWarning: Issue with categorical mapping: hh_a23
  warnings.warn(f"Issue with categorical mapping: {var}", RuntimeWarning)
/global/scratch/fsa/fc_jevons/ligon/mirrors/LSMS_Library/.venv/lib/python3.11/site-packages/ligonlibrary/dataframes.py:435: RuntimeWarning: Issue with categorical mapping: hh_a37
  warnings.warn(f"Issue with categorical mapping: {var}", RuntimeWarning)
/global/scratch/fsa/fc_jevons/ligon/mirrors/LSMS_Library/.venv/lib/python3.11/site-packages/ligonlibrary/dataframes.py:435: RuntimeWarning: Issue with categorical mapping: hh_a40
  warnings.warn(f"Issue with categorical mapping: {var}", RuntimeWarning)
/global/scratch/fsa/fc_jevons/ligon/mirrors/LSMS_Library/.venv/lib/python3.11/site-packages/ligonlibrary/dataframes.py:435: RuntimeWarning: Issue with categorical mapping: hh_a22
  warnings.warn(f"Issue with categorical mapping: {var}", RuntimeWarning)
/global/scratch/fsa/fc_jevons/ligon/mirrors/LSMS_Library/.venv/lib/python3.11/site-packages/ligonlibrary/dataframes.py:435: RuntimeWarning: Issue with categorical mapping: hh_a23
  warnings.warn(f"Issue with categorical mapping: {var}", RuntimeWarning)
/global/scratch/fsa/fc_jevons/ligon/mirrors/LSMS_Library/.venv/lib/python3.11/site-packages/ligonlibrary/dataframes.py:435: RuntimeWarning: Issue with categorical mapping: hh_a37
  warnings.warn(f"Issue with categorical mapping: {var}", RuntimeWarning)
/global/scratch/fsa/fc_jevons/ligon/mirrors/LSMS_Library/.venv/lib/python3.11/site-packages/ligonlibrary/dataframes.py:435: RuntimeWarning: Issue with categorical mapping: hh_a40
  warnings.warn(f"Issue with categorical mapping: {var}", RuntimeWarning)
/global/scratch/fsa/fc_jevons/ligon/mirrors/LSMS_Library/.venv/lib/python3.11/site-packages/ligonlibrary/dataframes.py:435: RuntimeWarning: Issue with categorical mapping: hh_a22
  warnings.warn(f"Issue with categorical mapping: {var}", RuntimeWarning)
/global/scratch/fsa/fc_jevons/ligon/mirrors/LSMS_Library/.venv/lib/python3.11/site-packages/ligonlibrary/dataframes.py:435: RuntimeWarning: Issue with categorical mapping: hh_a23
  warnings.warn(f"Issue with categorical mapping: {var}", RuntimeWarning)
/global/scratch/fsa/fc_jevons/ligon/mirrors/LSMS_Library/.venv/lib/python3.11/site-packages/ligonlibrary/dataframes.py:435: RuntimeWarning: Issue with categorical mapping: hh_a37
  warnings.warn(f"Issue with categorical mapping: {var}", RuntimeWarning)
/global/scratch/fsa/fc_jevons/ligon/mirrors/LSMS_Library/.venv/lib/python3.11/site-packages/ligonlibrary/dataframes.py:435: RuntimeWarning: Issue with categorical mapping: hh_a40
  warnings.warn(f"Issue with categorical mapping: {var}", RuntimeWarning)
/global/scratch/fsa/fc_jevons/ligon/mirrors/LSMS_Library/.venv/lib/python3.11/site-packages/ligonlibrary/dataframes.py:435: RuntimeWarning: Issue with categorical mapping: hh_a22
  warnings.warn(f"Issue with categorical mapping: {var}", RuntimeWarning)
/global/scratch/fsa/fc_jevons/ligon/mirrors/LSMS_Library/.venv/lib/python3.11/site-packages/ligonlibrary/dataframes.py:435: RuntimeWarning: Issue with categorical mapping: hh_a23
  warnings.warn(f"Issue with categorical mapping: {var}", RuntimeWarning)
/global/scratch/fsa/fc_jevons/ligon/mirrors/LSMS_Library/.venv/lib/python3.11/site-packages/ligonlibrary/dataframes.py:435: RuntimeWarning: Issue with categorical mapping: hh_a22
  warnings.warn(f"Issue with categorical mapping: {var}", RuntimeWarning)
/global/scratch/fsa/fc_jevons/ligon/mirrors/LSMS_Library/.venv/lib/python3.11/site-packages/ligonlibrary/dataframes.py:435: RuntimeWarning: Issue with categorical mapping: hh_a23
  warnings.warn(f"Issue with categorical mapping: {var}", RuntimeWarning)
/global/scratch/fsa/fc_jevons/ligon/mirrors/LSMS_Library/.venv/lib/python3.11/site-packages/ligonlibrary/dataframes.py:435: RuntimeWarning: Issue with categorical mapping: hh_a37
  warnings.warn(f"Issue with categorical mapping: {var}", RuntimeWarning)
/global/scratch/fsa/fc_jevons/ligon/mirrors/LSMS_Library/.venv/lib/python3.11/site-packages/ligonlibrary/dataframes.py:435: RuntimeWarning: Issue with categorical mapping: hh_a40
  warnings.warn(f"Issue with categorical mapping: {var}", RuntimeWarning)
/global/scratch/fsa/fc_jevons/ligon/mirrors/LSMS_Library/.venv/lib/python3.11/site-packages/ligonlibrary/dataframes.py:435: RuntimeWarning: Issue with categorical mapping: hh_a22
  warnings.warn(f"Issue with categorical mapping: {var}", RuntimeWarning)
/global/scratch/fsa/fc_jevons/ligon/mirrors/LSMS_Library/.venv/lib/python3.11/site-packages/ligonlibrary/dataframes.py:435: RuntimeWarning: Issue with categorical mapping: hh_a23
  warnings.warn(f"Issue with categorical mapping: {var}", RuntimeWarning)
/global/scratch/fsa/fc_jevons/ligon/mirrors/LSMS_Library/.venv/lib/python3.11/site-packages/ligonlibrary/dataframes.py:435: RuntimeWarning: Issue with categorical mapping: hh_a22
  warnings.warn(f"Issue with categorical mapping: {var}", RuntimeWarning)
/global/scratch/fsa/fc_jevons/ligon/mirrors/LSMS_Library/.venv/lib/python3.11/site-packages/ligonlibrary/dataframes.py:435: RuntimeWarning: Issue with categorical mapping: hh_a23
  warnings.warn(f"Issue with categorical mapping: {var}", RuntimeWarning)
/global/scratch/fsa/fc_jevons/ligon/mirrors/LSMS_Library/.venv/lib/python3.11/site-packages/ligonlibrary/dataframes.py:435: RuntimeWarning: Issue with categorical mapping: hh_a37
  warnings.warn(f"Issue with categorical mapping: {var}", RuntimeWarning)
/global/scratch/fsa/fc_jevons/ligon/mirrors/LSMS_Library/.venv/lib/python3.11/site-packages/ligonlibrary/dataframes.py:435: RuntimeWarning: Issue with categorical mapping: hh_a40
  warnings.warn(f"Issue with categorical mapping: {var}", RuntimeWarning)
/global/scratch/fsa/fc_jevons/ligon/mirrors/LSMS_Library/.venv/lib/python3.11/site-packages/ligonlibrary/dataframes.py:435: RuntimeWarning: Issue with categorical mapping: hh_a22
  warnings.warn(f"Issue with categorical mapping: {var}", RuntimeWarning)
/global/scratch/fsa/fc_jevons/ligon/mirrors/LSMS_Library/.venv/lib/python3.11/site-packages/ligonlibrary/dataframes.py:435: RuntimeWarning: Issue with categorical mapping: hh_a23
  warnings.warn(f"Issue with categorical mapping: {var}", RuntimeWarning)
/global/scratch/fsa/fc_jevons/ligon/mirrors/LSMS_Library/.venv/lib/python3.11/site-packages/ligonlibrary/dataframes.py:435: RuntimeWarning: Issue with categorical mapping: hh_a22
  warnings.warn(f"Issue with categorical mapping: {var}", RuntimeWarning)
/global/scratch/fsa/fc_jevons/ligon/mirrors/LSMS_Library/.venv/lib/python3.11/site-packages/ligonlibrary/dataframes.py:435: RuntimeWarning: Issue with categorical mapping: hh_a23
  warnings.warn(f"Issue with categorical mapping: {var}", RuntimeWarning)
/global/scratch/fsa/fc_jevons/ligon/mirrors/LSMS_Library/.venv/lib/python3.11/site-packages/ligonlibrary/dataframes.py:435: RuntimeWarning: Issue with categorical mapping: hh_a37
  warnings.warn(f"Issue with categorical mapping: {var}", RuntimeWarning)
/global/scratch/fsa/fc_jevons/ligon/mirrors/LSMS_Library/.venv/lib/python3.11/site-packages/ligonlibrary/dataframes.py:435: RuntimeWarning: Issue with categorical mapping: hh_a40
  warnings.warn(f"Issue with categorical mapping: {var}", RuntimeWarning)
/global/scratch/fsa/fc_jevons/ligon/mirrors/LSMS_Library/.venv/lib/python3.11/site-packages/ligonlibrary/dataframes.py:435: RuntimeWarning: Issue with categorical mapping: hh_a22
  warnings.warn(f"Issue with categorical mapping: {var}", RuntimeWarning)
/global/scratch/fsa/fc_jevons/ligon/mirrors/LSMS_Library/.venv/lib/python3.11/site-packages/ligonlibrary/dataframes.py:435: RuntimeWarning: Issue with categorical mapping: hh_a23
  warnings.warn(f"Issue with categorical mapping: {var}", RuntimeWarning)
/global/scratch/fsa/fc_jevons/ligon/mirrors/LSMS_Library/.venv/lib/python3.11/site-packages/ligonlibrary/dataframes.py:435: RuntimeWarning: Issue with categorical mapping: hh_a22
  warnings.warn(f"Issue with categorical mapping: {var}", RuntimeWarning)
/global/scratch/fsa/fc_jevons/ligon/mirrors/LSMS_Library/.venv/lib/python3.11/site-packages/ligonlibrary/dataframes.py:435: RuntimeWarning: Issue with categorical mapping: hh_a23
  warnings.warn(f"Issue with categorical mapping: {var}", RuntimeWarning)
/global/scratch/fsa/fc_jevons/ligon/mirrors/LSMS_Library/.venv/lib/python3.11/site-packages/ligonlibrary/dataframes.py:435: RuntimeWarning: Issue with categorical mapping: hh_a37
  warnings.warn(f"Issue with categorical mapping: {var}", RuntimeWarning)
/global/scratch/fsa/fc_jevons/ligon/mirrors/LSMS_Library/.venv/lib/python3.11/site-packages/ligonlibrary/dataframes.py:435: RuntimeWarning: Issue with categorical mapping: hh_a40
  warnings.warn(f"Issue with categorical mapping: {var}", RuntimeWarning)
/global/scratch/fsa/fc_jevons/ligon/mirrors/LSMS_Library/lsms_library/local_tools.py:936: DtypeWarning: Columns (0: s10bq2b_os, 1: s10bq3b_os, 2: s10bq5b_os, 3: s10bq6b_os, 4: s10bq7b_os) have mixed types. Specify dtype option on import or set low_memory=False.
  return pd.read_csv(f,encoding=encoding)
/global/scratch/fsa/fc_jevons/ligon/mirrors/LSMS_Library/lsms_library/local_tools.py:936: DtypeWarning: Columns (0: s7bq2b_os, 1: s7bq3b_os, 2: s7bq5b_os, 3: s7bq6b_os, 4: s7bq7b_os) have mixed types. Specify dtype option on import or set low_memory=False.
  return pd.read_csv(f,encoding=encoding)
/global/scratch/fsa/fc_jevons/ligon/mirrors/LSMS_Library/lsms_library/local_tools.py:936: DtypeWarning: Columns (0: s10bq2b_os, 1: s10bq3b_os, 2: s10bq5b_os, 3: s10bq6b_os, 4: s10bq7b_os) have mixed types. Specify dtype option on import or set low_memory=False.
  return pd.read_csv(f,encoding=encoding)
/global/scratch/fsa/fc_jevons/ligon/mirrors/LSMS_Library/lsms_library/local_tools.py:936: DtypeWarning: Columns (0: s7bq2b_os, 1: s7bq3b_os, 2: s7bq5b_os, 3: s7bq6b_os, 4: s7bq7b_os) have mixed types. Specify dtype option on import or set low_memory=False.
  return pd.read_csv(f,encoding=encoding)
/global/scratch/fsa/fc_jevons/ligon/mirrors/LSMS_Library/lsms_library/local_tools.py:936: DtypeWarning: Columns (0: s10bq2b_os, 1: s10bq9b_os) have mixed types. Specify dtype option on import or set low_memory=False.
  return pd.read_csv(f,encoding=encoding)
/global/scratch/fsa/fc_jevons/ligon/mirrors/LSMS_Library/lsms_library/local_tools.py:936: DtypeWarning: Columns (0: s10bq2b_os, 1: s10bq9b_os) have mixed types. Specify dtype option on import or set low_memory=False.
  return pd.read_csv(f,encoding=encoding)
/global/scratch/fsa/fc_jevons/ligon/mirrors/LSMS_Library/lsms_library/local_tools.py:936: DtypeWarning: Columns (0: s10bq2b_os, 1: s10bq3b_os, 2: s10bq5b_os, 3: s10bq6b_os, 4: s10bq7b_os) have mixed types. Specify dtype option on import or set low_memory=False.
  return pd.read_csv(f,encoding=encoding)
/global/scratch/fsa/fc_jevons/ligon/mirrors/LSMS_Library/lsms_library/local_tools.py:936: DtypeWarning: Columns (0: s7bq2b_os, 1: s7bq3b_os, 2: s7bq5b_os, 3: s7bq6b_os, 4: s7bq7b_os) have mixed types. Specify dtype option on import or set low_memory=False.
  return pd.read_csv(f,encoding=encoding)
/global/scratch/fsa/fc_jevons/ligon/mirrors/LSMS_Library/lsms_library/local_tools.py:936: DtypeWarning: Columns (0: s10bq2b_os, 1: s10bq3b_os, 2: s10bq5b_os, 3: s10bq6b_os, 4: s10bq7b_os) have mixed types. Specify dtype option on import or set low_memory=False.
  return pd.read_csv(f,encoding=encoding)
/global/scratch/fsa/fc_jevons/ligon/mirrors/LSMS_Library/lsms_library/local_tools.py:936: DtypeWarning: Columns (0: s7bq2b_os, 1: s7bq3b_os, 2: s7bq5b_os, 3: s7bq6b_os, 4: s7bq7b_os) have mixed types. Specify dtype option on import or set low_memory=False.
  return pd.read_csv(f,encoding=encoding)
/global/scratch/fsa/fc_jevons/ligon/mirrors/LSMS_Library/lsms_library/local_tools.py:936: DtypeWarning: Columns (0: s10bq2b_os, 1: s10bq9b_os) have mixed types. Specify dtype option on import or set low_memory=False.
  return pd.read_csv(f,encoding=encoding)
/global/scratch/fsa/fc_jevons/ligon/mirrors/LSMS_Library/lsms_library/countries/Uganda/2018-19/_/../../_/uganda.py:227: UserWarning: Dropping some unknown unit codes!
  warnings.warn("Dropping some unknown unit codes!")
{996.0, 997.0, 998.0, 999.0}
/global/scratch/fsa/fc_jevons/ligon/mirrors/LSMS_Library/lsms_library/countries/Uganda/2018-19/_/../../_/uganda.py:227: UserWarning: Dropping some unknown unit codes!
  warnings.warn("Dropping some unknown unit codes!")
{996.0, 997.0, 998.0, 999.0}
/global/scratch/fsa/fc_jevons/ligon/mirrors/LSMS_Library/lsms_library/countries/Uganda/2018-19/_/../../_/uganda.py:227: UserWarning: Dropping some unknown unit codes!
  warnings.warn("Dropping some unknown unit codes!")
{996.0, 997.0, 998.0, 999.0}
/global/scratch/fsa/fc_jevons/ligon/mirrors/LSMS_Library/lsms_library/countries/Uganda/2019-20/_/../../_/uganda.py:227: UserWarning: Dropping some unknown unit codes!
  warnings.warn("Dropping some unknown unit codes!")
{800.0, 801.0, 802.0, 996.0, 997.0, 998.0, 999.0}
/global/scratch/fsa/fc_jevons/ligon/mirrors/LSMS_Library/lsms_library/countries/Uganda/2019-20/_/../../_/uganda.py:227: UserWarning: Dropping some unknown unit codes!
  warnings.warn("Dropping some unknown unit codes!")
{800.0, 801.0, 802.0, 996.0, 997.0, 998.0, 999.0}
/global/scratch/fsa/fc_jevons/ligon/mirrors/LSMS_Library/lsms_library/countries/Uganda/2019-20/_/../../_/uganda.py:227: UserWarning: Dropping some unknown unit codes!
  warnings.warn("Dropping some unknown unit codes!")
{800.0, 801.0, 802.0, 996.0, 997.0, 998.0, 999.0}
Parquet file for food_acquired still missing after running Makefile.
make: *** No rule to make target '/global/home/users/ligon/.local/share/lsms_library/Uganda/2019-20/_/food_acquired.parquet'.  Stop.
/global/scratch/fsa/fc_jevons/ligon/mirrors/LSMS_Library/lsms_library/countries/Uganda/2019-20/_/../../_/uganda.py:227: UserWarning: Dropping some unknown unit codes!
  warnings.warn("Dropping some unknown unit codes!")
{800.0, 801.0, 802.0, 996.0, 997.0, 998.0, 999.0}
/global/scratch/fsa/fc_jevons/ligon/mirrors/LSMS_Library/lsms_library/countries/Uganda/2018-19/_/../../_/uganda.py:227: UserWarning: Dropping some unknown unit codes!
  warnings.warn("Dropping some unknown unit codes!")
{996.0, 997.0, 998.0, 999.0}
[1/4 food_acquired] 15 countries  3463s  (+696 records)
/global/scratch/fsa/fc_jevons/ligon/mirrors/LSMS_Library/.venv/lib/python3.11/site-packages/ligonlibrary/dataframes.py:416: UnicodeWarning: 
One or more strings in the dta file could not be decoded using utf-8, and
so the fallback encoding of latin-1 is being used.  This can happen when a file
has been incorrectly encoded by Stata or some other software. You should verify
the string values returned are correct.
  values = reader.value_labels()
/global/scratch/fsa/fc_jevons/ligon/mirrors/LSMS_Library/.venv/lib/python3.11/site-packages/ligonlibrary/dataframes.py:416: UnicodeWarning: 
One or more strings in the dta file could not be decoded using utf-8, and
so the fallback encoding of latin-1 is being used.  This can happen when a file
has been incorrectly encoded by Stata or some other software. You should verify
the string values returned are correct.
  values = reader.value_labels()
/global/scratch/fsa/fc_jevons/ligon/mirrors/LSMS_Library/lsms_library/local_tools.py:936: DtypeWarning: Columns (0: FOODCD, 1: FOODBLV, 2: UNIQUEID) have mixed types. Specify dtype option on import or set low_memory=False.
  return pd.read_csv(f,encoding=encoding)
/global/scratch/fsa/fc_jevons/ligon/mirrors/LSMS_Library/lsms_library/local_tools.py:936: DtypeWarning: Columns (0: FOODCD, 1: FOODBLV, 2: UNIQUEID) have mixed types. Specify dtype option on import or set low_memory=False.
  return pd.read_csv(f,encoding=encoding)
/global/scratch/fsa/fc_jevons/ligon/mirrors/LSMS_Library/lsms_library/local_tools.py:936: DtypeWarning: Columns (0: FOODCD, 1: FOODBLV, 2: MFOODBLY, 3: TFOODB, 4: UTFOODB, 5: CFOODB) have mixed types. Specify dtype option on import or set low_memory=False.
  return pd.read_csv(f,encoding=encoding)
/global/scratch/fsa/fc_jevons/ligon/mirrors/LSMS_Library/lsms_library/local_tools.py:936: DtypeWarning: Columns (0: FOODCD, 1: FOODBLV, 2: MFOODBLY, 3: TFOODB, 4: UTFOODB, 5: CFOODB) have mixed types. Specify dtype option on import or set low_memory=False.
  return pd.read_csv(f,encoding=encoding)
make: *** [Makefile:25: ../1991-92/_/food_acquired.parquet] Terminated
make: *** [Makefile:25: ../1991-92/_/food_acquired.parquet] Terminated
