make: *** No rule to make target '/global/home/users/ligon/.local/share/lsms_library/Ethiopia/2011-12/_/cluster_features.parquet'.  Stop.
make: *** No rule to make target '/global/home/users/ligon/.local/share/lsms_library/Ethiopia/var/cluster_features.parquet'.  Stop.
make: *** No rule to make target '/global/scratch/fsa/fc_jevons/ligon/mirrors/LSMS_Library/lsms_library/countries/Ethiopia/2011-12/_/cluster_features.parquet'.  Stop.
make: *** No rule to make target '/global/scratch/fsa/fc_jevons/ligon/mirrors/LSMS_Library/lsms_library/countries/Ethiopia/var/cluster_features.parquet'.  Stop.
make: *** No rule to make target '/global/scratch/fsa/fc_jevons/ligon/mirrors/LSMS_Library/lsms_library/countries/Ethiopia/_/cluster_features.parquet'.  Stop.
Data file /global/home/users/ligon/.local/share/lsms_library/Ethiopia/2011-12/_/cluster_features.parquet still missing after running fallbacks.
make: *** No rule to make target '/global/home/users/ligon/.local/share/lsms_library/Ethiopia/2018-19/_/cluster_features.parquet'.  Stop.
make: *** No rule to make target '/global/home/users/ligon/.local/share/lsms_library/Ethiopia/var/cluster_features.parquet'.  Stop.
make: *** No rule to make target '/global/scratch/fsa/fc_jevons/ligon/mirrors/LSMS_Library/lsms_library/countries/Ethiopia/2018-19/_/cluster_features.parquet'.  Stop.
make: *** No rule to make target '/global/scratch/fsa/fc_jevons/ligon/mirrors/LSMS_Library/lsms_library/countries/Ethiopia/var/cluster_features.parquet'.  Stop.
make: *** No rule to make target '/global/scratch/fsa/fc_jevons/ligon/mirrors/LSMS_Library/lsms_library/countries/Ethiopia/_/cluster_features.parquet'.  Stop.
Data file /global/home/users/ligon/.local/share/lsms_library/Ethiopia/2018-19/_/cluster_features.parquet still missing after running fallbacks.
make: *** No rule to make target '/global/home/users/ligon/.local/share/lsms_library/Ethiopia/2021-22/_/cluster_features.parquet'.  Stop.
make: *** No rule to make target '/global/home/users/ligon/.local/share/lsms_library/Ethiopia/var/cluster_features.parquet'.  Stop.
make: *** No rule to make target '/global/scratch/fsa/fc_jevons/ligon/mirrors/LSMS_Library/lsms_library/countries/Ethiopia/2021-22/_/cluster_features.parquet'.  Stop.
make: *** No rule to make target '/global/scratch/fsa/fc_jevons/ligon/mirrors/LSMS_Library/lsms_library/countries/Ethiopia/var/cluster_features.parquet'.  Stop.
make: *** No rule to make target '/global/scratch/fsa/fc_jevons/ligon/mirrors/LSMS_Library/lsms_library/countries/Ethiopia/_/cluster_features.parquet'.  Stop.
Data file /global/home/users/ligon/.local/share/lsms_library/Ethiopia/2021-22/_/cluster_features.parquet still missing after running fallbacks.
/global/scratch/fsa/fc_jevons/ligon/mirrors/LSMS_Library/.venv/lib/python3.11/site-packages/ligonlibrary/dataframes.py:416: UnicodeWarning: 
One or more strings in the dta file could not be decoded using utf-8, and
so the fallback encoding of latin-1 is being used.  This can happen when a file
has been incorrectly encoded by Stata or some other software. You should verify
the string values returned are correct.
  values = reader.value_labels()
/global/scratch/fsa/fc_jevons/ligon/mirrors/LSMS_Library/.venv/lib/python3.11/site-packages/ligonlibrary/dataframes.py:416: UnicodeWarning: 
One or more strings in the dta file could not be decoded using utf-8, and
so the fallback encoding of latin-1 is being used.  This can happen when a file
has been incorrectly encoded by Stata or some other software. You should verify
the string values returned are correct.
  values = reader.value_labels()
Traceback (most recent call last):
  File "/global/scratch/fsa/fc_jevons/ligon/mirrors/LSMS_Library/lsms_library/countries/Ethiopia/_/food_prices_quantities_and_expenditures.py", line 21, in <module>
    x = v.groupby(['j','t','m','i'])[expenditures].sum().replace(0,np.nan)
        ^^^^^^^^^^^^^^^^^^^^^^^^^^^^
  File "/global/scratch/fsa/fc_jevons/ligon/mirrors/LSMS_Library/.venv/lib/python3.11/site-packages/pandas/util/_decorators.py", line 336, in wrapper
    return func(*args, **kwargs)
           ^^^^^^^^^^^^^^^^^^^^^
  File "/global/scratch/fsa/fc_jevons/ligon/mirrors/LSMS_Library/.venv/lib/python3.11/site-packages/pandas/core/frame.py", line 10821, in groupby
    return DataFrameGroupBy(
           ^^^^^^^^^^^^^^^^^
  File "/global/scratch/fsa/fc_jevons/ligon/mirrors/LSMS_Library/.venv/lib/python3.11/site-packages/pandas/core/groupby/groupby.py", line 1095, in __init__
    grouper, exclusions, obj = get_grouper(
                               ^^^^^^^^^^^^
  File "/global/scratch/fsa/fc_jevons/ligon/mirrors/LSMS_Library/.venv/lib/python3.11/site-packages/pandas/core/groupby/grouper.py", line 901, in get_grouper
    raise KeyError(gpr)
KeyError: 'm'
make: *** [Makefile:22: /global/home/users/ligon/.local/share/lsms_library/Ethiopia/var/food_quantities.parquet] Error 1
make: *** No rule to make target '/global/scratch/fsa/fc_jevons/ligon/mirrors/LSMS_Library/lsms_library/countries/Ethiopia/var/nutrition.parquet'.  Stop.
make: *** No rule to make target '/global/scratch/fsa/fc_jevons/ligon/mirrors/LSMS_Library/lsms_library/countries/Ethiopia/_/nutrition.parquet'.  Stop.
Traceback (most recent call last):
  File "/global/scratch/fsa/fc_jevons/ligon/mirrors/LSMS_Library/.venv/lib/python3.11/site-packages/dvc_data/fs.py", line 184, in info
    info = self.index.info(key)
           ^^^^^^^^^^^^^^^^^^^^
  File "/global/scratch/fsa/fc_jevons/ligon/mirrors/LSMS_Library/.venv/lib/python3.11/site-packages/dvc_data/index/index.py", line 692, in info
    entry = self[key]
            ~~~~^^^^^
  File "/global/scratch/fsa/fc_jevons/ligon/mirrors/LSMS_Library/.venv/lib/python3.11/site-packages/dvc_data/index/index.py", line 838, in __getitem__
    return self._trie[key]
           ~~~~~~~~~~^^^^^
  File "/global/scratch/fsa/fc_jevons/ligon/mirrors/LSMS_Library/.venv/lib/python3.11/site-packages/sqltrie/serialized.py", line 58, in __getitem__
    raw = self._trie[key]
          ~~~~~~~~~~^^^^^
  File "/global/scratch/fsa/fc_jevons/ligon/mirrors/LSMS_Library/.venv/lib/python3.11/site-packages/sqltrie/sqlite/sqlite.py", line 266, in __getitem__
    row = self._get_node(key)
          ^^^^^^^^^^^^^^^^^^^
  File "/global/scratch/fsa/fc_jevons/ligon/mirrors/LSMS_Library/.venv/lib/python3.11/site-packages/sqltrie/sqlite/sqlite.py", line 204, in _get_node
    raise KeyError(key)
KeyError: ('global', 'home', 'users', 'ligon', '.local', 'share', 'lsms_library', 'Ethiopia', 'var', 'food_quantities.parquet')

The above exception was the direct cause of the following exception:

Traceback (most recent call last):
  File "/global/scratch/fsa/fc_jevons/ligon/mirrors/LSMS_Library/.venv/lib/python3.11/site-packages/dvc/api/data.py", line 297, in _open
    with fs.open(fs_path, mode=mode, encoding=encoding) as fobj:
         ^^^^^^^^^^^^^^^^^^^^^^^^^^^^^^^^^^^^^^^^^^^^^^
  File "/global/scratch/fsa/fc_jevons/ligon/mirrors/LSMS_Library/.venv/lib/python3.11/site-packages/dvc_objects/fs/base.py", line 323, in open
    return self.fs.open(path, mode=mode, **kwargs)
           ^^^^^^^^^^^^^^^^^^^^^^^^^^^^^^^^^^^^^^^
  File "/global/scratch/fsa/fc_jevons/ligon/mirrors/LSMS_Library/.venv/lib/python3.11/site-packages/fsspec/spec.py", line 1352, in open
    f = self._open(
        ^^^^^^^^^^^
  File "/global/scratch/fsa/fc_jevons/ligon/mirrors/LSMS_Library/.venv/lib/python3.11/site-packages/dvc_data/fs.py", line 150, in _open
    typ, _, cache_storage, hi, fs, fspath = self._get_fs_path(path)
                                            ^^^^^^^^^^^^^^^^^^^^^^^
  File "/global/scratch/fsa/fc_jevons/ligon/mirrors/LSMS_Library/.venv/lib/python3.11/site-packages/dvc_data/fs.py", line 104, in _get_fs_path
    info = info or self.info(path)
                   ^^^^^^^^^^^^^^^
  File "/global/scratch/fsa/fc_jevons/ligon/mirrors/LSMS_Library/.venv/lib/python3.11/site-packages/dvc_data/fs.py", line 186, in info
    raise FileNotFoundError(
FileNotFoundError: [Errno 2] No such file or directory: '/global/home/users/ligon/.local/share/lsms_library/Ethiopia/var/food_quantities.parquet'

The above exception was the direct cause of the following exception:

Traceback (most recent call last):
  File "/global/scratch/fsa/fc_jevons/ligon/mirrors/LSMS_Library/.venv/lib/python3.11/site-packages/dvc/api/data.py", line 17, in _wrap_exceptions
    yield
  File "/global/scratch/fsa/fc_jevons/ligon/mirrors/LSMS_Library/.venv/lib/python3.11/site-packages/dvc/api/data.py", line 300, in _open
    raise FileMissingError(path) from exc
dvc.exceptions.FileMissingError: Can't find '/global/home/users/ligon/.local/share/lsms_library/Ethiopia/var/food_quantities.parquet' neither locally nor on remote

The above exception was the direct cause of the following exception:

Traceback (most recent call last):
  File "/global/scratch/fsa/fc_jevons/ligon/mirrors/LSMS_Library/lsms_library/countries/Ethiopia/_/nutrition.py", line 38, in <module>
    q = get_dataframe('../var/food_quantities.parquet')
        ^^^^^^^^^^^^^^^^^^^^^^^^^^^^^^^^^^^^^^^^^^^^^^^
  File "/global/scratch/fsa/fc_jevons/ligon/mirrors/LSMS_Library/lsms_library/local_tools.py", line 926, in get_dataframe
    with dvc.api.open(fn,mode='rb') as f:
  File "/global/software/rocky-8.x86_64/python-3.11.6/._python-3.11.6/zxbhdko4pyfbffp3rebfywqstwyqctut/python/3.11.6-gcc/lib/python3.11/contextlib.py", line 137, in __enter__
    return next(self.gen)
           ^^^^^^^^^^^^^^
  File "/global/scratch/fsa/fc_jevons/ligon/mirrors/LSMS_Library/.venv/lib/python3.11/site-packages/dvc/api/data.py", line 277, in _open
    with _wrap_exceptions(_repo, path):
  File "/global/software/rocky-8.x86_64/python-3.11.6/._python-3.11.6/zxbhdko4pyfbffp3rebfywqstwyqctut/python/3.11.6-gcc/lib/python3.11/contextlib.py", line 155, in __exit__
    self.gen.throw(typ, value, traceback)
  File "/global/scratch/fsa/fc_jevons/ligon/mirrors/LSMS_Library/.venv/lib/python3.11/site-packages/dvc/api/data.py", line 25, in _wrap_exceptions
    raise PathMissingError(exc.path, url) from exc
dvc.exceptions.PathMissingError: The path '/global/home/users/ligon/.local/share/lsms_library/Ethiopia/var/food_quantities.parquet' does not exist in the target repository '/global/home/users/ligon/.local/share/lsms_library/Ethiopia/var/food_quantities.parquet' neither as a DVC output nor as a Git-tracked file.
Data file /global/home/users/ligon/.local/share/lsms_library/Ethiopia/var/nutrition.parquet still missing after running fallbacks.
Ethiopia: 18 features audited
