make: *** No rule to make target '/global/home/users/ligon/.local/share/lsms_library/GhanaLSS/1987-88/_/cluster_features.parquet'.  Stop.
make: *** No rule to make target '/global/home/users/ligon/.local/share/lsms_library/GhanaLSS/var/cluster_features.parquet'.  Stop.
make: *** No rule to make target '/global/scratch/fsa/fc_jevons/ligon/mirrors/LSMS_Library/lsms_library/countries/GhanaLSS/1987-88/_/cluster_features.parquet'.  Stop.
make: *** No rule to make target '/global/scratch/fsa/fc_jevons/ligon/mirrors/LSMS_Library/lsms_library/countries/GhanaLSS/var/cluster_features.parquet'.  Stop.
make: *** No rule to make target '/global/scratch/fsa/fc_jevons/ligon/mirrors/LSMS_Library/lsms_library/countries/GhanaLSS/_/cluster_features.parquet'.  Stop.
Data file /global/home/users/ligon/.local/share/lsms_library/GhanaLSS/1987-88/_/cluster_features.parquet still missing after running fallbacks.
/global/scratch/fsa/fc_jevons/ligon/mirrors/LSMS_Library/lsms_library/local_tools.py:862: DtypeWarning: Columns (0: FOODCD, 1: FOODBLV, 2: UNIQUEID) have mixed types. Specify dtype option on import or set low_memory=False.
  return pd.read_csv(f,encoding=encoding)
/global/scratch/fsa/fc_jevons/ligon/mirrors/LSMS_Library/lsms_library/local_tools.py:862: DtypeWarning: Columns (0: FOODCD, 1: FOODBLV, 2: MFOODBLY, 3: TFOODB, 4: UTFOODB, 5: CFOODB) have mixed types. Specify dtype option on import or set low_memory=False.
  return pd.read_csv(f,encoding=encoding)
/global/scratch/fsa/fc_jevons/ligon/mirrors/LSMS_Library/lsms_library/local_tools.py:862: DtypeWarning: Columns (0: FOODCD, 1: FOODBLV, 2: MFOODBLY, 3: TFOODB, 4: UTFOODB, 5: CFOODB) have mixed types. Specify dtype option on import or set low_memory=False.
  return pd.read_csv(f,encoding=encoding)
/global/scratch/fsa/fc_jevons/ligon/mirrors/LSMS_Library/lsms_library/local_tools.py:862: DtypeWarning: Columns (0: FOODCD, 1: FOODBLV, 2: UNIQUEID) have mixed types. Specify dtype option on import or set low_memory=False.
  return pd.read_csv(f,encoding=encoding)
Traceback (most recent call last):
  File "/global/scratch/fsa/fc_jevons/ligon/mirrors/LSMS_Library/.venv/lib/python3.11/site-packages/dvc_data/fs.py", line 184, in info
    info = self.index.info(key)
           ^^^^^^^^^^^^^^^^^^^^
  File "/global/scratch/fsa/fc_jevons/ligon/mirrors/LSMS_Library/.venv/lib/python3.11/site-packages/dvc_data/index/index.py", line 692, in info
    entry = self[key]
            ~~~~^^^^^
  File "/global/scratch/fsa/fc_jevons/ligon/mirrors/LSMS_Library/.venv/lib/python3.11/site-packages/dvc_data/index/index.py", line 838, in __getitem__
    return self._trie[key]
           ~~~~~~~~~~^^^^^
  File "/global/scratch/fsa/fc_jevons/ligon/mirrors/LSMS_Library/.venv/lib/python3.11/site-packages/sqltrie/serialized.py", line 58, in __getitem__
    raw = self._trie[key]
          ~~~~~~~~~~^^^^^
  File "/global/scratch/fsa/fc_jevons/ligon/mirrors/LSMS_Library/.venv/lib/python3.11/site-packages/sqltrie/sqlite/sqlite.py", line 266, in __getitem__
    row = self._get_node(key)
          ^^^^^^^^^^^^^^^^^^^
  File "/global/scratch/fsa/fc_jevons/ligon/mirrors/LSMS_Library/.venv/lib/python3.11/site-packages/sqltrie/sqlite/sqlite.py", line 204, in _get_node
    raise KeyError(key)
KeyError: ('global', 'home', 'users', 'ligon', '.local', 'share', 'lsms_library', 'GhanaLSS', '1987-88', '_', 'food_acquired.parquet')

The above exception was the direct cause of the following exception:

Traceback (most recent call last):
  File "/global/scratch/fsa/fc_jevons/ligon/mirrors/LSMS_Library/.venv/lib/python3.11/site-packages/dvc/api/data.py", line 297, in _open
    with fs.open(fs_path, mode=mode, encoding=encoding) as fobj:
         ^^^^^^^^^^^^^^^^^^^^^^^^^^^^^^^^^^^^^^^^^^^^^^
  File "/global/scratch/fsa/fc_jevons/ligon/mirrors/LSMS_Library/.venv/lib/python3.11/site-packages/dvc_objects/fs/base.py", line 323, in open
    return self.fs.open(path, mode=mode, **kwargs)
           ^^^^^^^^^^^^^^^^^^^^^^^^^^^^^^^^^^^^^^^
  File "/global/scratch/fsa/fc_jevons/ligon/mirrors/LSMS_Library/.venv/lib/python3.11/site-packages/fsspec/spec.py", line 1352, in open
    f = self._open(
        ^^^^^^^^^^^
  File "/global/scratch/fsa/fc_jevons/ligon/mirrors/LSMS_Library/.venv/lib/python3.11/site-packages/dvc_data/fs.py", line 150, in _open
    typ, _, cache_storage, hi, fs, fspath = self._get_fs_path(path)
                                            ^^^^^^^^^^^^^^^^^^^^^^^
  File "/global/scratch/fsa/fc_jevons/ligon/mirrors/LSMS_Library/.venv/lib/python3.11/site-packages/dvc_data/fs.py", line 104, in _get_fs_path
    info = info or self.info(path)
                   ^^^^^^^^^^^^^^^
  File "/global/scratch/fsa/fc_jevons/ligon/mirrors/LSMS_Library/.venv/lib/python3.11/site-packages/dvc_data/fs.py", line 186, in info
    raise FileNotFoundError(
FileNotFoundError: [Errno 2] No such file or directory: '/global/home/users/ligon/.local/share/lsms_library/GhanaLSS/1987-88/_/food_acquired.parquet'

The above exception was the direct cause of the following exception:

Traceback (most recent call last):
  File "/global/scratch/fsa/fc_jevons/ligon/mirrors/LSMS_Library/.venv/lib/python3.11/site-packages/dvc/api/data.py", line 17, in _wrap_exceptions
    yield
  File "/global/scratch/fsa/fc_jevons/ligon/mirrors/LSMS_Library/.venv/lib/python3.11/site-packages/dvc/api/data.py", line 300, in _open
    raise FileMissingError(path) from exc
dvc.exceptions.FileMissingError: Can't find '/global/home/users/ligon/.local/share/lsms_library/GhanaLSS/1987-88/_/food_acquired.parquet' neither locally nor on remote

The above exception was the direct cause of the following exception:

Traceback (most recent call last):
  File "/global/scratch/fsa/fc_jevons/ligon/mirrors/LSMS_Library/lsms_library/countries/GhanaLSS/_/food_acquired.py", line 40, in <module>
    df = get_dataframe('../'+t+'/_/food_acquired.parquet').squeeze()
         ^^^^^^^^^^^^^^^^^^^^^^^^^^^^^^^^^^^^^^^^^^^^^^^^^
  File "/global/scratch/fsa/fc_jevons/ligon/mirrors/LSMS_Library/lsms_library/local_tools.py", line 926, in get_dataframe
    with dvc.api.open(fn,mode='rb') as f:
  File "/global/software/rocky-8.x86_64/python-3.11.6/._python-3.11.6/zxbhdko4pyfbffp3rebfywqstwyqctut/python/3.11.6-gcc/lib/python3.11/contextlib.py", line 137, in __enter__
    return next(self.gen)
           ^^^^^^^^^^^^^^
  File "/global/scratch/fsa/fc_jevons/ligon/mirrors/LSMS_Library/.venv/lib/python3.11/site-packages/dvc/api/data.py", line 277, in _open
    with _wrap_exceptions(_repo, path):
  File "/global/software/rocky-8.x86_64/python-3.11.6/._python-3.11.6/zxbhdko4pyfbffp3rebfywqstwyqctut/python/3.11.6-gcc/lib/python3.11/contextlib.py", line 155, in __exit__
    self.gen.throw(typ, value, traceback)
  File "/global/scratch/fsa/fc_jevons/ligon/mirrors/LSMS_Library/.venv/lib/python3.11/site-packages/dvc/api/data.py", line 25, in _wrap_exceptions
    raise PathMissingError(exc.path, url) from exc
dvc.exceptions.PathMissingError: The path '/global/home/users/ligon/.local/share/lsms_library/GhanaLSS/1987-88/_/food_acquired.parquet' does not exist in the target repository '/global/home/users/ligon/.local/share/lsms_library/GhanaLSS/1987-88/_/food_acquired.parquet' neither as a DVC output nor as a Git-tracked file.
make: *** [Makefile:28: /global/home/users/ligon/.local/share/lsms_library/GhanaLSS/var/food_acquired.parquet] Error 1
make: *** No rule to make target '/global/scratch/fsa/fc_jevons/ligon/mirrors/LSMS_Library/lsms_library/countries/GhanaLSS/var/food_prices.parquet'.  Stop.
make: *** No rule to make target '/global/scratch/fsa/fc_jevons/ligon/mirrors/LSMS_Library/lsms_library/countries/GhanaLSS/_/food_prices.parquet'.  Stop.
Data file /global/home/users/ligon/.local/share/lsms_library/GhanaLSS/var/food_prices.parquet still missing after running fallbacks.
/global/scratch/fsa/fc_jevons/ligon/mirrors/LSMS_Library/lsms_library/local_tools.py:862: DtypeWarning: Columns (0: FOODCD, 1: FOODBLV, 2: UNIQUEID) have mixed types. Specify dtype option on import or set low_memory=False.
  return pd.read_csv(f,encoding=encoding)
/global/scratch/fsa/fc_jevons/ligon/mirrors/LSMS_Library/lsms_library/local_tools.py:862: DtypeWarning: Columns (0: FOODCD, 1: FOODBLV, 2: MFOODBLY, 3: TFOODB, 4: UTFOODB, 5: CFOODB) have mixed types. Specify dtype option on import or set low_memory=False.
  return pd.read_csv(f,encoding=encoding)
/global/scratch/fsa/fc_jevons/ligon/mirrors/LSMS_Library/lsms_library/local_tools.py:862: DtypeWarning: Columns (0: FOODCD, 1: FOODBLV, 2: MFOODBLY, 3: TFOODB, 4: UTFOODB, 5: CFOODB) have mixed types. Specify dtype option on import or set low_memory=False.
  return pd.read_csv(f,encoding=encoding)
/global/scratch/fsa/fc_jevons/ligon/mirrors/LSMS_Library/lsms_library/local_tools.py:862: DtypeWarning: Columns (0: FOODCD, 1: FOODBLV, 2: UNIQUEID) have mixed types. Specify dtype option on import or set low_memory=False.
  return pd.read_csv(f,encoding=encoding)
1987-88
                                    purchased_value  ...   t_temp
j      t       i               u                     ...         
100101 1987-88 Banana          <NA>             NaN  ...  1987-88
               Cassava (dough) <NA>             200  ...  1987-88
               Cassava (flour) <NA>             NaN  ...  1987-88
               Cassava         <NA>             NaN  ...  1987-88
               Egg             <NA>             NaN  ...  1987-88
...                                             ...  ...      ...
120016 1987-88 Pork            <NA>             150  ...  1987-88
               Rice            <NA>             400  ...  1987-88
               Sugar           <NA>             280  ...  1987-88
               Tomato (fresh)  <NA>             150  ...  1987-88
               Yam             <NA>             120  ...  1987-88

[90589 rows x 5 columns]
1988-89
Traceback (most recent call last):
  File "/global/scratch/fsa/fc_jevons/ligon/mirrors/LSMS_Library/lsms_library/countries/GhanaLSS/_/food_acquired.py", line 47, in <module>
    df1 = id_walk(df,t,Waves)
          ^^^^^^^^^^^^^^^^^^^
  File "/global/scratch/fsa/fc_jevons/ligon/mirrors/LSMS_Library/lsms_library/countries/GhanaLSS/_/food_acquired.py", line 32, in id_walk
    df = change_id(df,'../%s/Data/%s' % (t,waves[t][0]),*waves[t][1:])
         ^^^^^^^^^^^^^^^^^^^^^^^^^^^^^^^^^^^^^^^^^^^^^^^^^^^^^^^^^^^^^
  File "/global/scratch/fsa/fc_jevons/ligon/mirrors/LSMS_Library/lsms_library/countries/GhanaLSS/_/ghanalss.py", line 398, in change_id
    assert x.index.is_unique, "Non-unique index."
AssertionError: Non-unique index.
make: *** [Makefile:28: /global/home/users/ligon/.local/share/lsms_library/GhanaLSS/var/food_acquired.parquet] Error 1
make: *** No rule to make target '/global/scratch/fsa/fc_jevons/ligon/mirrors/LSMS_Library/lsms_library/countries/GhanaLSS/var/food_quantities.parquet'.  Stop.
make: *** No rule to make target '/global/scratch/fsa/fc_jevons/ligon/mirrors/LSMS_Library/lsms_library/countries/GhanaLSS/_/food_quantities.parquet'.  Stop.
Data file /global/home/users/ligon/.local/share/lsms_library/GhanaLSS/var/food_quantities.parquet still missing after running fallbacks.
GhanaLSS: 14 features audited
