make: *** No rule to make target 'panel_ids.json'.  Stop.
Makefile build failed for panel_ids: Command '['make', '-s', '-j16', 'panel_ids.json']' returned non-zero exit status 2.. Falling back to wave aggregation.
make: *** No rule to make target '/global/home/users/ligon/.local/share/lsms_library/Nigeria/2010-11/_/cluster_features.parquet'.  Stop.
make: *** No rule to make target '/global/home/users/ligon/.local/share/lsms_library/Nigeria/var/cluster_features.parquet'.  Stop.
make: *** No rule to make target '/global/scratch/fsa/fc_jevons/ligon/mirrors/LSMS_Library/lsms_library/countries/Nigeria/2010-11/_/cluster_features.parquet'.  Stop.
make: *** No rule to make target '/global/scratch/fsa/fc_jevons/ligon/mirrors/LSMS_Library/lsms_library/countries/Nigeria/var/cluster_features.parquet'.  Stop.
make: *** No rule to make target '/global/scratch/fsa/fc_jevons/ligon/mirrors/LSMS_Library/lsms_library/countries/Nigeria/_/cluster_features.parquet'.  Stop.
Data file /global/home/users/ligon/.local/share/lsms_library/Nigeria/2010-11/_/cluster_features.parquet still missing after running fallbacks.
make: *** No rule to make target '/global/home/users/ligon/.local/share/lsms_library/Nigeria/2010-11/_/cluster_features.parquet'.  Stop.
make: *** No rule to make target '/global/home/users/ligon/.local/share/lsms_library/Nigeria/var/cluster_features.parquet'.  Stop.
make: *** No rule to make target '/global/scratch/fsa/fc_jevons/ligon/mirrors/LSMS_Library/lsms_library/countries/Nigeria/2010-11/_/cluster_features.parquet'.  Stop.
make: *** No rule to make target '/global/scratch/fsa/fc_jevons/ligon/mirrors/LSMS_Library/lsms_library/countries/Nigeria/var/cluster_features.parquet'.  Stop.
make: *** No rule to make target '/global/scratch/fsa/fc_jevons/ligon/mirrors/LSMS_Library/lsms_library/countries/Nigeria/_/cluster_features.parquet'.  Stop.
Data file /global/home/users/ligon/.local/share/lsms_library/Nigeria/2010-11/_/cluster_features.parquet still missing after running fallbacks.
make: *** No rule to make target '/global/home/users/ligon/.local/share/lsms_library/Nigeria/2015-16/_/cluster_features.parquet'.  Stop.
make: *** No rule to make target '/global/home/users/ligon/.local/share/lsms_library/Nigeria/var/cluster_features.parquet'.  Stop.
make: *** No rule to make target '/global/scratch/fsa/fc_jevons/ligon/mirrors/LSMS_Library/lsms_library/countries/Nigeria/2015-16/_/cluster_features.parquet'.  Stop.
make: *** No rule to make target '/global/scratch/fsa/fc_jevons/ligon/mirrors/LSMS_Library/lsms_library/countries/Nigeria/var/cluster_features.parquet'.  Stop.
make: *** No rule to make target '/global/scratch/fsa/fc_jevons/ligon/mirrors/LSMS_Library/lsms_library/countries/Nigeria/_/cluster_features.parquet'.  Stop.
Data file /global/home/users/ligon/.local/share/lsms_library/Nigeria/2015-16/_/cluster_features.parquet still missing after running fallbacks.
make: *** No rule to make target '/global/home/users/ligon/.local/share/lsms_library/Nigeria/2015-16/_/cluster_features.parquet'.  Stop.
make: *** No rule to make target '/global/home/users/ligon/.local/share/lsms_library/Nigeria/var/cluster_features.parquet'.  Stop.
make: *** No rule to make target '/global/scratch/fsa/fc_jevons/ligon/mirrors/LSMS_Library/lsms_library/countries/Nigeria/2015-16/_/cluster_features.parquet'.  Stop.
make: *** No rule to make target '/global/scratch/fsa/fc_jevons/ligon/mirrors/LSMS_Library/lsms_library/countries/Nigeria/var/cluster_features.parquet'.  Stop.
make: *** No rule to make target '/global/scratch/fsa/fc_jevons/ligon/mirrors/LSMS_Library/lsms_library/countries/Nigeria/_/cluster_features.parquet'.  Stop.
Data file /global/home/users/ligon/.local/share/lsms_library/Nigeria/2015-16/_/cluster_features.parquet still missing after running fallbacks.
make: *** No rule to make target '/global/home/users/ligon/.local/share/lsms_library/Nigeria/2018-19/_/cluster_features.parquet'.  Stop.
make: *** No rule to make target '/global/home/users/ligon/.local/share/lsms_library/Nigeria/var/cluster_features.parquet'.  Stop.
make: *** No rule to make target '/global/scratch/fsa/fc_jevons/ligon/mirrors/LSMS_Library/lsms_library/countries/Nigeria/2018-19/_/cluster_features.parquet'.  Stop.
make: *** No rule to make target '/global/scratch/fsa/fc_jevons/ligon/mirrors/LSMS_Library/lsms_library/countries/Nigeria/var/cluster_features.parquet'.  Stop.
make: *** No rule to make target '/global/scratch/fsa/fc_jevons/ligon/mirrors/LSMS_Library/lsms_library/countries/Nigeria/_/cluster_features.parquet'.  Stop.
Data file /global/home/users/ligon/.local/share/lsms_library/Nigeria/2018-19/_/cluster_features.parquet still missing after running fallbacks.
make: *** No rule to make target '/global/home/users/ligon/.local/share/lsms_library/Nigeria/2018-19/_/cluster_features.parquet'.  Stop.
make: *** No rule to make target '/global/home/users/ligon/.local/share/lsms_library/Nigeria/var/cluster_features.parquet'.  Stop.
make: *** No rule to make target '/global/scratch/fsa/fc_jevons/ligon/mirrors/LSMS_Library/lsms_library/countries/Nigeria/2018-19/_/cluster_features.parquet'.  Stop.
make: *** No rule to make target '/global/scratch/fsa/fc_jevons/ligon/mirrors/LSMS_Library/lsms_library/countries/Nigeria/var/cluster_features.parquet'.  Stop.
make: *** No rule to make target '/global/scratch/fsa/fc_jevons/ligon/mirrors/LSMS_Library/lsms_library/countries/Nigeria/_/cluster_features.parquet'.  Stop.
Data file /global/home/users/ligon/.local/share/lsms_library/Nigeria/2018-19/_/cluster_features.parquet still missing after running fallbacks.
/global/scratch/fsa/fc_jevons/ligon/mirrors/LSMS_Library/lsms_library/local_tools.py:862: DtypeWarning: Columns (0: s10bq2b_os, 1: s10bq3b_os, 2: s10bq5b_os, 3: s10bq6b_os, 4: s10bq7b_os) have mixed types. Specify dtype option on import or set low_memory=False.
  return pd.read_csv(f,encoding=encoding)
/global/scratch/fsa/fc_jevons/ligon/mirrors/LSMS_Library/lsms_library/local_tools.py:862: DtypeWarning: Columns (0: s7bq2b_os, 1: s7bq3b_os, 2: s7bq5b_os, 3: s7bq6b_os, 4: s7bq7b_os) have mixed types. Specify dtype option on import or set low_memory=False.
  return pd.read_csv(f,encoding=encoding)
/global/scratch/fsa/fc_jevons/ligon/mirrors/LSMS_Library/lsms_library/local_tools.py:862: DtypeWarning: Columns (0: s10bq2b_os, 1: s10bq9b_os) have mixed types. Specify dtype option on import or set low_memory=False.
  return pd.read_csv(f,encoding=encoding)
/global/scratch/fsa/fc_jevons/ligon/mirrors/LSMS_Library/.venv/lib/python3.11/site-packages/ligonlibrary/dataframes.py:435: RuntimeWarning: Issue with categorical mapping: saq13y
  warnings.warn(f"Issue with categorical mapping: {var}", RuntimeWarning)
/global/scratch/fsa/fc_jevons/ligon/mirrors/LSMS_Library/.venv/lib/python3.11/site-packages/ligonlibrary/dataframes.py:435: RuntimeWarning: Issue with categorical mapping: saq17y
  warnings.warn(f"Issue with categorical mapping: {var}", RuntimeWarning)
/global/scratch/fsa/fc_jevons/ligon/mirrors/LSMS_Library/.venv/lib/python3.11/site-packages/ligonlibrary/dataframes.py:435: RuntimeWarning: Issue with categorical mapping: saq13y
  warnings.warn(f"Issue with categorical mapping: {var}", RuntimeWarning)
/global/scratch/fsa/fc_jevons/ligon/mirrors/LSMS_Library/.venv/lib/python3.11/site-packages/ligonlibrary/dataframes.py:435: RuntimeWarning: Issue with categorical mapping: saq16y
  warnings.warn(f"Issue with categorical mapping: {var}", RuntimeWarning)
/global/scratch/fsa/fc_jevons/ligon/mirrors/LSMS_Library/.venv/lib/python3.11/site-packages/ligonlibrary/dataframes.py:435: RuntimeWarning: Issue with categorical mapping: tracked_obs
  warnings.warn(f"Issue with categorical mapping: {var}", RuntimeWarning)
/global/scratch/fsa/fc_jevons/ligon/mirrors/LSMS_Library/.venv/lib/python3.11/site-packages/ligonlibrary/dataframes.py:435: RuntimeWarning: Issue with categorical mapping: interviewer_id
  warnings.warn(f"Issue with categorical mapping: {var}", RuntimeWarning)
/global/scratch/fsa/fc_jevons/ligon/mirrors/LSMS_Library/.venv/lib/python3.11/site-packages/ligonlibrary/dataframes.py:435: RuntimeWarning: Issue with categorical mapping: supervisor_id
  warnings.warn(f"Issue with categorical mapping: {var}", RuntimeWarning)
Traceback (most recent call last):
  File "/global/scratch/fsa/fc_jevons/ligon/mirrors/LSMS_Library/lsms_library/countries/Nigeria/2010-11/_/nonfood_expenditures.py", line 74, in <module>
    to_parquet(x, 'nonfood_expenditures.parquet',compression='gzip')
TypeError: to_parquet() got an unexpected keyword argument 'compression'
make: *** [Makefile:63: ../2010-11/_/nonfood_expenditures.parquet] Error 1
Nigeria: 17 features audited
