=== task 19: country='Malawi'  node=n0179.savio3  Thu Jun 25 18:46:53 PDT 2026 ===
--- provisioning venv -> /local/job35193685/venv ---
--- cache clear Malawi ---
Malawi: removed
  /global/home/users/ligon/.local/share/lsms_library/Malawi/var/anthropometry.parquet
  /global/home/users/ligon/.local/share/lsms_library/Malawi/2010-11/_/anthropometry.parquet
  /global/home/users/ligon/.local/share/lsms_library/Malawi/2013-14/_/anthropometry.parquet
  /global/home/users/ligon/.local/share/lsms_library/Malawi/2016-17/_/anthropometry.parquet
  /global/home/users/ligon/.local/share/lsms_library/Malawi/2019-20/_/anthropometry.parquet
  /global/home/users/ligon/.local/share/lsms_library/Malawi/var/assets.parquet
  /global/home/users/ligon/.local/share/lsms_library/Malawi/2004-05/_/assets.parquet
  /global/home/users/ligon/.local/share/lsms_library/Malawi/2010-11/_/assets.parquet
  /global/home/users/ligon/.local/share/lsms_library/Malawi/2013-14/_/assets.parquet
  /global/home/users/ligon/.local/share/lsms_library/Malawi/2016-17/_/assets.parquet
  /global/home/users/ligon/.local/share/lsms_library/Malawi/2019-20/_/assets.parquet
  /global/home/users/ligon/.local/share/lsms_library/Malawi/var/cluster_features.parquet
  /global/home/users/ligon/.local/share/lsms_library/Malawi/2004-05/_/cluster_features.parquet
  /global/home/users/ligon/.local/share/lsms_library/Malawi/2010-11/_/cluster_features.parquet
  /global/home/users/ligon/.local/share/lsms_library/Malawi/2013-14/_/cluster_features.parquet
  /global/home/users/ligon/.local/share/lsms_library/Malawi/2016-17/_/cluster_features.parquet
  /global/home/users/ligon/.local/share/lsms_library/Malawi/2019-20/_/cluster_features.parquet
  /global/home/users/ligon/.local/share/lsms_library/Malawi/var/community_prices.parquet
  /global/home/users/ligon/.local/share/lsms_library/Malawi/2010-11/_/community_prices.parquet
  /global/home/users/ligon/.local/share/lsms_library/Malawi/2013-14/_/community_prices.parquet
  /global/home/users/ligon/.local/share/lsms_library/Malawi/2019-20/_/community_prices.parquet
  /global/home/users/ligon/.local/share/lsms_library/Malawi/var/crop_production.parquet
  /global/home/users/ligon/.local/share/lsms_library/Malawi/2010-11/_/crop_production.parquet
  /global/home/users/ligon/.local/share/lsms_library/Malawi/2013-14/_/crop_production.parquet
  /global/home/users/ligon/.local/share/lsms_library/Malawi/2016-17/_/crop_production.parquet
  /global/home/users/ligon/.local/share/lsms_library/Malawi/2019-20/_/crop_production.parquet
  /global/home/users/ligon/.local/share/lsms_library/Malawi/var/food_acquired.parquet
  /global/home/users/ligon/.local/share/lsms_library/Malawi/2004-05/_/food_acquired.parquet
  /global/home/users/ligon/.local/share/lsms_library/Malawi/2010-11/_/food_acquired.parquet
  /global/home/users/ligon/.local/share/lsms_library/Malawi/2013-14/_/food_acquired.parquet
  /global/home/users/ligon/.local/share/lsms_library/Malawi/2016-17/_/food_acquired.parquet
  /global/home/users/ligon/.local/share/lsms_library/Malawi/2019-20/_/food_acquired.parquet
  /global/home/users/ligon/.local/share/lsms_library/Malawi/var/food_coping.parquet
  /global/home/users/ligon/.local/share/lsms_library/Malawi/2010-11/_/food_coping.parquet
  /global/home/users/ligon/.local/share/lsms_library/Malawi/2013-14/_/food_coping.parquet
  /global/home/users/ligon/.local/share/lsms_library/Malawi/2016-17/_/food_coping.parquet
  /global/home/users/ligon/.local/share/lsms_library/Malawi/2019-20/_/food_coping.parquet
  /global/home/users/ligon/.local/share/lsms_library/Malawi/var/food_security.parquet
  /global/home/users/ligon/.local/share/lsms_library/Malawi/2013-14/_/food_security.parquet
  /global/home/users/ligon/.local/share/lsms_library/Malawi/2016-17/_/food_security.parquet
  /global/home/users/ligon/.local/share/lsms_library/Malawi/2019-20/_/food_security.parquet
  /global/home/users/ligon/.local/share/lsms_library/Malawi/var/household_roster.parquet
  /global/home/users/ligon/.local/share/lsms_library/Malawi/2004-05/_/household_roster.parquet
  /global/home/users/ligon/.local/share/lsms_library/Malawi/2010-11/_/household_roster.parquet
  /global/home/users/ligon/.local/share/lsms_library/Malawi/2013-14/_/household_roster.parquet
  /global/home/users/ligon/.local/share/lsms_library/Malawi/2016-17/_/household_roster.parquet
  /global/home/users/ligon/.local/share/lsms_library/Malawi/2019-20/_/household_roster.parquet
  /global/home/users/ligon/.local/share/lsms_library/Malawi/var/housing.parquet
  /global/home/users/ligon/.local/share/lsms_library/Malawi/2004-05/_/housing.parquet
  /global/home/users/ligon/.local/share/lsms_library/Malawi/2010-11/_/housing.parquet
  /global/home/users/ligon/.local/share/lsms_library/Malawi/2013-14/_/housing.parquet
  /global/home/users/ligon/.local/share/lsms_library/Malawi/2016-17/_/housing.parquet
  /global/home/users/ligon/.local/share/lsms_library/Malawi/2019-20/_/housing.parquet
  /global/home/users/ligon/.local/share/lsms_library/Malawi/var/individual_education.parquet
  /global/home/users/ligon/.local/share/lsms_library/Malawi/2004-05/_/individual_education.parquet
  /global/home/users/ligon/.local/share/lsms_library/Malawi/2010-11/_/individual_education.parquet
  /global/home/users/ligon/.local/share/lsms_library/Malawi/2013-14/_/individual_education.parquet
  /global/home/users/ligon/.local/share/lsms_library/Malawi/2016-17/_/individual_education.parquet
  /global/home/users/ligon/.local/share/lsms_library/Malawi/2019-20/_/individual_education.parquet
  /global/home/users/ligon/.local/share/lsms_library/Malawi/var/interview_date.parquet
  /global/home/users/ligon/.local/share/lsms_library/Malawi/2004-05/_/interview_date.parquet
  /global/home/users/ligon/.local/share/lsms_library/Malawi/2010-11/_/interview_date.parquet
  /global/home/users/ligon/.local/share/lsms_library/Malawi/2013-14/_/interview_date.parquet
  /global/home/users/ligon/.local/share/lsms_library/Malawi/2016-17/_/interview_date.parquet
  /global/home/users/ligon/.local/share/lsms_library/Malawi/2019-20/_/interview_date.parquet
  /global/home/users/ligon/.local/share/lsms_library/Malawi/var/livestock.parquet
  /global/home/users/ligon/.local/share/lsms_library/Malawi/2010-11/_/livestock.parquet
  /global/home/users/ligon/.local/share/lsms_library/Malawi/2013-14/_/livestock.parquet
  /global/home/users/ligon/.local/share/lsms_library/Malawi/2016-17/_/livestock.parquet
  /global/home/users/ligon/.local/share/lsms_library/Malawi/2019-20/_/livestock.parquet
  /global/home/users/ligon/.local/share/lsms_library/Malawi/var/months_food_inadequate.parquet
  /global/home/users/ligon/.local/share/lsms_library/Malawi/2010-11/_/months_food_inadequate.parquet
  /global/home/users/ligon/.local/share/lsms_library/Malawi/2013-14/_/months_food_inadequate.parquet
  /global/home/users/ligon/.local/share/lsms_library/Malawi/2016-17/_/months_food_inadequate.parquet
  /global/home/users/ligon/.local/share/lsms_library/Malawi/2019-20/_/months_food_inadequate.parquet
  /global/home/users/ligon/.local/share/lsms_library/Malawi/_/panel_ids.parquet
  /global/home/users/ligon/.local/share/lsms_library/Malawi/2013-14/_/panel_ids.parquet
  /global/home/users/ligon/.local/share/lsms_library/Malawi/2016-17/_/panel_ids.parquet
  /global/home/users/ligon/.local/share/lsms_library/Malawi/2019-20/_/panel_ids.parquet
  /global/home/users/ligon/.local/share/lsms_library/Malawi/var/people_last7days.parquet
  /global/home/users/ligon/.local/share/lsms_library/Malawi/2010-11/_/people_last7days.parquet
  /global/home/users/ligon/.local/share/lsms_library/Malawi/2013-14/_/people_last7days.parquet
  /global/home/users/ligon/.local/share/lsms_library/Malawi/2016-17/_/people_last7days.parquet
  /global/home/users/ligon/.local/share/lsms_library/Malawi/2019-20/_/people_last7days.parquet
  /global/home/users/ligon/.local/share/lsms_library/Malawi/var/plot_features.parquet
  /global/home/users/ligon/.local/share/lsms_library/Malawi/2010-11/_/plot_features.parquet
  /global/home/users/ligon/.local/share/lsms_library/Malawi/2013-14/_/plot_features.parquet
  /global/home/users/ligon/.local/share/lsms_library/Malawi/2016-17/_/plot_features.parquet
  /global/home/users/ligon/.local/share/lsms_library/Malawi/2019-20/_/plot_features.parquet
  /global/home/users/ligon/.local/share/lsms_library/Malawi/var/plot_inputs.parquet
  /global/home/users/ligon/.local/share/lsms_library/Malawi/2010-11/_/plot_inputs.parquet
  /global/home/users/ligon/.local/share/lsms_library/Malawi/2013-14/_/plot_inputs.parquet
  /global/home/users/ligon/.local/share/lsms_library/Malawi/2016-17/_/plot_inputs.parquet
  /global/home/users/ligon/.local/share/lsms_library/Malawi/2019-20/_/plot_inputs.parquet
  /global/home/users/ligon/.local/share/lsms_library/Malawi/var/plot_labor.parquet
  /global/home/users/ligon/.local/share/lsms_library/Malawi/2010-11/_/plot_labor.parquet
  /global/home/users/ligon/.local/share/lsms_library/Malawi/2013-14/_/plot_labor.parquet
  /global/home/users/ligon/.local/share/lsms_library/Malawi/2016-17/_/plot_labor.parquet
  /global/home/users/ligon/.local/share/lsms_library/Malawi/2019-20/_/plot_labor.parquet
  /global/home/users/ligon/.local/share/lsms_library/Malawi/var/sample.parquet
  /global/home/users/ligon/.local/share/lsms_library/Malawi/2004-05/_/sample.parquet
  /global/home/users/ligon/.local/share/lsms_library/Malawi/2010-11/_/sample.parquet
  /global/home/users/ligon/.local/share/lsms_library/Malawi/2013-14/_/sample.parquet
  /global/home/users/ligon/.local/share/lsms_library/Malawi/2016-17/_/sample.parquet
  /global/home/users/ligon/.local/share/lsms_library/Malawi/2019-20/_/sample.parquet
  /global/home/users/ligon/.local/share/lsms_library/Malawi/var/shocks.parquet
  /global/home/users/ligon/.local/share/lsms_library/Malawi/2004-05/_/shocks.parquet
  /global/home/users/ligon/.local/share/lsms_library/Malawi/2010-11/_/shocks.parquet
  /global/home/users/ligon/.local/share/lsms_library/Malawi/2013-14/_/shocks.parquet
  /global/home/users/ligon/.local/share/lsms_library/Malawi/2016-17/_/shocks.parquet
  /global/home/users/ligon/.local/share/lsms_library/Malawi/2019-20/_/shocks.parquet
  /global/home/users/ligon/.local/share/lsms_library/Malawi/var/subjective_well_being.parquet
  /global/home/users/ligon/.local/share/lsms_library/Malawi/2010-11/_/subjective_well_being.parquet
  /global/home/users/ligon/.local/share/lsms_library/Malawi/2016-17/_/subjective_well_being.parquet
  /global/home/users/ligon/.local/share/lsms_library/Malawi/2019-20/_/subjective_well_being.parquet
--- build Malawi ---
=== done 'Malawi' rc=0  Thu Jun 25 19:02:41 PDT 2026 ===
