=== task 20: country='Mali'  node=n0178.savio3  Thu Jun 25 18:47:09 PDT 2026 ===
--- provisioning venv -> /local/job35193688/venv ---
--- cache clear Mali ---
Mali: removed
  /global/home/users/ligon/.local/share/lsms_library/Mali/var/assets.parquet
  /global/home/users/ligon/.local/share/lsms_library/Mali/2018-19/_/assets.parquet
  /global/home/users/ligon/.local/share/lsms_library/Mali/2021-22/_/assets.parquet
  /global/home/users/ligon/.local/share/lsms_library/Mali/var/cluster_features.parquet
  /global/home/users/ligon/.local/share/lsms_library/Mali/2014-15/_/cluster_features.parquet
  /global/home/users/ligon/.local/share/lsms_library/Mali/2017-18/_/cluster_features.parquet
  /global/home/users/ligon/.local/share/lsms_library/Mali/2018-19/_/cluster_features.parquet
  /global/home/users/ligon/.local/share/lsms_library/Mali/2021-22/_/cluster_features.parquet
  /global/home/users/ligon/.local/share/lsms_library/Mali/var/community_prices.parquet
  /global/home/users/ligon/.local/share/lsms_library/Mali/2014-15/_/community_prices.parquet
  /global/home/users/ligon/.local/share/lsms_library/Mali/var/crop_production.parquet
  /global/home/users/ligon/.local/share/lsms_library/Mali/2014-15/_/crop_production.parquet
  /global/home/users/ligon/.local/share/lsms_library/Mali/2017-18/_/crop_production.parquet
  /global/home/users/ligon/.local/share/lsms_library/Mali/var/food_acquired.parquet
  /global/home/users/ligon/.local/share/lsms_library/Mali/2014-15/_/food_acquired.parquet
  /global/home/users/ligon/.local/share/lsms_library/Mali/2018-19/_/food_acquired.parquet
  /global/home/users/ligon/.local/share/lsms_library/Mali/2021-22/_/food_acquired.parquet
  /global/home/users/ligon/.local/share/lsms_library/Mali/var/food_coping.parquet
  /global/home/users/ligon/.local/share/lsms_library/Mali/2014-15/_/food_coping.parquet
  /global/home/users/ligon/.local/share/lsms_library/Mali/var/food_security.parquet
  /global/home/users/ligon/.local/share/lsms_library/Mali/2018-19/_/food_security.parquet
  /global/home/users/ligon/.local/share/lsms_library/Mali/2021-22/_/food_security.parquet
  /global/home/users/ligon/.local/share/lsms_library/Mali/var/household_roster.parquet
  /global/home/users/ligon/.local/share/lsms_library/Mali/2014-15/_/household_roster.parquet
  /global/home/users/ligon/.local/share/lsms_library/Mali/2017-18/_/household_roster.parquet
  /global/home/users/ligon/.local/share/lsms_library/Mali/2018-19/_/household_roster.parquet
  /global/home/users/ligon/.local/share/lsms_library/Mali/2021-22/_/household_roster.parquet
  /global/home/users/ligon/.local/share/lsms_library/Mali/var/housing.parquet
  /global/home/users/ligon/.local/share/lsms_library/Mali/2014-15/_/housing.parquet
  /global/home/users/ligon/.local/share/lsms_library/Mali/2017-18/_/housing.parquet
  /global/home/users/ligon/.local/share/lsms_library/Mali/2018-19/_/housing.parquet
  /global/home/users/ligon/.local/share/lsms_library/Mali/2021-22/_/housing.parquet
  /global/home/users/ligon/.local/share/lsms_library/Mali/var/individual_education.parquet
  /global/home/users/ligon/.local/share/lsms_library/Mali/2014-15/_/individual_education.parquet
  /global/home/users/ligon/.local/share/lsms_library/Mali/2017-18/_/individual_education.parquet
  /global/home/users/ligon/.local/share/lsms_library/Mali/2018-19/_/individual_education.parquet
  /global/home/users/ligon/.local/share/lsms_library/Mali/2021-22/_/individual_education.parquet
  /global/home/users/ligon/.local/share/lsms_library/Mali/var/interview_date.parquet
  /global/home/users/ligon/.local/share/lsms_library/Mali/2014-15/_/interview_date.parquet
  /global/home/users/ligon/.local/share/lsms_library/Mali/2017-18/_/interview_date.parquet
  /global/home/users/ligon/.local/share/lsms_library/Mali/2018-19/_/interview_date.parquet
  /global/home/users/ligon/.local/share/lsms_library/Mali/2021-22/_/interview_date.parquet
  /global/home/users/ligon/.local/share/lsms_library/Mali/var/livestock.parquet
  /global/home/users/ligon/.local/share/lsms_library/Mali/2014-15/_/livestock.parquet
  /global/home/users/ligon/.local/share/lsms_library/Mali/2017-18/_/livestock.parquet
  /global/home/users/ligon/.local/share/lsms_library/Mali/var/people_last7days.parquet
  /global/home/users/ligon/.local/share/lsms_library/Mali/2014-15/_/people_last7days.parquet
  /global/home/users/ligon/.local/share/lsms_library/Mali/2017-18/_/people_last7days.parquet
  /global/home/users/ligon/.local/share/lsms_library/Mali/var/plot_features.parquet
  /global/home/users/ligon/.local/share/lsms_library/Mali/2018-19/_/plot_features.parquet
  /global/home/users/ligon/.local/share/lsms_library/Mali/2021-22/_/plot_features.parquet
  /global/home/users/ligon/.local/share/lsms_library/Mali/var/plot_inputs.parquet
  /global/home/users/ligon/.local/share/lsms_library/Mali/2014-15/_/plot_inputs.parquet
  /global/home/users/ligon/.local/share/lsms_library/Mali/2017-18/_/plot_inputs.parquet
  /global/home/users/ligon/.local/share/lsms_library/Mali/var/plot_labor.parquet
  /global/home/users/ligon/.local/share/lsms_library/Mali/2014-15/_/plot_labor.parquet
  /global/home/users/ligon/.local/share/lsms_library/Mali/2017-18/_/plot_labor.parquet
  /global/home/users/ligon/.local/share/lsms_library/Mali/var/sample.parquet
  /global/home/users/ligon/.local/share/lsms_library/Mali/2014-15/_/sample.parquet
  /global/home/users/ligon/.local/share/lsms_library/Mali/2017-18/_/sample.parquet
  /global/home/users/ligon/.local/share/lsms_library/Mali/2018-19/_/sample.parquet
  /global/home/users/ligon/.local/share/lsms_library/Mali/2021-22/_/sample.parquet
  /global/home/users/ligon/.local/share/lsms_library/Mali/var/shocks.parquet
  /global/home/users/ligon/.local/share/lsms_library/Mali/2014-15/_/shocks.parquet
  /global/home/users/ligon/.local/share/lsms_library/Mali/2017-18/_/shocks.parquet
  /global/home/users/ligon/.local/share/lsms_library/Mali/2018-19/_/shocks.parquet
  /global/home/users/ligon/.local/share/lsms_library/Mali/2021-22/_/shocks.parquet
  /global/home/users/ligon/.local/share/lsms_library/Mali/var/subjective_well_being.parquet
  /global/home/users/ligon/.local/share/lsms_library/Mali/2018-19/_/subjective_well_being.parquet
  /global/home/users/ligon/.local/share/lsms_library/Mali/2021-22/_/subjective_well_being.parquet
--- build Mali ---
=== done 'Mali' rc=0  Thu Jun 25 18:54:23 PDT 2026 ===
