=== task 8: country='Ethiopia'  node=n0167.savio3  Thu Jun 25 18:43:34 PDT 2026 ===
--- provisioning venv -> /local/job35193627/venv ---
--- cache clear Ethiopia ---
Ethiopia: removed
  /global/home/users/ligon/.local/share/lsms_library/Ethiopia/var/anthropometry.parquet
  /global/home/users/ligon/.local/share/lsms_library/Ethiopia/2011-12/_/anthropometry.parquet
  /global/home/users/ligon/.local/share/lsms_library/Ethiopia/2013-14/_/anthropometry.parquet
  /global/home/users/ligon/.local/share/lsms_library/Ethiopia/2015-16/_/anthropometry.parquet
  /global/home/users/ligon/.local/share/lsms_library/Ethiopia/2018-19/_/anthropometry.parquet
  /global/home/users/ligon/.local/share/lsms_library/Ethiopia/2021-22/_/anthropometry.parquet
  /global/home/users/ligon/.local/share/lsms_library/Ethiopia/var/assets.parquet
  /global/home/users/ligon/.local/share/lsms_library/Ethiopia/2011-12/_/assets.parquet
  /global/home/users/ligon/.local/share/lsms_library/Ethiopia/2013-14/_/assets.parquet
  /global/home/users/ligon/.local/share/lsms_library/Ethiopia/2015-16/_/assets.parquet
  /global/home/users/ligon/.local/share/lsms_library/Ethiopia/2018-19/_/assets.parquet
  /global/home/users/ligon/.local/share/lsms_library/Ethiopia/2021-22/_/assets.parquet
  /global/home/users/ligon/.local/share/lsms_library/Ethiopia/var/cluster_features.parquet
  /global/home/users/ligon/.local/share/lsms_library/Ethiopia/2011-12/_/cluster_features.parquet
  /global/home/users/ligon/.local/share/lsms_library/Ethiopia/2013-14/_/cluster_features.parquet
  /global/home/users/ligon/.local/share/lsms_library/Ethiopia/2015-16/_/cluster_features.parquet
  /global/home/users/ligon/.local/share/lsms_library/Ethiopia/2018-19/_/cluster_features.parquet
  /global/home/users/ligon/.local/share/lsms_library/Ethiopia/2021-22/_/cluster_features.parquet
  /global/home/users/ligon/.local/share/lsms_library/Ethiopia/var/community_prices.parquet
  /global/home/users/ligon/.local/share/lsms_library/Ethiopia/2011-12/_/community_prices.parquet
  /global/home/users/ligon/.local/share/lsms_library/Ethiopia/2013-14/_/community_prices.parquet
  /global/home/users/ligon/.local/share/lsms_library/Ethiopia/2015-16/_/community_prices.parquet
  /global/home/users/ligon/.local/share/lsms_library/Ethiopia/2018-19/_/community_prices.parquet
  /global/home/users/ligon/.local/share/lsms_library/Ethiopia/2021-22/_/community_prices.parquet
  /global/home/users/ligon/.local/share/lsms_library/Ethiopia/var/crop_production.parquet
  /global/home/users/ligon/.local/share/lsms_library/Ethiopia/2011-12/_/crop_production.parquet
  /global/home/users/ligon/.local/share/lsms_library/Ethiopia/2013-14/_/crop_production.parquet
  /global/home/users/ligon/.local/share/lsms_library/Ethiopia/2015-16/_/crop_production.parquet
  /global/home/users/ligon/.local/share/lsms_library/Ethiopia/2018-19/_/crop_production.parquet
  /global/home/users/ligon/.local/share/lsms_library/Ethiopia/2021-22/_/crop_production.parquet
  /global/home/users/ligon/.local/share/lsms_library/Ethiopia/var/food_acquired.parquet
  /global/home/users/ligon/.local/share/lsms_library/Ethiopia/2011-12/_/food_acquired.parquet
  /global/home/users/ligon/.local/share/lsms_library/Ethiopia/2013-14/_/food_acquired.parquet
  /global/home/users/ligon/.local/share/lsms_library/Ethiopia/2015-16/_/food_acquired.parquet
  /global/home/users/ligon/.local/share/lsms_library/Ethiopia/2018-19/_/food_acquired.parquet
  /global/home/users/ligon/.local/share/lsms_library/Ethiopia/2021-22/_/food_acquired.parquet
  /global/home/users/ligon/.local/share/lsms_library/Ethiopia/var/food_coping.parquet
  /global/home/users/ligon/.local/share/lsms_library/Ethiopia/2011-12/_/food_coping.parquet
  /global/home/users/ligon/.local/share/lsms_library/Ethiopia/2013-14/_/food_coping.parquet
  /global/home/users/ligon/.local/share/lsms_library/Ethiopia/2015-16/_/food_coping.parquet
  /global/home/users/ligon/.local/share/lsms_library/Ethiopia/var/food_security.parquet
  /global/home/users/ligon/.local/share/lsms_library/Ethiopia/2021-22/_/food_security.parquet
  /global/home/users/ligon/.local/share/lsms_library/Ethiopia/var/household_roster.parquet
  /global/home/users/ligon/.local/share/lsms_library/Ethiopia/2011-12/_/household_roster.parquet
  /global/home/users/ligon/.local/share/lsms_library/Ethiopia/2013-14/_/household_roster.parquet
  /global/home/users/ligon/.local/share/lsms_library/Ethiopia/2015-16/_/household_roster.parquet
  /global/home/users/ligon/.local/share/lsms_library/Ethiopia/2018-19/_/household_roster.parquet
  /global/home/users/ligon/.local/share/lsms_library/Ethiopia/2021-22/_/household_roster.parquet
  /global/home/users/ligon/.local/share/lsms_library/Ethiopia/var/housing.parquet
  /global/home/users/ligon/.local/share/lsms_library/Ethiopia/2011-12/_/housing.parquet
  /global/home/users/ligon/.local/share/lsms_library/Ethiopia/2013-14/_/housing.parquet
  /global/home/users/ligon/.local/share/lsms_library/Ethiopia/2015-16/_/housing.parquet
  /global/home/users/ligon/.local/share/lsms_library/Ethiopia/2018-19/_/housing.parquet
  /global/home/users/ligon/.local/share/lsms_library/Ethiopia/2021-22/_/housing.parquet
  /global/home/users/ligon/.local/share/lsms_library/Ethiopia/var/individual_education.parquet
  /global/home/users/ligon/.local/share/lsms_library/Ethiopia/2011-12/_/individual_education.parquet
  /global/home/users/ligon/.local/share/lsms_library/Ethiopia/2013-14/_/individual_education.parquet
  /global/home/users/ligon/.local/share/lsms_library/Ethiopia/2015-16/_/individual_education.parquet
  /global/home/users/ligon/.local/share/lsms_library/Ethiopia/2018-19/_/individual_education.parquet
  /global/home/users/ligon/.local/share/lsms_library/Ethiopia/2021-22/_/individual_education.parquet
  /global/home/users/ligon/.local/share/lsms_library/Ethiopia/var/interview_date.parquet
  /global/home/users/ligon/.local/share/lsms_library/Ethiopia/2018-19/_/interview_date.parquet
  /global/home/users/ligon/.local/share/lsms_library/Ethiopia/2021-22/_/interview_date.parquet
  /global/home/users/ligon/.local/share/lsms_library/Ethiopia/var/livestock.parquet
  /global/home/users/ligon/.local/share/lsms_library/Ethiopia/2011-12/_/livestock.parquet
  /global/home/users/ligon/.local/share/lsms_library/Ethiopia/2013-14/_/livestock.parquet
  /global/home/users/ligon/.local/share/lsms_library/Ethiopia/2015-16/_/livestock.parquet
  /global/home/users/ligon/.local/share/lsms_library/Ethiopia/2018-19/_/livestock.parquet
  /global/home/users/ligon/.local/share/lsms_library/Ethiopia/2021-22/_/livestock.parquet
  /global/home/users/ligon/.local/share/lsms_library/Ethiopia/var/people_last7days.parquet
  /global/home/users/ligon/.local/share/lsms_library/Ethiopia/2011-12/_/people_last7days.parquet
  /global/home/users/ligon/.local/share/lsms_library/Ethiopia/2013-14/_/people_last7days.parquet
  /global/home/users/ligon/.local/share/lsms_library/Ethiopia/2015-16/_/people_last7days.parquet
  /global/home/users/ligon/.local/share/lsms_library/Ethiopia/2018-19/_/people_last7days.parquet
  /global/home/users/ligon/.local/share/lsms_library/Ethiopia/2021-22/_/people_last7days.parquet
  /global/home/users/ligon/.local/share/lsms_library/Ethiopia/var/plot_features.parquet
  /global/home/users/ligon/.local/share/lsms_library/Ethiopia/2011-12/_/plot_features.parquet
  /global/home/users/ligon/.local/share/lsms_library/Ethiopia/2013-14/_/plot_features.parquet
  /global/home/users/ligon/.local/share/lsms_library/Ethiopia/2015-16/_/plot_features.parquet
  /global/home/users/ligon/.local/share/lsms_library/Ethiopia/2018-19/_/plot_features.parquet
  /global/home/users/ligon/.local/share/lsms_library/Ethiopia/2021-22/_/plot_features.parquet
  /global/home/users/ligon/.local/share/lsms_library/Ethiopia/var/plot_inputs.parquet
  /global/home/users/ligon/.local/share/lsms_library/Ethiopia/2011-12/_/plot_inputs.parquet
  /global/home/users/ligon/.local/share/lsms_library/Ethiopia/2013-14/_/plot_inputs.parquet
  /global/home/users/ligon/.local/share/lsms_library/Ethiopia/2015-16/_/plot_inputs.parquet
  /global/home/users/ligon/.local/share/lsms_library/Ethiopia/2018-19/_/plot_inputs.parquet
  /global/home/users/ligon/.local/share/lsms_library/Ethiopia/2021-22/_/plot_inputs.parquet
  /global/home/users/ligon/.local/share/lsms_library/Ethiopia/var/plot_labor.parquet
  /global/home/users/ligon/.local/share/lsms_library/Ethiopia/2011-12/_/plot_labor.parquet
  /global/home/users/ligon/.local/share/lsms_library/Ethiopia/2013-14/_/plot_labor.parquet
  /global/home/users/ligon/.local/share/lsms_library/Ethiopia/2015-16/_/plot_labor.parquet
  /global/home/users/ligon/.local/share/lsms_library/Ethiopia/2018-19/_/plot_labor.parquet
  /global/home/users/ligon/.local/share/lsms_library/Ethiopia/2021-22/_/plot_labor.parquet
  /global/home/users/ligon/.local/share/lsms_library/Ethiopia/var/sample.parquet
  /global/home/users/ligon/.local/share/lsms_library/Ethiopia/2011-12/_/sample.parquet
  /global/home/users/ligon/.local/share/lsms_library/Ethiopia/2013-14/_/sample.parquet
  /global/home/users/ligon/.local/share/lsms_library/Ethiopia/2015-16/_/sample.parquet
  /global/home/users/ligon/.local/share/lsms_library/Ethiopia/2018-19/_/sample.parquet
  /global/home/users/ligon/.local/share/lsms_library/Ethiopia/2021-22/_/sample.parquet
  /global/home/users/ligon/.local/share/lsms_library/Ethiopia/var/shocks.parquet
  /global/home/users/ligon/.local/share/lsms_library/Ethiopia/2011-12/_/shocks.parquet
  /global/home/users/ligon/.local/share/lsms_library/Ethiopia/2013-14/_/shocks.parquet
  /global/home/users/ligon/.local/share/lsms_library/Ethiopia/2015-16/_/shocks.parquet
  /global/home/users/ligon/.local/share/lsms_library/Ethiopia/2018-19/_/shocks.parquet
  /global/home/users/ligon/.local/share/lsms_library/Ethiopia/2021-22/_/shocks.parquet
--- build Ethiopia ---
=== done 'Ethiopia' rc=0  Thu Jun 25 18:51:28 PDT 2026 ===
