=== task 23: country='Nigeria'  node=n0187.savio3  Thu Jun 25 18:48:16 PDT 2026 ===
--- provisioning venv -> /local/job35193705/venv ---
--- cache clear Nigeria ---
Nigeria: removed
  /global/home/users/ligon/.local/share/lsms_library/Nigeria/var/anthropometry.parquet
  /global/home/users/ligon/.local/share/lsms_library/Nigeria/var/assets.parquet
  /global/home/users/ligon/.local/share/lsms_library/Nigeria/2010Q3/_/assets.parquet
  /global/home/users/ligon/.local/share/lsms_library/Nigeria/2011Q1/_/assets.parquet
  /global/home/users/ligon/.local/share/lsms_library/Nigeria/2012Q3/_/assets.parquet
  /global/home/users/ligon/.local/share/lsms_library/Nigeria/2013Q1/_/assets.parquet
  /global/home/users/ligon/.local/share/lsms_library/Nigeria/2015Q3/_/assets.parquet
  /global/home/users/ligon/.local/share/lsms_library/Nigeria/2016Q1/_/assets.parquet
  /global/home/users/ligon/.local/share/lsms_library/Nigeria/2018Q3/_/assets.parquet
  /global/home/users/ligon/.local/share/lsms_library/Nigeria/2019Q1/_/assets.parquet
  /global/home/users/ligon/.local/share/lsms_library/Nigeria/var/cluster_features.parquet
  /global/home/users/ligon/.local/share/lsms_library/Nigeria/2010Q3/_/cluster_features.parquet
  /global/home/users/ligon/.local/share/lsms_library/Nigeria/2011Q1/_/cluster_features.parquet
  /global/home/users/ligon/.local/share/lsms_library/Nigeria/2012Q3/_/cluster_features.parquet
  /global/home/users/ligon/.local/share/lsms_library/Nigeria/2013Q1/_/cluster_features.parquet
  /global/home/users/ligon/.local/share/lsms_library/Nigeria/2015Q3/_/cluster_features.parquet
  /global/home/users/ligon/.local/share/lsms_library/Nigeria/2016Q1/_/cluster_features.parquet
  /global/home/users/ligon/.local/share/lsms_library/Nigeria/2018Q3/_/cluster_features.parquet
  /global/home/users/ligon/.local/share/lsms_library/Nigeria/2019Q1/_/cluster_features.parquet
  /global/home/users/ligon/.local/share/lsms_library/Nigeria/var/community_prices.parquet
  /global/home/users/ligon/.local/share/lsms_library/Nigeria/2010-11/_/community_prices.parquet
  /global/home/users/ligon/.local/share/lsms_library/Nigeria/2012-13/_/community_prices.parquet
  /global/home/users/ligon/.local/share/lsms_library/Nigeria/2015-16/_/community_prices.parquet
  /global/home/users/ligon/.local/share/lsms_library/Nigeria/2018-19/_/community_prices.parquet
  /global/home/users/ligon/.local/share/lsms_library/Nigeria/2023-24/_/community_prices.parquet
  /global/home/users/ligon/.local/share/lsms_library/Nigeria/var/crop_production.parquet
  /global/home/users/ligon/.local/share/lsms_library/Nigeria/var/food_acquired.parquet
  /global/home/users/ligon/.local/share/lsms_library/Nigeria/2010-11/_/food_acquired.parquet
  /global/home/users/ligon/.local/share/lsms_library/Nigeria/2012-13/_/food_acquired.parquet
  /global/home/users/ligon/.local/share/lsms_library/Nigeria/2015-16/_/food_acquired.parquet
  /global/home/users/ligon/.local/share/lsms_library/Nigeria/2018-19/_/food_acquired.parquet
  /global/home/users/ligon/.local/share/lsms_library/Nigeria/var/food_coping.parquet
  /global/home/users/ligon/.local/share/lsms_library/Nigeria/2010-11/_/food_coping.parquet
  /global/home/users/ligon/.local/share/lsms_library/Nigeria/2012-13/_/food_coping.parquet
  /global/home/users/ligon/.local/share/lsms_library/Nigeria/2015-16/_/food_coping.parquet
  /global/home/users/ligon/.local/share/lsms_library/Nigeria/var/household_roster.parquet
  /global/home/users/ligon/.local/share/lsms_library/Nigeria/2010-11/_/household_roster.parquet
  /global/home/users/ligon/.local/share/lsms_library/Nigeria/2012-13/_/household_roster.parquet
  /global/home/users/ligon/.local/share/lsms_library/Nigeria/2015-16/_/household_roster.parquet
  /global/home/users/ligon/.local/share/lsms_library/Nigeria/2018-19/_/household_roster.parquet
  /global/home/users/ligon/.local/share/lsms_library/Nigeria/2023-24/_/household_roster.parquet
  /global/home/users/ligon/.local/share/lsms_library/Nigeria/var/housing.parquet
  /global/home/users/ligon/.local/share/lsms_library/Nigeria/2010-11/_/housing.parquet
  /global/home/users/ligon/.local/share/lsms_library/Nigeria/2012-13/_/housing.parquet
  /global/home/users/ligon/.local/share/lsms_library/Nigeria/2015-16/_/housing.parquet
  /global/home/users/ligon/.local/share/lsms_library/Nigeria/2018-19/_/housing.parquet
  /global/home/users/ligon/.local/share/lsms_library/Nigeria/2023-24/_/housing.parquet
  /global/home/users/ligon/.local/share/lsms_library/Nigeria/var/individual_education.parquet
  /global/home/users/ligon/.local/share/lsms_library/Nigeria/2010Q3/_/individual_education.parquet
  /global/home/users/ligon/.local/share/lsms_library/Nigeria/2011Q1/_/individual_education.parquet
  /global/home/users/ligon/.local/share/lsms_library/Nigeria/2012Q3/_/individual_education.parquet
  /global/home/users/ligon/.local/share/lsms_library/Nigeria/2013Q1/_/individual_education.parquet
  /global/home/users/ligon/.local/share/lsms_library/Nigeria/2015Q3/_/individual_education.parquet
  /global/home/users/ligon/.local/share/lsms_library/Nigeria/2016Q1/_/individual_education.parquet
  /global/home/users/ligon/.local/share/lsms_library/Nigeria/2018Q3/_/individual_education.parquet
  /global/home/users/ligon/.local/share/lsms_library/Nigeria/2019Q1/_/individual_education.parquet
  /global/home/users/ligon/.local/share/lsms_library/Nigeria/2023Q3/_/individual_education.parquet
  /global/home/users/ligon/.local/share/lsms_library/Nigeria/2024Q1/_/individual_education.parquet
  /global/home/users/ligon/.local/share/lsms_library/Nigeria/var/interview_date.parquet
  /global/home/users/ligon/.local/share/lsms_library/Nigeria/2010-11/_/interview_date.parquet
  /global/home/users/ligon/.local/share/lsms_library/Nigeria/2012-13/_/interview_date.parquet
  /global/home/users/ligon/.local/share/lsms_library/Nigeria/2015-16/_/interview_date.parquet
  /global/home/users/ligon/.local/share/lsms_library/Nigeria/2018-19/_/interview_date.parquet
  /global/home/users/ligon/.local/share/lsms_library/Nigeria/var/livestock.parquet
  /global/home/users/ligon/.local/share/lsms_library/Nigeria/var/nonfood_expenditures.parquet
  /global/home/users/ligon/.local/share/lsms_library/Nigeria/2010-11/_/nonfood_expenditures.parquet
  /global/home/users/ligon/.local/share/lsms_library/Nigeria/2012-13/_/nonfood_expenditures.parquet
  /global/home/users/ligon/.local/share/lsms_library/Nigeria/2015-16/_/nonfood_expenditures.parquet
  /global/home/users/ligon/.local/share/lsms_library/Nigeria/2018-19/_/nonfood_expenditures.parquet
  /global/home/users/ligon/.local/share/lsms_library/Nigeria/_/panel_ids.parquet
  /global/home/users/ligon/.local/share/lsms_library/Nigeria/2012Q3/_/panel_ids.parquet
  /global/home/users/ligon/.local/share/lsms_library/Nigeria/2013Q1/_/panel_ids.parquet
  /global/home/users/ligon/.local/share/lsms_library/Nigeria/2015Q3/_/panel_ids.parquet
  /global/home/users/ligon/.local/share/lsms_library/Nigeria/2016Q1/_/panel_ids.parquet
  /global/home/users/ligon/.local/share/lsms_library/Nigeria/var/people_last7days.parquet
  /global/home/users/ligon/.local/share/lsms_library/Nigeria/var/plot_features.parquet
  /global/home/users/ligon/.local/share/lsms_library/Nigeria/2010-11/_/plot_features.parquet
  /global/home/users/ligon/.local/share/lsms_library/Nigeria/2012-13/_/plot_features.parquet
  /global/home/users/ligon/.local/share/lsms_library/Nigeria/2015-16/_/plot_features.parquet
  /global/home/users/ligon/.local/share/lsms_library/Nigeria/2018-19/_/plot_features.parquet
  /global/home/users/ligon/.local/share/lsms_library/Nigeria/2023-24/_/plot_features.parquet
  /global/home/users/ligon/.local/share/lsms_library/Nigeria/var/plot_inputs.parquet
  /global/home/users/ligon/.local/share/lsms_library/Nigeria/var/plot_labor.parquet
  /global/home/users/ligon/.local/share/lsms_library/Nigeria/var/sample.parquet
  /global/home/users/ligon/.local/share/lsms_library/Nigeria/2010Q3/_/sample.parquet
  /global/home/users/ligon/.local/share/lsms_library/Nigeria/2011Q1/_/sample.parquet
  /global/home/users/ligon/.local/share/lsms_library/Nigeria/2012Q3/_/sample.parquet
  /global/home/users/ligon/.local/share/lsms_library/Nigeria/2013Q1/_/sample.parquet
  /global/home/users/ligon/.local/share/lsms_library/Nigeria/2015Q3/_/sample.parquet
  /global/home/users/ligon/.local/share/lsms_library/Nigeria/2016Q1/_/sample.parquet
  /global/home/users/ligon/.local/share/lsms_library/Nigeria/2018Q3/_/sample.parquet
  /global/home/users/ligon/.local/share/lsms_library/Nigeria/2019Q1/_/sample.parquet
  /global/home/users/ligon/.local/share/lsms_library/Nigeria/2023Q3/_/sample.parquet
  /global/home/users/ligon/.local/share/lsms_library/Nigeria/2024Q1/_/sample.parquet
  /global/home/users/ligon/.local/share/lsms_library/Nigeria/var/shocks.parquet
  /global/home/users/ligon/.local/share/lsms_library/Nigeria/2010Q3/_/shocks.parquet
  /global/home/users/ligon/.local/share/lsms_library/Nigeria/2011Q1/_/shocks.parquet
  /global/home/users/ligon/.local/share/lsms_library/Nigeria/2012Q3/_/shocks.parquet
  /global/home/users/ligon/.local/share/lsms_library/Nigeria/2013Q1/_/shocks.parquet
  /global/home/users/ligon/.local/share/lsms_library/Nigeria/2015Q3/_/shocks.parquet
  /global/home/users/ligon/.local/share/lsms_library/Nigeria/2016Q1/_/shocks.parquet
  /global/home/users/ligon/.local/share/lsms_library/Nigeria/2018Q3/_/shocks.parquet
  /global/home/users/ligon/.local/share/lsms_library/Nigeria/2019Q1/_/shocks.parquet
--- build Nigeria ---
=== done 'Nigeria' rc=0  Thu Jun 25 18:55:31 PDT 2026 ===
