=== task 22: country='Niger'  node=n0181.savio3  Thu Jun 25 18:47:44 PDT 2026 ===
--- provisioning venv -> /local/job35193697/venv ---
--- cache clear Niger ---
Niger: removed
  /global/home/users/ligon/.local/share/lsms_library/Niger/var/assets.parquet
  /global/home/users/ligon/.local/share/lsms_library/Niger/2011-12/_/assets.parquet
  /global/home/users/ligon/.local/share/lsms_library/Niger/2014-15/_/assets.parquet
  /global/home/users/ligon/.local/share/lsms_library/Niger/2018-19/_/assets.parquet
  /global/home/users/ligon/.local/share/lsms_library/Niger/2021-22/_/assets.parquet
  /global/home/users/ligon/.local/share/lsms_library/Niger/var/cluster_features.parquet
  /global/home/users/ligon/.local/share/lsms_library/Niger/2011-12/_/cluster_features.parquet
  /global/home/users/ligon/.local/share/lsms_library/Niger/2014-15/_/cluster_features.parquet
  /global/home/users/ligon/.local/share/lsms_library/Niger/2018-19/_/cluster_features.parquet
  /global/home/users/ligon/.local/share/lsms_library/Niger/2021-22/_/cluster_features.parquet
  /global/home/users/ligon/.local/share/lsms_library/Niger/var/community_prices.parquet
  /global/home/users/ligon/.local/share/lsms_library/Niger/2011-12/_/community_prices.parquet
  /global/home/users/ligon/.local/share/lsms_library/Niger/2014-15/_/community_prices.parquet
  /global/home/users/ligon/.local/share/lsms_library/Niger/var/crop_production.parquet
  /global/home/users/ligon/.local/share/lsms_library/Niger/2011-12/_/crop_production.parquet
  /global/home/users/ligon/.local/share/lsms_library/Niger/2014-15/_/crop_production.parquet
  /global/home/users/ligon/.local/share/lsms_library/Niger/2018-19/_/crop_production.parquet
  /global/home/users/ligon/.local/share/lsms_library/Niger/2021-22/_/crop_production.parquet
  /global/home/users/ligon/.local/share/lsms_library/Niger/var/food_acquired.parquet
  /global/home/users/ligon/.local/share/lsms_library/Niger/2018-19/_/food_acquired.parquet
  /global/home/users/ligon/.local/share/lsms_library/Niger/2021-22/_/food_acquired.parquet
  /global/home/users/ligon/.local/share/lsms_library/Niger/var/food_security.parquet
  /global/home/users/ligon/.local/share/lsms_library/Niger/2014-15/_/food_security.parquet
  /global/home/users/ligon/.local/share/lsms_library/Niger/2018-19/_/food_security.parquet
  /global/home/users/ligon/.local/share/lsms_library/Niger/2021-22/_/food_security.parquet
  /global/home/users/ligon/.local/share/lsms_library/Niger/var/household_roster.parquet
  /global/home/users/ligon/.local/share/lsms_library/Niger/2011-12/_/household_roster.parquet
  /global/home/users/ligon/.local/share/lsms_library/Niger/2014-15/_/household_roster.parquet
  /global/home/users/ligon/.local/share/lsms_library/Niger/2018-19/_/household_roster.parquet
  /global/home/users/ligon/.local/share/lsms_library/Niger/2021-22/_/household_roster.parquet
  /global/home/users/ligon/.local/share/lsms_library/Niger/var/housing.parquet
  /global/home/users/ligon/.local/share/lsms_library/Niger/2011-12/_/housing.parquet
  /global/home/users/ligon/.local/share/lsms_library/Niger/2014-15/_/housing.parquet
  /global/home/users/ligon/.local/share/lsms_library/Niger/2018-19/_/housing.parquet
  /global/home/users/ligon/.local/share/lsms_library/Niger/2021-22/_/housing.parquet
  /global/home/users/ligon/.local/share/lsms_library/Niger/var/individual_education.parquet
  /global/home/users/ligon/.local/share/lsms_library/Niger/2011-12/_/individual_education.parquet
  /global/home/users/ligon/.local/share/lsms_library/Niger/2014-15/_/individual_education.parquet
  /global/home/users/ligon/.local/share/lsms_library/Niger/2018-19/_/individual_education.parquet
  /global/home/users/ligon/.local/share/lsms_library/Niger/2021-22/_/individual_education.parquet
  /global/home/users/ligon/.local/share/lsms_library/Niger/var/interview_date.parquet
  /global/home/users/ligon/.local/share/lsms_library/Niger/2018-19/_/interview_date.parquet
  /global/home/users/ligon/.local/share/lsms_library/Niger/2021-22/_/interview_date.parquet
  /global/home/users/ligon/.local/share/lsms_library/Niger/var/livestock.parquet
  /global/home/users/ligon/.local/share/lsms_library/Niger/2011-12/_/livestock.parquet
  /global/home/users/ligon/.local/share/lsms_library/Niger/2014-15/_/livestock.parquet
  /global/home/users/ligon/.local/share/lsms_library/Niger/2018-19/_/livestock.parquet
  /global/home/users/ligon/.local/share/lsms_library/Niger/2021-22/_/livestock.parquet
  /global/home/users/ligon/.local/share/lsms_library/Niger/var/people_last7days.parquet
  /global/home/users/ligon/.local/share/lsms_library/Niger/2011-12/_/people_last7days.parquet
  /global/home/users/ligon/.local/share/lsms_library/Niger/2014-15/_/people_last7days.parquet
  /global/home/users/ligon/.local/share/lsms_library/Niger/2018-19/_/people_last7days.parquet
  /global/home/users/ligon/.local/share/lsms_library/Niger/2021-22/_/people_last7days.parquet
  /global/home/users/ligon/.local/share/lsms_library/Niger/var/plot_features.parquet
  /global/home/users/ligon/.local/share/lsms_library/Niger/2018-19/_/plot_features.parquet
  /global/home/users/ligon/.local/share/lsms_library/Niger/2021-22/_/plot_features.parquet
  /global/home/users/ligon/.local/share/lsms_library/Niger/var/plot_inputs.parquet
  /global/home/users/ligon/.local/share/lsms_library/Niger/2011-12/_/plot_inputs.parquet
  /global/home/users/ligon/.local/share/lsms_library/Niger/2014-15/_/plot_inputs.parquet
  /global/home/users/ligon/.local/share/lsms_library/Niger/2018-19/_/plot_inputs.parquet
  /global/home/users/ligon/.local/share/lsms_library/Niger/2021-22/_/plot_inputs.parquet
  /global/home/users/ligon/.local/share/lsms_library/Niger/var/plot_labor.parquet
  /global/home/users/ligon/.local/share/lsms_library/Niger/2011-12/_/plot_labor.parquet
  /global/home/users/ligon/.local/share/lsms_library/Niger/2014-15/_/plot_labor.parquet
  /global/home/users/ligon/.local/share/lsms_library/Niger/2018-19/_/plot_labor.parquet
  /global/home/users/ligon/.local/share/lsms_library/Niger/2021-22/_/plot_labor.parquet
  /global/home/users/ligon/.local/share/lsms_library/Niger/var/sample.parquet
  /global/home/users/ligon/.local/share/lsms_library/Niger/2011-12/_/sample.parquet
  /global/home/users/ligon/.local/share/lsms_library/Niger/2014-15/_/sample.parquet
  /global/home/users/ligon/.local/share/lsms_library/Niger/2018-19/_/sample.parquet
  /global/home/users/ligon/.local/share/lsms_library/Niger/2021-22/_/sample.parquet
  /global/home/users/ligon/.local/share/lsms_library/Niger/var/shocks.parquet
  /global/home/users/ligon/.local/share/lsms_library/Niger/2011-12/_/shocks.parquet
  /global/home/users/ligon/.local/share/lsms_library/Niger/2014-15/_/shocks.parquet
  /global/home/users/ligon/.local/share/lsms_library/Niger/2018-19/_/shocks.parquet
  /global/home/users/ligon/.local/share/lsms_library/Niger/2021-22/_/shocks.parquet
  /global/home/users/ligon/.local/share/lsms_library/Niger/var/subjective_well_being.parquet
  /global/home/users/ligon/.local/share/lsms_library/Niger/2018-19/_/subjective_well_being.parquet
  /global/home/users/ligon/.local/share/lsms_library/Niger/2021-22/_/subjective_well_being.parquet
--- build Niger ---
=== done 'Niger' rc=0  Thu Jun 25 18:53:44 PDT 2026 ===
