=== task 5: country='Cambodia'  node=n0181.savio3  Thu Jun 25 18:43:32 PDT 2026 ===
--- provisioning venv -> /local/job35193623/venv ---
--- cache clear Cambodia ---
Cambodia: removed
  /global/home/users/ligon/.local/share/lsms_library/Cambodia/var/cluster_features.parquet
  /global/home/users/ligon/.local/share/lsms_library/Cambodia/2019-20/_/cluster_features.parquet
  /global/home/users/ligon/.local/share/lsms_library/Cambodia/var/food_acquired.parquet
  /global/home/users/ligon/.local/share/lsms_library/Cambodia/2019-20/_/food_acquired.parquet
  /global/home/users/ligon/.local/share/lsms_library/Cambodia/var/household_roster.parquet
  /global/home/users/ligon/.local/share/lsms_library/Cambodia/2019-20/_/household_roster.parquet
  /global/home/users/ligon/.local/share/lsms_library/Cambodia/var/housing.parquet
  /global/home/users/ligon/.local/share/lsms_library/Cambodia/2019-20/_/housing.parquet
  /global/home/users/ligon/.local/share/lsms_library/Cambodia/var/individual_education.parquet
  /global/home/users/ligon/.local/share/lsms_library/Cambodia/2019-20/_/individual_education.parquet
  /global/home/users/ligon/.local/share/lsms_library/Cambodia/var/interview_date.parquet
  /global/home/users/ligon/.local/share/lsms_library/Cambodia/2019-20/_/interview_date.parquet
  /global/home/users/ligon/.local/share/lsms_library/Cambodia/var/plot_features.parquet
  /global/home/users/ligon/.local/share/lsms_library/Cambodia/2019-20/_/plot_features.parquet
  /global/home/users/ligon/.local/share/lsms_library/Cambodia/var/sample.parquet
  /global/home/users/ligon/.local/share/lsms_library/Cambodia/2019-20/_/sample.parquet
--- build Cambodia ---
=== done 'Cambodia' rc=0  Thu Jun 25 18:45:07 PDT 2026 ===
