[matrix] building (full) ...
  Uganda: 8 waves × 27 features
/global/scratch/fsa/fc_jevons/ligon/mirrors/LSMS_Library/lsms_library/countries/Uganda/2019-20/_/../../_/uganda.py:227: UserWarning: Dropping some unknown unit codes!
  warnings.warn("Dropping some unknown unit codes!")
/global/scratch/fsa/fc_jevons/ligon/mirrors/LSMS_Library/lsms_library/countries/Uganda/2018-19/_/../../_/uganda.py:227: UserWarning: Dropping some unknown unit codes!
  warnings.warn("Dropping some unknown unit codes!")
2005-06
2009-10
2010-11
2011-12
2013-14
2015-16
2018-19
2019-20
2005-06
2009-10
2010-11
2011-12
2013-14
2015-16
2018-19
2019-20
/global/scratch/fsa/fc_jevons/ligon/mirrors/LSMS_Library/lsms_library/countries/Uganda/_/uganda.py:479: UserWarning: id_walk expected index level 'i' but found 'j'. Proceeding with the detected household index.
  warnings.warn(
/global/scratch/fsa/fc_jevons/ligon/mirrors/LSMS_Library/lsms_library/countries/Uganda/_/uganda.py:479: UserWarning: id_walk expected index level 'i' but found 'j'. Proceeding with the detected household index.
  warnings.warn(
/local/job35193615/venv/lib/python3.11/site-packages/ligonlibrary/dataframes.py:435: RuntimeWarning: Issue with categorical mapping: h1bq1
  warnings.warn(f"Issue with categorical mapping: {var}", RuntimeWarning)
/local/job35193615/venv/lib/python3.11/site-packages/ligonlibrary/dataframes.py:435: RuntimeWarning: Issue with categorical mapping: h1bq3
  warnings.warn(f"Issue with categorical mapping: {var}", RuntimeWarning)
/local/job35193615/venv/lib/python3.11/site-packages/ligonlibrary/dataframes.py:435: RuntimeWarning: Issue with categorical mapping: h1bq1
  warnings.warn(f"Issue with categorical mapping: {var}", RuntimeWarning)
/local/job35193615/venv/lib/python3.11/site-packages/ligonlibrary/dataframes.py:435: RuntimeWarning: Issue with categorical mapping: h1bq3
  warnings.warn(f"Issue with categorical mapping: {var}", RuntimeWarning)
[matrix] snapshot -> slurm_logs/2026-06-25_coverage_matrix/cube/shards/Uganda.csv (219 cells)
[matrix] html     -> skipped (--no-html)
[matrix] tiers: n/a=0, absent=35, declared=0, dropped=0, broken=0, builds=19, sane=165, blessed=0
