=== task 3: country='Benin'  node=n0179.savio3  Thu Jun 25 18:43:32 PDT 2026 ===
--- provisioning venv -> /local/job35193621/venv ---
--- cache clear Benin ---
Benin: removed
  /global/home/users/ligon/.local/share/lsms_library/Benin/var/assets.parquet
  /global/home/users/ligon/.local/share/lsms_library/Benin/2018-19/_/assets.parquet
  /global/home/users/ligon/.local/share/lsms_library/Benin/var/cluster_features.parquet
  /global/home/users/ligon/.local/share/lsms_library/Benin/2018-19/_/cluster_features.parquet
  /global/home/users/ligon/.local/share/lsms_library/Benin/var/crop_production.parquet
  /global/home/users/ligon/.local/share/lsms_library/Benin/2018-19/_/crop_production.parquet
  /global/home/users/ligon/.local/share/lsms_library/Benin/var/food_acquired.parquet
  /global/home/users/ligon/.local/share/lsms_library/Benin/2018-19/_/food_acquired.parquet
  /global/home/users/ligon/.local/share/lsms_library/Benin/var/food_security.parquet
  /global/home/users/ligon/.local/share/lsms_library/Benin/2018-19/_/food_security.parquet
  /global/home/users/ligon/.local/share/lsms_library/Benin/var/household_roster.parquet
  /global/home/users/ligon/.local/share/lsms_library/Benin/2018-19/_/household_roster.parquet
  /global/home/users/ligon/.local/share/lsms_library/Benin/var/housing.parquet
  /global/home/users/ligon/.local/share/lsms_library/Benin/2018-19/_/housing.parquet
  /global/home/users/ligon/.local/share/lsms_library/Benin/var/individual_education.parquet
  /global/home/users/ligon/.local/share/lsms_library/Benin/2018-19/_/individual_education.parquet
  /global/home/users/ligon/.local/share/lsms_library/Benin/var/interview_date.parquet
  /global/home/users/ligon/.local/share/lsms_library/Benin/2018-19/_/interview_date.parquet
  /global/home/users/ligon/.local/share/lsms_library/Benin/var/livestock.parquet
  /global/home/users/ligon/.local/share/lsms_library/Benin/2018-19/_/livestock.parquet
  /global/home/users/ligon/.local/share/lsms_library/Benin/var/people_last7days.parquet
  /global/home/users/ligon/.local/share/lsms_library/Benin/2018-19/_/people_last7days.parquet
  /global/home/users/ligon/.local/share/lsms_library/Benin/var/plot_features.parquet
  /global/home/users/ligon/.local/share/lsms_library/Benin/2018-19/_/plot_features.parquet
  /global/home/users/ligon/.local/share/lsms_library/Benin/var/plot_inputs.parquet
  /global/home/users/ligon/.local/share/lsms_library/Benin/2018-19/_/plot_inputs.parquet
  /global/home/users/ligon/.local/share/lsms_library/Benin/var/plot_labor.parquet
  /global/home/users/ligon/.local/share/lsms_library/Benin/2018-19/_/plot_labor.parquet
  /global/home/users/ligon/.local/share/lsms_library/Benin/var/sample.parquet
  /global/home/users/ligon/.local/share/lsms_library/Benin/2018-19/_/sample.parquet
  /global/home/users/ligon/.local/share/lsms_library/Benin/var/shocks.parquet
  /global/home/users/ligon/.local/share/lsms_library/Benin/2018-19/_/shocks.parquet
  /global/home/users/ligon/.local/share/lsms_library/Benin/var/subjective_well_being.parquet
  /global/home/users/ligon/.local/share/lsms_library/Benin/2018-19/_/subjective_well_being.parquet
--- build Benin ---
=== done 'Benin' rc=0  Thu Jun 25 18:46:37 PDT 2026 ===
