=== task 33: country='Uganda'  node=n0178.savio3  Thu Jun 25 18:53:29 PDT 2026 ===
--- provisioning venv -> /local/job35193615/venv ---
--- cache clear Uganda ---
Uganda: removed
  /global/home/users/ligon/.local/share/lsms_library/Uganda/var/anthropometry.parquet
  /global/home/users/ligon/.local/share/lsms_library/Uganda/2009-10/_/anthropometry.parquet
  /global/home/users/ligon/.local/share/lsms_library/Uganda/2010-11/_/anthropometry.parquet
  /global/home/users/ligon/.local/share/lsms_library/Uganda/2011-12/_/anthropometry.parquet
  /global/home/users/ligon/.local/share/lsms_library/Uganda/2013-14/_/anthropometry.parquet
  /global/home/users/ligon/.local/share/lsms_library/Uganda/2015-16/_/anthropometry.parquet
  /global/home/users/ligon/.local/share/lsms_library/Uganda/2018-19/_/anthropometry.parquet
  /global/home/users/ligon/.local/share/lsms_library/Uganda/2019-20/_/anthropometry.parquet
  /global/home/users/ligon/.local/share/lsms_library/Uganda/var/assets.parquet
  /global/home/users/ligon/.local/share/lsms_library/Uganda/2005-06/_/assets.parquet
  /global/home/users/ligon/.local/share/lsms_library/Uganda/2009-10/_/assets.parquet
  /global/home/users/ligon/.local/share/lsms_library/Uganda/2010-11/_/assets.parquet
  /global/home/users/ligon/.local/share/lsms_library/Uganda/2011-12/_/assets.parquet
  /global/home/users/ligon/.local/share/lsms_library/Uganda/2013-14/_/assets.parquet
  /global/home/users/ligon/.local/share/lsms_library/Uganda/2015-16/_/assets.parquet
  /global/home/users/ligon/.local/share/lsms_library/Uganda/2018-19/_/assets.parquet
  /global/home/users/ligon/.local/share/lsms_library/Uganda/2019-20/_/assets.parquet
  /global/home/users/ligon/.local/share/lsms_library/Uganda/var/cluster_features.parquet
  /global/home/users/ligon/.local/share/lsms_library/Uganda/2005-06/_/cluster_features.parquet
  /global/home/users/ligon/.local/share/lsms_library/Uganda/2009-10/_/cluster_features.parquet
  /global/home/users/ligon/.local/share/lsms_library/Uganda/2010-11/_/cluster_features.parquet
  /global/home/users/ligon/.local/share/lsms_library/Uganda/2011-12/_/cluster_features.parquet
  /global/home/users/ligon/.local/share/lsms_library/Uganda/2013-14/_/cluster_features.parquet
  /global/home/users/ligon/.local/share/lsms_library/Uganda/2015-16/_/cluster_features.parquet
  /global/home/users/ligon/.local/share/lsms_library/Uganda/2018-19/_/cluster_features.parquet
  /global/home/users/ligon/.local/share/lsms_library/Uganda/2019-20/_/cluster_features.parquet
  /global/home/users/ligon/.local/share/lsms_library/Uganda/var/crop_production.parquet
  /global/home/users/ligon/.local/share/lsms_library/Uganda/2009-10/_/crop_production.parquet
  /global/home/users/ligon/.local/share/lsms_library/Uganda/2010-11/_/crop_production.parquet
  /global/home/users/ligon/.local/share/lsms_library/Uganda/2011-12/_/crop_production.parquet
  /global/home/users/ligon/.local/share/lsms_library/Uganda/2013-14/_/crop_production.parquet
  /global/home/users/ligon/.local/share/lsms_library/Uganda/2015-16/_/crop_production.parquet
  /global/home/users/ligon/.local/share/lsms_library/Uganda/2018-19/_/crop_production.parquet
  /global/home/users/ligon/.local/share/lsms_library/Uganda/2019-20/_/crop_production.parquet
  /global/home/users/ligon/.local/share/lsms_library/Uganda/var/earnings.parquet
  /global/home/users/ligon/.local/share/lsms_library/Uganda/2005-06/_/earnings.parquet
  /global/home/users/ligon/.local/share/lsms_library/Uganda/2009-10/_/earnings.parquet
  /global/home/users/ligon/.local/share/lsms_library/Uganda/2010-11/_/earnings.parquet
  /global/home/users/ligon/.local/share/lsms_library/Uganda/2011-12/_/earnings.parquet
  /global/home/users/ligon/.local/share/lsms_library/Uganda/2013-14/_/earnings.parquet
  /global/home/users/ligon/.local/share/lsms_library/Uganda/2015-16/_/earnings.parquet
  /global/home/users/ligon/.local/share/lsms_library/Uganda/2018-19/_/earnings.parquet
  /global/home/users/ligon/.local/share/lsms_library/Uganda/2019-20/_/earnings.parquet
  /global/home/users/ligon/.local/share/lsms_library/Uganda/var/enterprise_income.parquet
  /global/home/users/ligon/.local/share/lsms_library/Uganda/2005-06/_/enterprise_income.parquet
  /global/home/users/ligon/.local/share/lsms_library/Uganda/2009-10/_/enterprise_income.parquet
  /global/home/users/ligon/.local/share/lsms_library/Uganda/2010-11/_/enterprise_income.parquet
  /global/home/users/ligon/.local/share/lsms_library/Uganda/2011-12/_/enterprise_income.parquet
  /global/home/users/ligon/.local/share/lsms_library/Uganda/2013-14/_/enterprise_income.parquet
  /global/home/users/ligon/.local/share/lsms_library/Uganda/2015-16/_/enterprise_income.parquet
  /global/home/users/ligon/.local/share/lsms_library/Uganda/2018-19/_/enterprise_income.parquet
  /global/home/users/ligon/.local/share/lsms_library/Uganda/2019-20/_/enterprise_income.parquet
  /global/home/users/ligon/.local/share/lsms_library/Uganda/var/food_acquired.parquet
  /global/home/users/ligon/.local/share/lsms_library/Uganda/2005-06/_/food_acquired.parquet
  /global/home/users/ligon/.local/share/lsms_library/Uganda/2009-10/_/food_acquired.parquet
  /global/home/users/ligon/.local/share/lsms_library/Uganda/2010-11/_/food_acquired.parquet
  /global/home/users/ligon/.local/share/lsms_library/Uganda/2011-12/_/food_acquired.parquet
  /global/home/users/ligon/.local/share/lsms_library/Uganda/2013-14/_/food_acquired.parquet
  /global/home/users/ligon/.local/share/lsms_library/Uganda/2015-16/_/food_acquired.parquet
  /global/home/users/ligon/.local/share/lsms_library/Uganda/2018-19/_/food_acquired.parquet
  /global/home/users/ligon/.local/share/lsms_library/Uganda/2019-20/_/food_acquired.parquet
  /global/home/users/ligon/.local/share/lsms_library/Uganda/var/household_roster.parquet
  /global/home/users/ligon/.local/share/lsms_library/Uganda/2005-06/_/household_roster.parquet
  /global/home/users/ligon/.local/share/lsms_library/Uganda/2009-10/_/household_roster.parquet
  /global/home/users/ligon/.local/share/lsms_library/Uganda/2010-11/_/household_roster.parquet
  /global/home/users/ligon/.local/share/lsms_library/Uganda/2011-12/_/household_roster.parquet
  /global/home/users/ligon/.local/share/lsms_library/Uganda/2013-14/_/household_roster.parquet
  /global/home/users/ligon/.local/share/lsms_library/Uganda/2015-16/_/household_roster.parquet
  /global/home/users/ligon/.local/share/lsms_library/Uganda/2018-19/_/household_roster.parquet
  /global/home/users/ligon/.local/share/lsms_library/Uganda/2019-20/_/household_roster.parquet
  /global/home/users/ligon/.local/share/lsms_library/Uganda/var/housing.parquet
  /global/home/users/ligon/.local/share/lsms_library/Uganda/2005-06/_/housing.parquet
  /global/home/users/ligon/.local/share/lsms_library/Uganda/2009-10/_/housing.parquet
  /global/home/users/ligon/.local/share/lsms_library/Uganda/2010-11/_/housing.parquet
  /global/home/users/ligon/.local/share/lsms_library/Uganda/2011-12/_/housing.parquet
  /global/home/users/ligon/.local/share/lsms_library/Uganda/2013-14/_/housing.parquet
  /global/home/users/ligon/.local/share/lsms_library/Uganda/2015-16/_/housing.parquet
  /global/home/users/ligon/.local/share/lsms_library/Uganda/2018-19/_/housing.parquet
  /global/home/users/ligon/.local/share/lsms_library/Uganda/2019-20/_/housing.parquet
  /global/home/users/ligon/.local/share/lsms_library/Uganda/var/sample.parquet
  /global/home/users/ligon/.local/share/lsms_library/Uganda/2005-06/_/sample.parquet
  /global/home/users/ligon/.local/share/lsms_library/Uganda/2009-10/_/sample.parquet
  /global/home/users/ligon/.local/share/lsms_library/Uganda/2010-11/_/sample.parquet
  /global/home/users/ligon/.local/share/lsms_library/Uganda/2011-12/_/sample.parquet
  /global/home/users/ligon/.local/share/lsms_library/Uganda/2013-14/_/sample.parquet
  /global/home/users/ligon/.local/share/lsms_library/Uganda/2015-16/_/sample.parquet
  /global/home/users/ligon/.local/share/lsms_library/Uganda/2018-19/_/sample.parquet
  /global/home/users/ligon/.local/share/lsms_library/Uganda/2019-20/_/sample.parquet
  /global/home/users/ligon/.local/share/lsms_library/Uganda/var/shocks.parquet
  /global/home/users/ligon/.local/share/lsms_library/Uganda/2005-06/_/shocks.parquet
  /global/home/users/ligon/.local/share/lsms_library/Uganda/2009-10/_/shocks.parquet
  /global/home/users/ligon/.local/share/lsms_library/Uganda/2010-11/_/shocks.parquet
  /global/home/users/ligon/.local/share/lsms_library/Uganda/2011-12/_/shocks.parquet
  /global/home/users/ligon/.local/share/lsms_library/Uganda/2013-14/_/shocks.parquet
  /global/home/users/ligon/.local/share/lsms_library/Uganda/2015-16/_/shocks.parquet
  /global/home/users/ligon/.local/share/lsms_library/Uganda/2018-19/_/shocks.parquet
  /global/home/users/ligon/.local/share/lsms_library/Uganda/2019-20/_/shocks.parquet
--- build Uganda ---
{800.0, 801.0, 802.0, 996.0, 997.0, 998.0, 999.0}
{996.0, 997.0, 998.0, 999.0}
=== done 'Uganda' rc=0  Thu Jun 25 19:03:07 PDT 2026 ===
