=== task 30: country='Tanzania'  node=n0184.savio3  Thu Jun 25 18:51:31 PDT 2026 ===
--- provisioning venv -> /local/job35193751/venv ---
--- cache clear Tanzania ---
Tanzania: removed
  /global/home/users/ligon/.local/share/lsms_library/Tanzania/var/anthropometry.parquet
  /global/home/users/ligon/.local/share/lsms_library/Tanzania/2008-15/_/anthropometry.parquet
  /global/home/users/ligon/.local/share/lsms_library/Tanzania/2019-20/_/anthropometry.parquet
  /global/home/users/ligon/.local/share/lsms_library/Tanzania/2020-21/_/anthropometry.parquet
  /global/home/users/ligon/.local/share/lsms_library/Tanzania/var/assets.parquet
  /global/home/users/ligon/.local/share/lsms_library/Tanzania/2019-20/_/assets.parquet
  /global/home/users/ligon/.local/share/lsms_library/Tanzania/var/cluster_features.parquet
  /global/home/users/ligon/.local/share/lsms_library/Tanzania/2008-15/_/cluster_features.parquet
  /global/home/users/ligon/.local/share/lsms_library/Tanzania/2019-20/_/cluster_features.parquet
  /global/home/users/ligon/.local/share/lsms_library/Tanzania/2020-21/_/cluster_features.parquet
  /global/home/users/ligon/.local/share/lsms_library/Tanzania/var/community_cluster_xwalk.parquet
  /global/home/users/ligon/.local/share/lsms_library/Tanzania/2019-20/_/community_cluster_xwalk.parquet
  /global/home/users/ligon/.local/share/lsms_library/Tanzania/2020-21/_/community_cluster_xwalk.parquet
  /global/home/users/ligon/.local/share/lsms_library/Tanzania/var/community_prices.parquet
  /global/home/users/ligon/.local/share/lsms_library/Tanzania/2019-20/_/community_prices.parquet
  /global/home/users/ligon/.local/share/lsms_library/Tanzania/2020-21/_/community_prices.parquet
  /global/home/users/ligon/.local/share/lsms_library/Tanzania/var/crop_production.parquet
  /global/home/users/ligon/.local/share/lsms_library/Tanzania/2019-20/_/crop_production.parquet
  /global/home/users/ligon/.local/share/lsms_library/Tanzania/2020-21/_/crop_production.parquet
  /global/home/users/ligon/.local/share/lsms_library/Tanzania/var/food_acquired.parquet
  /global/home/users/ligon/.local/share/lsms_library/Tanzania/2008-15/_/food_acquired.parquet
  /global/home/users/ligon/.local/share/lsms_library/Tanzania/2019-20/_/food_acquired.parquet
  /global/home/users/ligon/.local/share/lsms_library/Tanzania/2020-21/_/food_acquired.parquet
  /global/home/users/ligon/.local/share/lsms_library/Tanzania/var/food_coping.parquet
  /global/home/users/ligon/.local/share/lsms_library/Tanzania/2008-15/_/food_coping.parquet
  /global/home/users/ligon/.local/share/lsms_library/Tanzania/2019-20/_/food_coping.parquet
  /global/home/users/ligon/.local/share/lsms_library/Tanzania/2020-21/_/food_coping.parquet
  /global/home/users/ligon/.local/share/lsms_library/Tanzania/var/household_roster.parquet
  /global/home/users/ligon/.local/share/lsms_library/Tanzania/2008-15/_/household_roster.parquet
  /global/home/users/ligon/.local/share/lsms_library/Tanzania/2019-20/_/household_roster.parquet
  /global/home/users/ligon/.local/share/lsms_library/Tanzania/2020-21/_/household_roster.parquet
  /global/home/users/ligon/.local/share/lsms_library/Tanzania/var/housing.parquet
  /global/home/users/ligon/.local/share/lsms_library/Tanzania/2008-15/_/housing.parquet
  /global/home/users/ligon/.local/share/lsms_library/Tanzania/2019-20/_/housing.parquet
  /global/home/users/ligon/.local/share/lsms_library/Tanzania/2020-21/_/housing.parquet
  /global/home/users/ligon/.local/share/lsms_library/Tanzania/var/individual_education.parquet
  /global/home/users/ligon/.local/share/lsms_library/Tanzania/2008-15/_/individual_education.parquet
  /global/home/users/ligon/.local/share/lsms_library/Tanzania/2019-20/_/individual_education.parquet
  /global/home/users/ligon/.local/share/lsms_library/Tanzania/2020-21/_/individual_education.parquet
  /global/home/users/ligon/.local/share/lsms_library/Tanzania/var/interview_date.parquet
  /global/home/users/ligon/.local/share/lsms_library/Tanzania/2008-15/_/interview_date.parquet
  /global/home/users/ligon/.local/share/lsms_library/Tanzania/2019-20/_/interview_date.parquet
  /global/home/users/ligon/.local/share/lsms_library/Tanzania/2020-21/_/interview_date.parquet
  /global/home/users/ligon/.local/share/lsms_library/Tanzania/var/life_satisfaction.parquet
  /global/home/users/ligon/.local/share/lsms_library/Tanzania/2008-15/_/life_satisfaction.parquet
  /global/home/users/ligon/.local/share/lsms_library/Tanzania/2019-20/_/life_satisfaction.parquet
  /global/home/users/ligon/.local/share/lsms_library/Tanzania/2020-21/_/life_satisfaction.parquet
  /global/home/users/ligon/.local/share/lsms_library/Tanzania/var/livestock.parquet
  /global/home/users/ligon/.local/share/lsms_library/Tanzania/2019-20/_/livestock.parquet
  /global/home/users/ligon/.local/share/lsms_library/Tanzania/2020-21/_/livestock.parquet
  /global/home/users/ligon/.local/share/lsms_library/Tanzania/var/people_last7days.parquet
  /global/home/users/ligon/.local/share/lsms_library/Tanzania/2019-20/_/people_last7days.parquet
  /global/home/users/ligon/.local/share/lsms_library/Tanzania/2020-21/_/people_last7days.parquet
  /global/home/users/ligon/.local/share/lsms_library/Tanzania/var/plot_features.parquet
  /global/home/users/ligon/.local/share/lsms_library/Tanzania/2019-20/_/plot_features.parquet
  /global/home/users/ligon/.local/share/lsms_library/Tanzania/2020-21/_/plot_features.parquet
  /global/home/users/ligon/.local/share/lsms_library/Tanzania/var/plot_inputs.parquet
  /global/home/users/ligon/.local/share/lsms_library/Tanzania/2019-20/_/plot_inputs.parquet
  /global/home/users/ligon/.local/share/lsms_library/Tanzania/2020-21/_/plot_inputs.parquet
  /global/home/users/ligon/.local/share/lsms_library/Tanzania/var/plot_labor.parquet
  /global/home/users/ligon/.local/share/lsms_library/Tanzania/2019-20/_/plot_labor.parquet
  /global/home/users/ligon/.local/share/lsms_library/Tanzania/2020-21/_/plot_labor.parquet
  /global/home/users/ligon/.local/share/lsms_library/Tanzania/var/sample.parquet
  /global/home/users/ligon/.local/share/lsms_library/Tanzania/2008-15/_/sample.parquet
  /global/home/users/ligon/.local/share/lsms_library/Tanzania/2019-20/_/sample.parquet
  /global/home/users/ligon/.local/share/lsms_library/Tanzania/2020-21/_/sample.parquet
  /global/home/users/ligon/.local/share/lsms_library/Tanzania/var/shocks.parquet
  /global/home/users/ligon/.local/share/lsms_library/Tanzania/2008-15/_/shocks.parquet
  /global/home/users/ligon/.local/share/lsms_library/Tanzania/2019-20/_/shocks.parquet
  /global/home/users/ligon/.local/share/lsms_library/Tanzania/2020-21/_/shocks.parquet
--- build Tanzania ---
=== done 'Tanzania' rc=0  Thu Jun 25 18:55:50 PDT 2026 ===
