[matrix] building (full) ...
  Tajikistan: 4 waves × 10 features
/local/job35193746/venv/lib/python3.11/site-packages/ligonlibrary/dataframes.py:435: RuntimeWarning: Issue with categorical mapping: s1q2
  warnings.warn(f"Issue with categorical mapping: {var}", RuntimeWarning)
/local/job35193746/venv/lib/python3.11/site-packages/ligonlibrary/dataframes.py:435: RuntimeWarning: Issue with categorical mapping: s1q3
  warnings.warn(f"Issue with categorical mapping: {var}", RuntimeWarning)
/local/job35193746/venv/lib/python3.11/site-packages/ligonlibrary/dataframes.py:435: RuntimeWarning: Issue with categorical mapping: s1q4
  warnings.warn(f"Issue with categorical mapping: {var}", RuntimeWarning)
/local/job35193746/venv/lib/python3.11/site-packages/ligonlibrary/dataframes.py:435: RuntimeWarning: Issue with categorical mapping: s1q7
  warnings.warn(f"Issue with categorical mapping: {var}", RuntimeWarning)
/local/job35193746/venv/lib/python3.11/site-packages/ligonlibrary/dataframes.py:435: RuntimeWarning: Issue with categorical mapping: s1q10
  warnings.warn(f"Issue with categorical mapping: {var}", RuntimeWarning)
/local/job35193746/venv/lib/python3.11/site-packages/ligonlibrary/dataframes.py:435: RuntimeWarning: Issue with categorical mapping: s1q11
  warnings.warn(f"Issue with categorical mapping: {var}", RuntimeWarning)
/local/job35193746/venv/lib/python3.11/site-packages/ligonlibrary/dataframes.py:435: RuntimeWarning: Issue with categorical mapping: isabel
  warnings.warn(f"Issue with categorical mapping: {var}", RuntimeWarning)
/global/scratch/fsa/fc_jevons/ligon/mirrors/LSMS_Library/lsms_library/countries/Tajikistan/2007/_/plot_features.py:40: UserWarning: Refusing workspace copy of DVC-tracked file ../Data/r1m12a1.dta (sister .dvc sidecar exists). The package tree must not contain DVC-tracked data; falling through to the DVC cache path. Clean up with: find lsms_library/countries -type f -name '*.dta' -execdir test -e '{}.dvc' \; -print -delete
  df = get_dataframe(fn)
/global/scratch/fsa/fc_jevons/ligon/mirrors/LSMS_Library/lsms_library/countries/Tajikistan/2007/_/plot_features.py:40: UserWarning: Refusing workspace copy of DVC-tracked file ../Data/r1m12a2.dta (sister .dvc sidecar exists). The package tree must not contain DVC-tracked data; falling through to the DVC cache path. Clean up with: find lsms_library/countries -type f -name '*.dta' -execdir test -e '{}.dvc' \; -print -delete
  df = get_dataframe(fn)
/global/scratch/fsa/fc_jevons/ligon/mirrors/LSMS_Library/lsms_library/countries/Tajikistan/2007/_/plot_features.py:40: UserWarning: Refusing workspace copy of DVC-tracked file ../Data/r1m12a3.dta (sister .dvc sidecar exists). The package tree must not contain DVC-tracked data; falling through to the DVC cache path. Clean up with: find lsms_library/countries -type f -name '*.dta' -execdir test -e '{}.dvc' \; -print -delete
  df = get_dataframe(fn)
[matrix] snapshot -> slurm_logs/2026-06-25_coverage_matrix/cube/shards/Tajikistan.csv (40 cells)
[matrix] html     -> skipped (--no-html)
[matrix] tiers: n/a=0, absent=8, declared=0, dropped=0, broken=0, builds=4, sane=28, blessed=0
