=== node=n0180.savio3 job=34870220 cpus=16 HEAD=cca5a677 Fri Jun  5 06:56:38 PDT 2026 ===
--- bootstrapping venv -> /local/job34870220/venv
venv OK; pytest 8.4.2
--- LSMS_DATA_DIR=/global/scratch/fsa/fc_jevons/ligon/mirrors/lsms_rebuild_data_v0.7.3  (L1 -> /global/home/users/ligon/.local/share/lsms_library/dvc-cache)
=== pytest --rebuild-caches -n 16 --dist=loadfile  starting Fri Jun  5 06:58:40 PDT 2026 ===
bringing up nodes...
bringing up nodes...

s..............sssss.................................................... [  6%]
........................................................................ [ 12%]
........................................................................ [ 18%]
......................................................sss.s..ss..s.s.s.. [ 24%]
ss.s.s.ss.s.s..ss.s.ss.s.s..ss.s..ss.s.s..ss.s.s..s..ss..ss.s..ss.s.s.s. [ 30%]
s.ss.s.ss..........................................................s.... [ 36%]
.......................s.s..ss...s..ss...sss..s..s.s..x....x............ [ 42%]
........................................................................ [ 48%]
......ss....................................s.ss.s...................... [ 54%]
...................................F.....s........x..................... [ 60%]
s.......................................s............................... [ 67%]
.s................................s.................x.........x....s..x. [ 73%]
................F............s................................s......... [ 79%]
.......................s................................s.............ss [ 85%]
.ssx...ssss.sss..s..s.s.s...s.ssssssssssssssssss.sss.sss.ss.ss.......... [ 91%]
..............................s...xx.....x...........s...X..........s... [ 97%]
................s............                                            [100%]
=================================== FAILURES ===================================
______ TestSilentHHDropWarns.test_warning_emitted_with_per_wave_breakdown ______
[gw10] linux -- Python 3.11.6 /local/job34870220/venv/bin/python

self = <LSMS_Library.tests.test_uganda_v_grain_invariants.TestSilentHHDropWarns object at 0x15412c3da550>
uga_hc_warnings = [<warnings.WarningMessage object at 0x1540eb58f610>, <warnings.WarningMessage object at 0x15412cb58590>, <warnings.WarningMessage object at 0x1540ea2f9e50>]

    def test_warning_emitted_with_per_wave_breakdown(self, uga_hc_warnings):
        # Some Uganda waves have NaN-v roster rows (panel-refresh movers,
        # 2018-19 parish-name gaps).  The warning must fire and name the
        # affected waves.  ``uga_hc_warnings`` is the captured list from
        # the module-scoped fixture (skips on no-DVC environments).
        relevant = [
            w for w in uga_hc_warnings
            if 'household_characteristics' in str(w.message)
            and 'dropped' in str(w.message)
        ]
>       assert relevant, (
            "Expected a UserWarning naming the dropped roster rows; "
            f"got: {[str(w.message)[:80] for w in uga_hc_warnings]}"
        )
E       AssertionError: Expected a UserWarning naming the dropped roster rows; got: ['Issue with categorical mapping: h1bq1', 'Issue with categorical mapping: h1bq3', "household_characteristics: replaced 448 roster rows with NaN in one of ['t', 'v'"]
E       assert []

tests/test_uganda_v_grain_invariants.py:128: AssertionError
________________ TestSample.test_covers_all_waves[EthiopiaRHS] _________________
[gw0] linux -- Python 3.11.6 /local/job34870220/venv/bin/python

self = <LSMS_Library.tests.test_sample.TestSample object at 0x1471b3a0c350>
country_name = 'EthiopiaRHS'
sample_df =              v  weight  panel_weight strata  Rural
i     t                                           
10101 1989   1  ...997  20     1.0           1.0     20  Rural
20_66 1997  20     1.0           1.0     20  Rural

[6253 rows x 5 columns]

    def test_covers_all_waves(self, country_name, sample_df):
        """sample() should cover all waves the country declares."""
        c = ll.Country(country_name)
        expected_waves = set(c.waves)
        actual_waves = set(sample_df.index.get_level_values("t").unique())
        missing = expected_waves - actual_waves
>       assert not missing, (
            f"{country_name} sample missing waves: {sorted(missing)}"
        )
E       AssertionError: EthiopiaRHS sample missing waves: ['1999', '2004', '2009']
E       assert not {'1999', '2004', '2009'}

tests/test_sample.py:149: AssertionError
=============================== warnings summary ===============================
tests/test_dvc_caching.py: 13 warnings
  /global/scratch/fsa/fc_jevons/ligon/mirrors/LSMS_Library/lsms_library/country.py:922: UserWarning: Country directory not found for 'TestCountry'
    warnings.warn(f"Country directory not found for {country_name!r}")

tests/test_uganda_v_grain_invariants.py: 2 warnings
tests/test_locality_deprecation.py: 2 warnings
tests/test_canonical_shape_via_cache_miss.py: 5 warnings
tests/test_add_market_index_dedup.py: 3 warnings
tests/test_sample.py: 7 warnings
tests/test_age_dtype_consistency.py: 2 warnings
  /local/job34870220/venv/lib/python3.11/site-packages/ligonlibrary/dataframes.py:435: RuntimeWarning: Issue with categorical mapping: h1bq1
    warnings.warn(f"Issue with categorical mapping: {var}", RuntimeWarning)

tests/test_uganda_v_grain_invariants.py: 2 warnings
tests/test_locality_deprecation.py: 2 warnings
tests/test_canonical_shape_via_cache_miss.py: 5 warnings
tests/test_add_market_index_dedup.py: 3 warnings
tests/test_sample.py: 7 warnings
tests/test_age_dtype_consistency.py: 2 warnings
  /local/job34870220/venv/lib/python3.11/site-packages/ligonlibrary/dataframes.py:435: RuntimeWarning: Issue with categorical mapping: h1bq3
    warnings.warn(f"Issue with categorical mapping: {var}", RuntimeWarning)

tests/test_canonical_shape_via_cache_miss.py::test_canonical_shape_via_cache_miss[PR230_Guyana_household_characteristics]
tests/test_canonical_shape_via_cache_miss.py::test_canonical_shape_via_cache_miss[PR230_Azerbaijan_household_characteristics]
tests/test_canonical_shape_via_cache_miss.py::test_canonical_shape_via_cache_miss[PR230_Serbia_and_Montenegro_household_characteristics]
  /global/scratch/fsa/fc_jevons/ligon/mirrors/LSMS_Library/lsms_library/diagnostics.py:771: UserWarning: household_characteristics: replaced 448 roster rows with NaN in one of ['t', 'v', 'i'] (typically v) by sentinel 'Mover' -- per-wave: {'2009-10': 110, '2013-14': 7, '2018-19': 328, '2019-20': 3}.  These are usually movers / split-offs whose sample() row lacks a cluster code.  Filter on index.get_level_values('v') == 'Mover' to recover the legacy drop (GH #197, GH #268).
    ref_df = ref_method()

tests/test_age_dtype_consistency.py: 5 warnings
tests/test_sample.py: 6 warnings
  /global/scratch/fsa/fc_jevons/ligon/mirrors/LSMS_Library/lsms_library/country.py:741: UserWarning: Makefile not found in /global/scratch/fsa/fc_jevons/ligon/mirrors/LSMS_Library/lsms_library/countries/Albania/_. Unable to generate required data.
    warnings.warn(f"Makefile not found in {makefile_path.parent}. Unable to generate required data.")

tests/test_age_dtype_consistency.py::test_age_dtype_is_float64[Albania]
tests/test_age_dtype_consistency.py::test_age_no_negative_values[Albania]
  /global/scratch/fsa/fc_jevons/ligon/mirrors/LSMS_Library/lsms_library/country.py:1712: UserWarning: Albania: waves ['2002', '2005', '2008'] have 100% NaN v after _join_v_from_sample; these will be silently dropped from derived tables (household_characteristics, food_expenditures, food_prices, food_quantities) by the downstream groupby.  Check i-key compatibility between the roster source and the sample table -- compare wave-level data_info.yml's `idxvars.i` on each side.  See GH #256 for context and PRs #244 / #253 / #255 for the established fix pattern.
    df = self._join_v_from_sample(df)

tests/test_sample.py::TestSample::test_index_is_i_t[EthiopiaRHS]
tests/test_age_dtype_consistency.py::test_age_dtype_is_float64[EthiopiaRHS]
tests/test_age_dtype_consistency.py::test_age_dtype_is_float64[EthiopiaRHS]
tests/test_age_dtype_consistency.py::test_age_no_negative_values[EthiopiaRHS]
tests/test_age_dtype_consistency.py::test_age_no_negative_values[EthiopiaRHS]
  /global/scratch/fsa/fc_jevons/ligon/mirrors/LSMS_Library/lsms_library/local_tools.py:1009: UserWarning: Refusing workspace copy of DVC-tracked file EthiopiaRHS/1989/Data/demog89_1.dta (sister .dvc sidecar exists). The package tree must not contain DVC-tracked data; falling through to the DVC cache path. Clean up with: find lsms_library/countries -type f -name '*.dta' -execdir test -e '{}.dvc' \; -print -delete
    df = get_dataframe(fn,convert_categoricals=convert_categoricals,encoding=encoding)

tests/test_sample.py::TestSample::test_index_is_i_t[EthiopiaRHS]
tests/test_age_dtype_consistency.py::test_age_dtype_is_float64[EthiopiaRHS]
tests/test_age_dtype_consistency.py::test_age_dtype_is_float64[EthiopiaRHS]
tests/test_age_dtype_consistency.py::test_age_no_negative_values[EthiopiaRHS]
tests/test_age_dtype_consistency.py::test_age_no_negative_values[EthiopiaRHS]
  /global/scratch/fsa/fc_jevons/ligon/mirrors/LSMS_Library/lsms_library/local_tools.py:1009: UserWarning: Refusing workspace copy of DVC-tracked file EthiopiaRHS/1994a/Data/demo123.dta (sister .dvc sidecar exists). The package tree must not contain DVC-tracked data; falling through to the DVC cache path. Clean up with: find lsms_library/countries -type f -name '*.dta' -execdir test -e '{}.dvc' \; -print -delete
    df = get_dataframe(fn,convert_categoricals=convert_categoricals,encoding=encoding)

tests/test_sample.py::TestSample::test_index_is_i_t[EthiopiaRHS]
tests/test_age_dtype_consistency.py::test_age_dtype_is_float64[EthiopiaRHS]
tests/test_age_dtype_consistency.py::test_age_dtype_is_float64[EthiopiaRHS]
tests/test_age_dtype_consistency.py::test_age_no_negative_values[EthiopiaRHS]
tests/test_age_dtype_consistency.py::test_age_no_negative_values[EthiopiaRHS]
  /global/scratch/fsa/fc_jevons/ligon/mirrors/LSMS_Library/lsms_library/local_tools.py:1009: UserWarning: Refusing workspace copy of DVC-tracked file EthiopiaRHS/1994b/Data/demo123.dta (sister .dvc sidecar exists). The package tree must not contain DVC-tracked data; falling through to the DVC cache path. Clean up with: find lsms_library/countries -type f -name '*.dta' -execdir test -e '{}.dvc' \; -print -delete
    df = get_dataframe(fn,convert_categoricals=convert_categoricals,encoding=encoding)

tests/test_sample.py::TestSample::test_index_is_i_t[EthiopiaRHS]
tests/test_age_dtype_consistency.py::test_age_dtype_is_float64[EthiopiaRHS]
tests/test_age_dtype_consistency.py::test_age_dtype_is_float64[EthiopiaRHS]
tests/test_age_dtype_consistency.py::test_age_no_negative_values[EthiopiaRHS]
tests/test_age_dtype_consistency.py::test_age_no_negative_values[EthiopiaRHS]
  /global/scratch/fsa/fc_jevons/ligon/mirrors/LSMS_Library/lsms_library/local_tools.py:1009: UserWarning: Refusing workspace copy of DVC-tracked file EthiopiaRHS/1995/Data/demo123.dta (sister .dvc sidecar exists). The package tree must not contain DVC-tracked data; falling through to the DVC cache path. Clean up with: find lsms_library/countries -type f -name '*.dta' -execdir test -e '{}.dvc' \; -print -delete
    df = get_dataframe(fn,convert_categoricals=convert_categoricals,encoding=encoding)

tests/test_sample.py::TestSample::test_index_is_i_t[EthiopiaRHS]
tests/test_age_dtype_consistency.py::test_age_dtype_is_float64[EthiopiaRHS]
tests/test_age_dtype_consistency.py::test_age_dtype_is_float64[EthiopiaRHS]
tests/test_age_dtype_consistency.py::test_age_no_negative_values[EthiopiaRHS]
tests/test_age_dtype_consistency.py::test_age_no_negative_values[EthiopiaRHS]
  /global/scratch/fsa/fc_jevons/ligon/mirrors/LSMS_Library/lsms_library/local_tools.py:1009: UserWarning: Refusing workspace copy of DVC-tracked file EthiopiaRHS/1997/Data/age_sex_r4.dta (sister .dvc sidecar exists). The package tree must not contain DVC-tracked data; falling through to the DVC cache path. Clean up with: find lsms_library/countries -type f -name '*.dta' -execdir test -e '{}.dvc' \; -print -delete
    df = get_dataframe(fn,convert_categoricals=convert_categoricals,encoding=encoding)

tests/test_sample.py::TestSample::test_index_is_i_t[Malawi]
tests/test_sample.py::TestSample::test_index_is_i_t[Malawi]
tests/test_sample.py::TestSample::test_index_is_i_t[Malawi]
tests/test_age_dtype_consistency.py::test_age_dtype_is_float64[Malawi]
tests/test_age_dtype_consistency.py::test_age_dtype_is_float64[Malawi]
tests/test_age_dtype_consistency.py::test_age_dtype_is_float64[Malawi]
tests/test_age_dtype_consistency.py::test_age_no_negative_values[Malawi]
tests/test_age_dtype_consistency.py::test_age_no_negative_values[Malawi]
tests/test_age_dtype_consistency.py::test_age_no_negative_values[Malawi]
  /local/job34870220/venv/lib/python3.11/site-packages/ligonlibrary/dataframes.py:435: RuntimeWarning: Issue with categorical mapping: hh_a22
    warnings.warn(f"Issue with categorical mapping: {var}", RuntimeWarning)

tests/test_sample.py::TestSample::test_index_is_i_t[Malawi]
tests/test_sample.py::TestSample::test_index_is_i_t[Malawi]
tests/test_sample.py::TestSample::test_index_is_i_t[Malawi]
tests/test_age_dtype_consistency.py::test_age_dtype_is_float64[Malawi]
tests/test_age_dtype_consistency.py::test_age_dtype_is_float64[Malawi]
tests/test_age_dtype_consistency.py::test_age_dtype_is_float64[Malawi]
tests/test_age_dtype_consistency.py::test_age_no_negative_values[Malawi]
tests/test_age_dtype_consistency.py::test_age_no_negative_values[Malawi]
tests/test_age_dtype_consistency.py::test_age_no_negative_values[Malawi]
  /local/job34870220/venv/lib/python3.11/site-packages/ligonlibrary/dataframes.py:435: RuntimeWarning: Issue with categorical mapping: hh_a23
    warnings.warn(f"Issue with categorical mapping: {var}", RuntimeWarning)

tests/test_sample.py::TestSample::test_index_is_i_t[Malawi]
tests/test_sample.py::TestSample::test_index_is_i_t[Malawi]
tests/test_age_dtype_consistency.py::test_age_dtype_is_float64[Malawi]
tests/test_age_dtype_consistency.py::test_age_dtype_is_float64[Malawi]
tests/test_age_dtype_consistency.py::test_age_no_negative_values[Malawi]
tests/test_age_dtype_consistency.py::test_age_no_negative_values[Malawi]
  /local/job34870220/venv/lib/python3.11/site-packages/ligonlibrary/dataframes.py:435: RuntimeWarning: Issue with categorical mapping: hh_a37
    warnings.warn(f"Issue with categorical mapping: {var}", RuntimeWarning)

tests/test_sample.py::TestSample::test_index_is_i_t[Malawi]
tests/test_sample.py::TestSample::test_index_is_i_t[Malawi]
tests/test_age_dtype_consistency.py::test_age_dtype_is_float64[Malawi]
tests/test_age_dtype_consistency.py::test_age_dtype_is_float64[Malawi]
tests/test_age_dtype_consistency.py::test_age_no_negative_values[Malawi]
tests/test_age_dtype_consistency.py::test_age_no_negative_values[Malawi]
  /local/job34870220/venv/lib/python3.11/site-packages/ligonlibrary/dataframes.py:435: RuntimeWarning: Issue with categorical mapping: hh_a40
    warnings.warn(f"Issue with categorical mapping: {var}", RuntimeWarning)

tests/test_sample.py::TestSample::test_index_is_i_t[Mali]
tests/test_age_dtype_consistency.py::test_age_dtype_is_float64[Mali]
tests/test_age_dtype_consistency.py::test_age_dtype_is_float64[Mali]
tests/test_age_dtype_consistency.py::test_age_no_negative_values[Mali]
tests/test_age_dtype_consistency.py::test_age_no_negative_values[Mali]
  /local/job34870220/venv/lib/python3.11/site-packages/ligonlibrary/dataframes.py:416: UnicodeWarning: 
  One or more strings in the dta file could not be decoded using utf-8, and
  so the fallback encoding of latin-1 is being used.  This can happen when a file
  has been incorrectly encoded by Stata or some other software. You should verify
  the string values returned are correct.
    values = reader.value_labels()

tests/test_age_dtype_consistency.py::test_age_dtype_is_float64[Benin]
tests/test_age_dtype_consistency.py::test_age_no_negative_values[Benin]
  /global/scratch/fsa/fc_jevons/ligon/mirrors/LSMS_Library/lsms_library/local_tools.py:1009: UserWarning: Refusing workspace copy of DVC-tracked file Benin/2018-19/Data/s01_me_ben2018.dta (sister .dvc sidecar exists). The package tree must not contain DVC-tracked data; falling through to the DVC cache path. Clean up with: find lsms_library/countries -type f -name '*.dta' -execdir test -e '{}.dvc' \; -print -delete
    df = get_dataframe(fn,convert_categoricals=convert_categoricals,encoding=encoding)

tests/test_sample.py::TestSample::test_index_is_i_t[Nigeria]
tests/test_sample.py::TestSample::test_index_is_i_t[Nigeria]
tests/test_canonical_shape_via_cache_miss.py::test_canonical_shape_via_cache_miss[PR242_Nigeria_food_expenditures]
tests/test_canonical_shape_via_cache_miss.py::test_canonical_shape_via_cache_miss[PR242_Nigeria_food_expenditures]
tests/test_age_dtype_consistency.py::test_age_dtype_is_float64[Nigeria]
tests/test_age_dtype_consistency.py::test_age_dtype_is_float64[Nigeria]
tests/test_age_dtype_consistency.py::test_age_no_negative_values[Nigeria]
tests/test_age_dtype_consistency.py::test_age_no_negative_values[Nigeria]
  /local/job34870220/venv/lib/python3.11/site-packages/ligonlibrary/dataframes.py:435: RuntimeWarning: Issue with categorical mapping: saq13y
    warnings.warn(f"Issue with categorical mapping: {var}", RuntimeWarning)

tests/test_sample.py::TestSample::test_index_is_i_t[Nigeria]
tests/test_sample.py::TestSample::test_index_is_i_t[Nigeria]
tests/test_canonical_shape_via_cache_miss.py::test_canonical_shape_via_cache_miss[PR242_Nigeria_food_expenditures]
tests/test_canonical_shape_via_cache_miss.py::test_canonical_shape_via_cache_miss[PR242_Nigeria_food_expenditures]
tests/test_age_dtype_consistency.py::test_age_dtype_is_float64[Nigeria]
tests/test_age_dtype_consistency.py::test_age_dtype_is_float64[Nigeria]
tests/test_age_dtype_consistency.py::test_age_no_negative_values[Nigeria]
tests/test_age_dtype_consistency.py::test_age_no_negative_values[Nigeria]
  /local/job34870220/venv/lib/python3.11/site-packages/ligonlibrary/dataframes.py:435: RuntimeWarning: Issue with categorical mapping: saq16y
    warnings.warn(f"Issue with categorical mapping: {var}", RuntimeWarning)

tests/test_sample.py::TestSample::test_index_is_i_t[Nigeria]
tests/test_sample.py::TestSample::test_index_is_i_t[Nigeria]
tests/test_canonical_shape_via_cache_miss.py::test_canonical_shape_via_cache_miss[PR242_Nigeria_food_expenditures]
tests/test_canonical_shape_via_cache_miss.py::test_canonical_shape_via_cache_miss[PR242_Nigeria_food_expenditures]
tests/test_age_dtype_consistency.py::test_age_dtype_is_float64[Nigeria]
tests/test_age_dtype_consistency.py::test_age_dtype_is_float64[Nigeria]
tests/test_age_dtype_consistency.py::test_age_no_negative_values[Nigeria]
tests/test_age_dtype_consistency.py::test_age_no_negative_values[Nigeria]
  /local/job34870220/venv/lib/python3.11/site-packages/ligonlibrary/dataframes.py:435: RuntimeWarning: Issue with categorical mapping: tracked_obs
    warnings.warn(f"Issue with categorical mapping: {var}", RuntimeWarning)

tests/test_sample.py::TestSample::test_index_is_i_t[Timor-Leste]
tests/test_age_dtype_consistency.py::test_age_dtype_is_float64[Timor-Leste]
tests/test_age_dtype_consistency.py::test_age_no_negative_values[Timor-Leste]
  /local/job34870220/venv/lib/python3.11/site-packages/ligonlibrary/dataframes.py:435: RuntimeWarning: Issue with categorical mapping: s00_inte
    warnings.warn(f"Issue with categorical mapping: {var}", RuntimeWarning)

tests/test_sample.py::TestSample::test_index_is_i_t[Timor-Leste]
tests/test_age_dtype_consistency.py::test_age_dtype_is_float64[Timor-Leste]
tests/test_age_dtype_consistency.py::test_age_no_negative_values[Timor-Leste]
  /local/job34870220/venv/lib/python3.11/site-packages/ligonlibrary/dataframes.py:435: RuntimeWarning: Issue with categorical mapping: s00_supe
    warnings.warn(f"Issue with categorical mapping: {var}", RuntimeWarning)

tests/test_sample.py::TestSample::test_index_is_i_t[Timor-Leste]
tests/test_age_dtype_consistency.py::test_age_dtype_is_float64[Timor-Leste]
tests/test_age_dtype_consistency.py::test_age_no_negative_values[Timor-Leste]
  /local/job34870220/venv/lib/python3.11/site-packages/ligonlibrary/dataframes.py:435: RuntimeWarning: Issue with categorical mapping: s00_entr
    warnings.warn(f"Issue with categorical mapping: {var}", RuntimeWarning)

tests/test_sample.py::TestUganda2009MarketFallback::test_household_characteristics_retains_hybrid_v_HH
  /global/scratch/fsa/fc_jevons/ligon/mirrors/LSMS_Library/tests/test_sample.py:405: UserWarning: household_characteristics: replaced 448 roster rows with NaN in one of ['t', 'v', 'i'] (typically v) by sentinel 'Mover' -- per-wave: {'2009-10': 110, '2013-14': 7, '2018-19': 328, '2019-20': 3}.  These are usually movers / split-offs whose sample() row lacks a cluster code.  Filter on index.get_level_values('v') == 'Mover' to recover the legacy drop (GH #197, GH #268).
    return ll.Country("Uganda").household_characteristics(market="Region")

tests/test_age_dtype_consistency.py::test_age_dtype_is_float64[Burkina_Faso]
tests/test_age_dtype_consistency.py::test_age_no_negative_values[Burkina_Faso]
  /global/scratch/fsa/fc_jevons/ligon/mirrors/LSMS_Library/lsms_library/local_tools.py:1009: UserWarning: Refusing workspace copy of DVC-tracked file Burkina_Faso/2018-19/Data/s01_me_bfa2018.dta (sister .dvc sidecar exists). The package tree must not contain DVC-tracked data; falling through to the DVC cache path. Clean up with: find lsms_library/countries -type f -name '*.dta' -execdir test -e '{}.dvc' \; -print -delete
    df = get_dataframe(fn,convert_categoricals=convert_categoricals,encoding=encoding)

tests/test_age_dtype_consistency.py::test_age_dtype_is_float64[Burkina_Faso]
tests/test_age_dtype_consistency.py::test_age_no_negative_values[Burkina_Faso]
  /global/scratch/fsa/fc_jevons/ligon/mirrors/LSMS_Library/lsms_library/local_tools.py:1009: UserWarning: Refusing workspace copy of DVC-tracked file Burkina_Faso/2021-22/Data/s01_me_bfa2021.dta (sister .dvc sidecar exists). The package tree must not contain DVC-tracked data; falling through to the DVC cache path. Clean up with: find lsms_library/countries -type f -name '*.dta' -execdir test -e '{}.dvc' \; -print -delete
    df = get_dataframe(fn,convert_categoricals=convert_categoricals,encoding=encoding)

tests/test_age_dtype_consistency.py::test_age_dtype_is_float64[CotedIvoire]
tests/test_age_dtype_consistency.py::test_age_no_negative_values[CotedIvoire]
  /global/scratch/fsa/fc_jevons/ligon/mirrors/LSMS_Library/lsms_library/local_tools.py:1009: UserWarning: Refusing workspace copy of DVC-tracked file CotedIvoire/2018-19/Data/Menage/s01_me_CIV2018.dta (sister .dvc sidecar exists). The package tree must not contain DVC-tracked data; falling through to the DVC cache path. Clean up with: find lsms_library/countries -type f -name '*.dta' -execdir test -e '{}.dvc' \; -print -delete
    df = get_dataframe(fn,convert_categoricals=convert_categoricals,encoding=encoding)

tests/test_age_dtype_consistency.py::test_age_dtype_is_float64[Ethiopia]
tests/test_age_dtype_consistency.py::test_age_no_negative_values[Ethiopia]
  /local/job34870220/venv/lib/python3.11/site-packages/ligonlibrary/dataframes.py:435: RuntimeWarning: Issue with categorical mapping: s1q06
    warnings.warn(f"Issue with categorical mapping: {var}", RuntimeWarning)

tests/test_age_dtype_consistency.py::test_age_dtype_is_float64[GhanaLSS]
tests/test_canonical_shape_via_cache_miss.py::test_ghanalss_panel_consistency
tests/test_age_dtype_consistency.py::test_age_no_negative_values[GhanaLSS]
  /global/scratch/fsa/fc_jevons/ligon/mirrors/LSMS_Library/lsms_library/country.py:2037: UserWarning: '1'
    warnings.warn(str(error))

tests/test_age_dtype_consistency.py::test_age_dtype_is_float64[GhanaLSS]
tests/test_canonical_shape_via_cache_miss.py::test_ghanalss_panel_consistency
tests/test_age_dtype_consistency.py::test_age_no_negative_values[GhanaLSS]
  /global/scratch/fsa/fc_jevons/ligon/mirrors/LSMS_Library/lsms_library/country.py:1966: UserWarning: Makefile execution failed for GhanaLSS/1991-92 household_roster: Command '['make', '-s', '-j20', '/global/scratch/fsa/fc_jevons/ligon/mirrors/lsms_rebuild_data_v0.7.3/GhanaLSS/1991-92/_/household_roster.parquet']' returned non-zero exit status 2.
    warnings.warn(f"Makefile execution failed for {self.name}/{wave or '_'} {method_name}: {error}")

tests/test_age_dtype_consistency.py::test_age_dtype_is_float64[GhanaLSS]
tests/test_canonical_shape_via_cache_miss.py::test_ghanalss_panel_consistency
  /global/scratch/fsa/fc_jevons/ligon/mirrors/LSMS_Library/lsms_library/country.py:1966: UserWarning: Makefile execution failed for GhanaLSS/1991-92 household_roster: Command '['make', '-s', '-j20', '/global/scratch/fsa/fc_jevons/ligon/mirrors/lsms_rebuild_data_v0.7.3/GhanaLSS/var/household_roster.parquet']' returned non-zero exit status 2.
    warnings.warn(f"Makefile execution failed for {self.name}/{wave or '_'} {method_name}: {error}")

tests/test_age_dtype_consistency.py::test_age_dtype_is_float64[GhanaLSS]
tests/test_canonical_shape_via_cache_miss.py::test_ghanalss_panel_consistency
  /global/scratch/fsa/fc_jevons/ligon/mirrors/LSMS_Library/lsms_library/country.py:1966: UserWarning: Makefile execution failed for GhanaLSS/1991-92 household_roster: Command '['make', '-s', '-j20', '/global/scratch/fsa/fc_jevons/ligon/mirrors/LSMS_Library/lsms_library/countries/GhanaLSS/1991-92/_/household_roster.parquet']' returned non-zero exit status 2.
    warnings.warn(f"Makefile execution failed for {self.name}/{wave or '_'} {method_name}: {error}")

tests/test_age_dtype_consistency.py::test_age_dtype_is_float64[GhanaLSS]
tests/test_canonical_shape_via_cache_miss.py::test_ghanalss_panel_consistency
  /global/scratch/fsa/fc_jevons/ligon/mirrors/LSMS_Library/lsms_library/country.py:1966: UserWarning: Makefile execution failed for GhanaLSS/1991-92 household_roster: Command '['make', '-s', '-j20', '/global/scratch/fsa/fc_jevons/ligon/mirrors/LSMS_Library/lsms_library/countries/GhanaLSS/var/household_roster.parquet']' returned non-zero exit status 2.
    warnings.warn(f"Makefile execution failed for {self.name}/{wave or '_'} {method_name}: {error}")

tests/test_age_dtype_consistency.py::test_age_dtype_is_float64[GhanaLSS]
tests/test_canonical_shape_via_cache_miss.py::test_ghanalss_panel_consistency
  /global/scratch/fsa/fc_jevons/ligon/mirrors/LSMS_Library/lsms_library/country.py:1966: UserWarning: Makefile execution failed for GhanaLSS/1991-92 household_roster: Command '['make', '-s', '-j20', '/global/scratch/fsa/fc_jevons/ligon/mirrors/LSMS_Library/lsms_library/countries/GhanaLSS/_/household_roster.parquet']' returned non-zero exit status 2.
    warnings.warn(f"Makefile execution failed for {self.name}/{wave or '_'} {method_name}: {error}")

tests/test_age_dtype_consistency.py::test_age_dtype_is_float64[GhanaLSS]
tests/test_canonical_shape_via_cache_miss.py::test_ghanalss_panel_consistency
  /global/scratch/fsa/fc_jevons/ligon/mirrors/LSMS_Library/lsms_library/country.py:1982: UserWarning: Python fallback failed for /global/scratch/fsa/fc_jevons/ligon/mirrors/LSMS_Library/lsms_library/countries/GhanaLSS/_/household_roster.py: Command '['/local/job34870220/venv/bin/python', '/global/scratch/fsa/fc_jevons/ligon/mirrors/LSMS_Library/lsms_library/countries/GhanaLSS/_/household_roster.py']' returned non-zero exit status 1.
    warnings.warn(f"Python fallback failed for {script}: {error}")

tests/test_age_dtype_consistency.py::test_age_dtype_is_float64[Guinea-Bissau]
tests/test_age_dtype_consistency.py::test_age_no_negative_values[Guinea-Bissau]
  /global/scratch/fsa/fc_jevons/ligon/mirrors/LSMS_Library/lsms_library/local_tools.py:1009: UserWarning: Refusing workspace copy of DVC-tracked file Guinea-Bissau/2018-19/Data/s01_me_gnb2018.dta (sister .dvc sidecar exists). The package tree must not contain DVC-tracked data; falling through to the DVC cache path. Clean up with: find lsms_library/countries -type f -name '*.dta' -execdir test -e '{}.dvc' \; -print -delete
    df = get_dataframe(fn,convert_categoricals=convert_categoricals,encoding=encoding)

tests/test_age_dtype_consistency.py::test_age_dtype_is_float64[India]
tests/test_age_dtype_consistency.py::test_age_no_negative_values[India]
  /global/scratch/fsa/fc_jevons/ligon/mirrors/LSMS_Library/lsms_library/country.py:1712: UserWarning: India: waves ['1997-98'] have 100% NaN v after _join_v_from_sample; these will be silently dropped from derived tables (household_characteristics, food_expenditures, food_prices, food_quantities) by the downstream groupby.  Check i-key compatibility between the roster source and the sample table -- compare wave-level data_info.yml's `idxvars.i` on each side.  See GH #256 for context and PRs #244 / #253 / #255 for the established fix pattern.
    df = self._join_v_from_sample(df)

tests/test_age_dtype_consistency.py::test_age_dtype_is_float64[Iraq]
tests/test_age_dtype_consistency.py::test_age_no_negative_values[Iraq]
  /global/scratch/fsa/fc_jevons/ligon/mirrors/LSMS_Library/lsms_library/country.py:1712: UserWarning: Iraq: waves ['2012'] have 100% NaN v after _join_v_from_sample; these will be silently dropped from derived tables (household_characteristics, food_expenditures, food_prices, food_quantities) by the downstream groupby.  Check i-key compatibility between the roster source and the sample table -- compare wave-level data_info.yml's `idxvars.i` on each side.  See GH #256 for context and PRs #244 / #253 / #255 for the established fix pattern.
    df = self._join_v_from_sample(df)

tests/test_age_dtype_consistency.py::test_age_dtype_is_float64[Mali]
tests/test_age_dtype_consistency.py::test_age_no_negative_values[Mali]
  /global/scratch/fsa/fc_jevons/ligon/mirrors/LSMS_Library/lsms_library/local_tools.py:1009: UserWarning: Refusing workspace copy of DVC-tracked file Mali/2018-19/Data/s01_me_mli2018.dta (sister .dvc sidecar exists). The package tree must not contain DVC-tracked data; falling through to the DVC cache path. Clean up with: find lsms_library/countries -type f -name '*.dta' -execdir test -e '{}.dvc' \; -print -delete
    df = get_dataframe(fn,convert_categoricals=convert_categoricals,encoding=encoding)

tests/test_age_dtype_consistency.py::test_age_dtype_is_float64[Mali]
tests/test_age_dtype_consistency.py::test_age_no_negative_values[Mali]
  /global/scratch/fsa/fc_jevons/ligon/mirrors/LSMS_Library/lsms_library/local_tools.py:1009: UserWarning: Refusing workspace copy of DVC-tracked file Mali/2021-22/Data/s01_me_mli2021.dta (sister .dvc sidecar exists). The package tree must not contain DVC-tracked data; falling through to the DVC cache path. Clean up with: find lsms_library/countries -type f -name '*.dta' -execdir test -e '{}.dvc' \; -print -delete
    df = get_dataframe(fn,convert_categoricals=convert_categoricals,encoding=encoding)

tests/test_age_dtype_consistency.py::test_age_dtype_is_float64[Niger]
tests/test_age_dtype_consistency.py::test_age_no_negative_values[Niger]
  /global/scratch/fsa/fc_jevons/ligon/mirrors/LSMS_Library/lsms_library/local_tools.py:1009: UserWarning: Refusing workspace copy of DVC-tracked file Niger/2018-19/Data/s01_me_ner2018.dta (sister .dvc sidecar exists). The package tree must not contain DVC-tracked data; falling through to the DVC cache path. Clean up with: find lsms_library/countries -type f -name '*.dta' -execdir test -e '{}.dvc' \; -print -delete
    df = get_dataframe(fn,convert_categoricals=convert_categoricals,encoding=encoding)

tests/test_age_dtype_consistency.py::test_age_dtype_is_float64[Niger]
tests/test_age_dtype_consistency.py::test_age_no_negative_values[Niger]
  /global/scratch/fsa/fc_jevons/ligon/mirrors/LSMS_Library/lsms_library/local_tools.py:1009: UserWarning: Refusing workspace copy of DVC-tracked file Niger/2021-22/Data/s01_me_ner2021.dta (sister .dvc sidecar exists). The package tree must not contain DVC-tracked data; falling through to the DVC cache path. Clean up with: find lsms_library/countries -type f -name '*.dta' -execdir test -e '{}.dvc' \; -print -delete
    df = get_dataframe(fn,convert_categoricals=convert_categoricals,encoding=encoding)

tests/test_age_dtype_consistency.py::test_age_dtype_is_float64[Senegal]
tests/test_age_dtype_consistency.py::test_age_no_negative_values[Senegal]
  /global/scratch/fsa/fc_jevons/ligon/mirrors/LSMS_Library/lsms_library/local_tools.py:1009: UserWarning: Refusing workspace copy of DVC-tracked file Senegal/2018-19/Data/s01_me_sen2018.dta (sister .dvc sidecar exists). The package tree must not contain DVC-tracked data; falling through to the DVC cache path. Clean up with: find lsms_library/countries -type f -name '*.dta' -execdir test -e '{}.dvc' \; -print -delete
    df = get_dataframe(fn,convert_categoricals=convert_categoricals,encoding=encoding)

tests/test_age_dtype_consistency.py::test_age_dtype_is_float64[South Africa]
tests/test_age_dtype_consistency.py::test_age_no_negative_values[South Africa]
  /global/scratch/fsa/fc_jevons/ligon/mirrors/LSMS_Library/lsms_library/country.py:1741: UserWarning: Unknown relationship labels (add to kinship.yml): ['-1']
    df = _expand_kinship(df)

tests/test_age_dtype_consistency.py::test_age_dtype_is_float64[Tajikistan]
tests/test_age_dtype_consistency.py::test_age_no_negative_values[Tajikistan]
  /local/job34870220/venv/lib/python3.11/site-packages/ligonlibrary/dataframes.py:435: RuntimeWarning: Issue with categorical mapping: s1q2
    warnings.warn(f"Issue with categorical mapping: {var}", RuntimeWarning)

tests/test_age_dtype_consistency.py::test_age_dtype_is_float64[Tajikistan]
tests/test_age_dtype_consistency.py::test_age_no_negative_values[Tajikistan]
  /local/job34870220/venv/lib/python3.11/site-packages/ligonlibrary/dataframes.py:435: RuntimeWarning: Issue with categorical mapping: s1q3
    warnings.warn(f"Issue with categorical mapping: {var}", RuntimeWarning)

tests/test_age_dtype_consistency.py::test_age_dtype_is_float64[Tajikistan]
tests/test_age_dtype_consistency.py::test_age_no_negative_values[Tajikistan]
  /local/job34870220/venv/lib/python3.11/site-packages/ligonlibrary/dataframes.py:435: RuntimeWarning: Issue with categorical mapping: s1q4
    warnings.warn(f"Issue with categorical mapping: {var}", RuntimeWarning)

tests/test_age_dtype_consistency.py::test_age_dtype_is_float64[Tajikistan]
tests/test_age_dtype_consistency.py::test_age_no_negative_values[Tajikistan]
  /local/job34870220/venv/lib/python3.11/site-packages/ligonlibrary/dataframes.py:435: RuntimeWarning: Issue with categorical mapping: s1q7
    warnings.warn(f"Issue with categorical mapping: {var}", RuntimeWarning)

tests/test_age_dtype_consistency.py::test_age_dtype_is_float64[Tajikistan]
tests/test_age_dtype_consistency.py::test_age_no_negative_values[Tajikistan]
  /local/job34870220/venv/lib/python3.11/site-packages/ligonlibrary/dataframes.py:435: RuntimeWarning: Issue with categorical mapping: s1q10
    warnings.warn(f"Issue with categorical mapping: {var}", RuntimeWarning)

tests/test_age_dtype_consistency.py::test_age_dtype_is_float64[Tajikistan]
tests/test_age_dtype_consistency.py::test_age_no_negative_values[Tajikistan]
  /local/job34870220/venv/lib/python3.11/site-packages/ligonlibrary/dataframes.py:435: RuntimeWarning: Issue with categorical mapping: s1q11
    warnings.warn(f"Issue with categorical mapping: {var}", RuntimeWarning)

tests/test_age_dtype_consistency.py::test_age_dtype_is_float64[Tajikistan]
tests/test_age_dtype_consistency.py::test_age_no_negative_values[Tajikistan]
  /local/job34870220/venv/lib/python3.11/site-packages/ligonlibrary/dataframes.py:435: RuntimeWarning: Issue with categorical mapping: isabel
    warnings.warn(f"Issue with categorical mapping: {var}", RuntimeWarning)

tests/test_age_dtype_consistency.py::test_age_dtype_is_float64[Togo]
tests/test_age_dtype_consistency.py::test_age_no_negative_values[Togo]
  /global/scratch/fsa/fc_jevons/ligon/mirrors/LSMS_Library/lsms_library/local_tools.py:1009: UserWarning: Refusing workspace copy of DVC-tracked file Togo/2018/Data1/s01_me_tgo2018.dta (sister .dvc sidecar exists). The package tree must not contain DVC-tracked data; falling through to the DVC cache path. Clean up with: find lsms_library/countries -type f -name '*.dta' -execdir test -e '{}.dvc' \; -print -delete
    df = get_dataframe(fn,convert_categoricals=convert_categoricals,encoding=encoding)

-- Docs: https://docs.pytest.org/en/stable/how-to/capture-warnings.html
=========================== short test summary info ============================
FAILED tests/test_uganda_v_grain_invariants.py::TestSilentHHDropWarns::test_warning_emitted_with_per_wave_breakdown
FAILED tests/test_sample.py::TestSample::test_covers_all_waves[EthiopiaRHS]
2 failed, 1032 passed, 136 skipped, 10 xfailed, 1 xpassed, 225 warnings in 1436.06s (0:23:56)
=== pytest exit=1  Fri Jun  5 07:22:40 PDT 2026 ===
